2025-03-10 23:46:34.350 [info] [main] Log level: Info
2025-03-10 23:46:34.350 [info] [main] Validating found git in: "git"
2025-03-10 23:46:34.350 [info] [main] Using git "2.40.1" from "git"
2025-03-10 23:46:34.350 [info] [Model][doInitialScan] Initial repository scan started
2025-03-10 23:46:34.350 [info] > git rev-parse --show-toplevel [165ms]
2025-03-10 23:46:34.356 [info] > git rev-parse --git-dir --git-common-dir [146ms]
2025-03-10 23:46:34.421 [info] [Model][openRepository] Opened repository: /root
2025-03-10 23:46:34.623 [info] > git rev-parse --show-toplevel [160ms]
2025-03-10 23:46:34.625 [info] > git config --get commit.template [178ms]
2025-03-10 23:46:34.865 [info] > git for-each-ref --format=%(refname)%00%(upstream:short)%00%(objectname)%00%(upstream:track)%00%(upstream:remotename)%00%(upstream:remoteref) refs/heads/main refs/remotes/main [174ms]
2025-03-10 23:46:34.944 [info] > git rev-parse --show-toplevel [47ms]
2025-03-10 23:46:35.061 [info] > git rev-parse --show-toplevel [80ms]
2025-03-10 23:46:35.184 [info] > git for-each-ref --sort -committerdate --format %(refname) %(objectname) %(*objectname) [131ms]
2025-03-10 23:46:35.240 [info] > git rev-parse --show-toplevel [57ms]
2025-03-10 23:46:35.287 [info] > git fetch [854ms]
2025-03-10 23:46:35.417 [info] > git status -z -uall [393ms] (cancelled)
2025-03-10 23:46:35.418 [info] > git for-each-ref --format=%(refname)%00%(upstream:short)%00%(objectname)%00%(upstream:track)%00%(upstream:remotename)%00%(upstream:remoteref) refs/heads/main refs/remotes/main [83ms]
2025-03-10 23:46:35.464 [info] > git rev-parse --show-toplevel [191ms]
2025-03-10 23:46:35.489 [info] > git check-ignore -v -z --stdin [271ms]
2025-03-10 23:46:35.509 [info] > git config --get commit.template [103ms]
2025-03-10 23:46:35.510 [info] > git config --get commit.template [116ms]
2025-03-10 23:46:35.576 [info] > git rev-parse --show-toplevel [89ms]
2025-03-10 23:46:35.583 [info] > git config --get --local branch.main.vscode-merge-base [120ms]
2025-03-10 23:46:35.584 [warning] [Git][config] git config failed: Failed to execute git
2025-03-10 23:46:35.694 [info] > git for-each-ref --format=%(refname)%00%(upstream:short)%00%(objectname)%00%(upstream:track)%00%(upstream:remotename)%00%(upstream:remoteref) refs/heads/main refs/remotes/main [41ms]
2025-03-10 23:46:35.712 [info] > git for-each-ref --format=%(refname)%00%(upstream:short)%00%(objectname)%00%(upstream:track)%00%(upstream:remotename)%00%(upstream:remoteref) refs/heads/main refs/remotes/main [75ms]
2025-03-10 23:46:35.723 [info] > git reflog main --grep-reflog=branch: Created from *. [124ms]
2025-03-10 23:46:35.745 [info] > git rev-parse --show-toplevel [58ms]
2025-03-10 23:46:36.852 [info] > git log --format=%H%n%aN%n%aE%n%at%n%ct%n%P%n%D%n%B -z -n51 --shortstat --follow -- /root/2025/connect-the-dot/public/index.html [2063ms]
2025-03-10 23:46:36.980 [info] > git symbolic-ref --short refs/remotes/origin/HEAD [1245ms]
2025-03-10 23:46:36.980 [info] fatal: ref refs/remotes/origin/HEAD is not a symbolic ref
2025-03-10 23:46:36.980 [warning] [Repository][getDefaultBranch] Failed to get default branch details: Failed to execute git.
2025-03-10 23:46:37.144 [info] > git hash-object -t tree /dev/null [164ms]
2025-03-10 23:46:37.162 [info] > git rev-parse --show-toplevel [408ms]
2025-03-10 23:46:37.320 [info] > git merge-base refs/heads/main refs/remotes/origin/main [262ms]
2025-03-10 23:46:37.334 [info] > git for-each-ref --sort -committerdate --format %(refname) %(objectname) %(*objectname) [306ms]
2025-03-10 23:46:37.339 [info] > git merge-base refs/heads/main refs/remotes/origin/main [342ms]
2025-03-10 23:46:37.517 [info] > git diff --name-status -z --diff-filter=ADMR 2c88edd48e1f8eff6838c8c0b5570d2b3ce4ba8d...refs/remotes/origin/main [184ms]
2025-03-10 23:46:37.535 [info] > git rev-parse --show-toplevel [350ms]
2025-03-10 23:46:37.536 [info] > git rev-list origin/main..main [375ms]
2025-03-10 23:46:37.584 [info] > git diff --name-status -z --diff-filter=ADMR 2c88edd48e1f8eff6838c8c0b5570d2b3ce4ba8d...refs/remotes/origin/main [233ms]
2025-03-10 23:46:37.629 [info] > git rev-parse --show-toplevel [51ms]
2025-03-10 23:46:39.077 [info] > git status -z -uall [2068ms]
2025-03-10 23:46:39.223 [info] > git rev-parse --show-toplevel [1576ms]
2025-03-10 23:46:39.478 [info] > git rev-parse --show-toplevel [233ms]
2025-03-10 23:46:39.582 [info] > git rev-parse --show-toplevel [62ms]
2025-03-10 23:46:39.606 [info] [Model][doInitialScan] Initial repository scan completed - repositories (1), closed repositories (0), parent repositories (0), unsafe repositories (0)
2025-03-10 23:46:39.733 [info] > git show --textconv :2025/connect-the-dot/public/index.html [99ms]
2025-03-10 23:46:39.760 [info] > git ls-files --stage -- 2025/connect-the-dot/public/index.html [94ms]
2025-03-10 23:46:40.537 [info] > git cat-file -s 2036a95a1e2ad6a559696f3fcc7f763eaa7d905a [760ms]
2025-03-10 23:46:40.721 [info] > git blame --root --incremental bbe70dc5b0f28b4054541ff4338dcebcd2e0b532 -- 2025/connect-the-dot/public/index.html [25ms]
2025-03-10 23:46:46.855 [info] > git config --get commit.template [8ms]
2025-03-10 23:46:46.861 [info] > git for-each-ref --format=%(refname)%00%(upstream:short)%00%(objectname)%00%(upstream:track)%00%(upstream:remotename)%00%(upstream:remoteref) refs/heads/main refs/remotes/main [9ms]
2025-03-10 23:46:46.882 [info] > git for-each-ref --sort -committerdate --format %(refname) %(objectname) %(*objectname) [9ms]
2025-03-10 23:46:47.164 [info] > git status -z -uall [298ms]
2025-03-10 23:46:50.989 [info] > git check-ignore -v -z --stdin [16ms]
2025-03-10 23:46:53.852 [info] > git config --get commit.template [11ms]
2025-03-10 23:46:53.857 [info] > git for-each-ref --format=%(refname)%00%(upstream:short)%00%(objectname)%00%(upstream:track)%00%(upstream:remotename)%00%(upstream:remoteref) refs/heads/main refs/remotes/main [7ms]
2025-03-10 23:46:53.881 [info] > git for-each-ref --sort -committerdate --format %(refname) %(objectname) %(*objectname) [6ms]
2025-03-10 23:46:54.144 [info] > git status -z -uall [281ms]
2025-03-10 23:46:54.203 [info] > git check-ignore -v -z --stdin [13ms]
2025-03-10 23:46:59.169 [info] > git config --get commit.template [11ms]
2025-03-10 23:46:59.173 [info] > git for-each-ref --format=%(refname)%00%(upstream:short)%00%(objectname)%00%(upstream:track)%00%(upstream:remotename)%00%(upstream:remoteref) refs/heads/main refs/remotes/main [7ms]
2025-03-10 23:46:59.202 [info] > git for-each-ref --sort -committerdate --format %(refname) %(objectname) %(*objectname) [12ms]
2025-03-10 23:46:59.466 [info] > git status -z -uall [286ms]
2025-03-10 23:47:02.645 [info] > git check-ignore -v -z --stdin [17ms]
2025-03-10 23:47:04.486 [info] > git config --get commit.template [7ms]
2025-03-10 23:47:04.489 [info] > git for-each-ref --format=%(refname)%00%(upstream:short)%00%(objectname)%00%(upstream:track)%00%(upstream:remotename)%00%(upstream:remoteref) refs/heads/main refs/remotes/main [5ms]
2025-03-10 23:47:04.521 [info] > git for-each-ref --sort -committerdate --format %(refname) %(objectname) %(*objectname) [8ms]
2025-03-10 23:47:04.715 [info] > git status -z -uall [212ms]
2025-03-10 23:48:04.190 [info] > git config --get commit.template [28ms]
2025-03-10 23:48:04.195 [info] > git for-each-ref --format=%(refname)%00%(upstream:short)%00%(objectname)%00%(upstream:track)%00%(upstream:remotename)%00%(upstream:remoteref) refs/heads/main refs/remotes/main [8ms]
2025-03-10 23:48:04.241 [info] > git for-each-ref --sort -committerdate --format %(refname) %(objectname) %(*objectname) [9ms]
2025-03-10 23:48:04.499 [info] > git status -z -uall [281ms]
2025-03-10 23:48:08.620 [info] > git check-ignore -v -z --stdin [27ms]
2025-03-10 23:48:09.528 [info] > git config --get commit.template [10ms]
2025-03-10 23:48:09.533 [info] > git for-each-ref --format=%(refname)%00%(upstream:short)%00%(objectname)%00%(upstream:track)%00%(upstream:remotename)%00%(upstream:remoteref) refs/heads/main refs/remotes/main [7ms]
2025-03-10 23:48:09.624 [info] > git for-each-ref --sort -committerdate --format %(refname) %(objectname) %(*objectname) [65ms]
2025-03-10 23:48:09.788 [info] > git status -z -uall [241ms]
2025-03-10 23:54:42.775 [info] > git config --get commit.template [14ms]
2025-03-10 23:54:42.781 [info] > git for-each-ref --format=%(refname)%00%(upstream:short)%00%(objectname)%00%(upstream:track)%00%(upstream:remotename)%00%(upstream:remoteref) refs/heads/main refs/remotes/main [7ms]
2025-03-10 23:54:42.815 [info] > git for-each-ref --sort -committerdate --format %(refname) %(objectname) %(*objectname) [9ms]
2025-03-10 23:54:43.066 [info] > git status -z -uall [276ms]
2025-03-10 23:54:43.231 [info] > git fetch [483ms]
2025-03-10 23:54:43.231 [info] ERROR: We're doing an SSH key audit.
Reason: unverified automatically (private key found in a public repository)
Please visit https://github.com/settings/keys/118392686 to approve this key so we know it's safe.

Fingerprint:
SHA256:XCUdw5eXGITLQRAZYAenmjC5lagUMVzApP6l9bBTBhQ

fatal: Could not read from remote repository.

Please make sure you have the correct access rights
and the repository exists.
2025-03-10 23:54:43.242 [info] > git config --get commit.template [6ms]
2025-03-10 23:54:43.245 [info] > git for-each-ref --format=%(refname)%00%(upstream:short)%00%(objectname)%00%(upstream:track)%00%(upstream:remotename)%00%(upstream:remoteref) refs/heads/main refs/remotes/main [4ms]
2025-03-10 23:54:43.264 [info] > git for-each-ref --sort -committerdate --format %(refname) %(objectname) %(*objectname) [3ms]
2025-03-10 23:54:43.464 [info] > git status -z -uall [214ms]
2025-03-10 23:54:44.085 [info] > git ls-files --stage -- 2025/connect-the-dot/public/index.html [19ms]
2025-03-10 23:54:44.095 [info] > git cat-file -s 2036a95a1e2ad6a559696f3fcc7f763eaa7d905a [4ms]
2025-03-10 23:54:44.131 [info] > git show --textconv :2025/connect-the-dot/public/index.html [13ms]
2025-03-10 23:54:45.346 [info] > git rev-list --count 1d28a3445bf4e4695fb1ca06fb22775d7ab7a8d3.. -- /root/2025/connect-the-dot/public/index.html [4ms]
2025-03-10 23:54:45.505 [info] > git log --format=%H%n%aN%n%aE%n%at%n%ct%n%P%n%D%n%B -z -n3 --shortstat --follow -- /root/2025/connect-the-dot/public/index.html [156ms]
2025-03-10 23:54:45.513 [info] > git rev-list origin/main..main [3ms]
2025-03-10 23:54:48.087 [info] > git config --get commit.template [6ms]
2025-03-10 23:54:48.090 [info] > git for-each-ref --format=%(refname)%00%(upstream:short)%00%(objectname)%00%(upstream:track)%00%(upstream:remotename)%00%(upstream:remoteref) refs/heads/main refs/remotes/main [4ms]
2025-03-10 23:54:48.109 [info] > git for-each-ref --sort -committerdate --format %(refname) %(objectname) %(*objectname) [9ms]
2025-03-10 23:54:48.260 [info] > git status -z -uall [166ms]
2025-03-10 23:54:53.278 [info] > git config --get commit.template [7ms]
2025-03-10 23:54:53.282 [info] > git for-each-ref --format=%(refname)%00%(upstream:short)%00%(objectname)%00%(upstream:track)%00%(upstream:remotename)%00%(upstream:remoteref) refs/heads/main refs/remotes/main [4ms]
2025-03-10 23:54:53.301 [info] > git for-each-ref --sort -committerdate --format %(refname) %(objectname) %(*objectname) [8ms]
2025-03-10 23:54:53.465 [info] > git status -z -uall [178ms]
2025-03-10 23:54:58.481 [info] > git config --get commit.template [8ms]
2025-03-10 23:54:58.484 [info] > git for-each-ref --format=%(refname)%00%(upstream:short)%00%(objectname)%00%(upstream:track)%00%(upstream:remotename)%00%(upstream:remoteref) refs/heads/main refs/remotes/main [4ms]
2025-03-10 23:54:58.500 [info] > git for-each-ref --sort -committerdate --format %(refname) %(objectname) %(*objectname) [4ms]
2025-03-10 23:54:58.636 [info] > git status -z -uall [148ms]
2025-03-10 23:58:27.684 [info] > git config --get commit.template [14ms]
2025-03-10 23:58:27.691 [info] > git for-each-ref --format=%(refname)%00%(upstream:short)%00%(objectname)%00%(upstream:track)%00%(upstream:remotename)%00%(upstream:remoteref) refs/heads/main refs/remotes/main [9ms]
2025-03-10 23:58:27.727 [info] > git for-each-ref --sort -committerdate --format %(refname) %(objectname) %(*objectname) [6ms]
2025-03-10 23:58:27.935 [info] > git status -z -uall [229ms]
2025-03-10 23:58:28.200 [info] > git fetch [546ms]
2025-03-10 23:58:28.201 [info] ERROR: We're doing an SSH key audit.
Reason: unverified automatically (private key found in a public repository)
Please visit https://github.com/settings/keys/118392686 to approve this key so we know it's safe.

Fingerprint:
SHA256:XCUdw5eXGITLQRAZYAenmjC5lagUMVzApP6l9bBTBhQ

fatal: Could not read from remote repository.

Please make sure you have the correct access rights
and the repository exists.
2025-03-10 23:58:28.212 [info] > git config --get commit.template [7ms]
2025-03-10 23:58:28.216 [info] > git for-each-ref --format=%(refname)%00%(upstream:short)%00%(objectname)%00%(upstream:track)%00%(upstream:remotename)%00%(upstream:remoteref) refs/heads/main refs/remotes/main [4ms]
2025-03-10 23:58:28.240 [info] > git for-each-ref --sort -committerdate --format %(refname) %(objectname) %(*objectname) [7ms]
2025-03-10 23:58:28.368 [info] > git rev-list --count 1d28a3445bf4e4695fb1ca06fb22775d7ab7a8d3.. -- /root/2025/connect-the-dot/public/index.html [11ms]
2025-03-10 23:58:28.488 [info] > git status -z -uall [267ms]
2025-03-10 23:58:28.633 [info] > git log --format=%H%n%aN%n%aE%n%at%n%ct%n%P%n%D%n%B -z -n3 --shortstat --follow -- /root/2025/connect-the-dot/public/index.html [259ms]
2025-03-10 23:58:28.641 [info] > git rev-list origin/main..main [3ms]
2025-03-10 23:58:28.964 [info] > git ls-files --stage -- 2025/connect-the-dot/public/index.html [14ms]
2025-03-10 23:58:28.977 [info] > git cat-file -s 2036a95a1e2ad6a559696f3fcc7f763eaa7d905a [9ms]
2025-03-10 23:58:29.036 [info] > git show --textconv :2025/connect-the-dot/public/index.html [10ms]
2025-03-10 23:58:32.956 [info] > git config --get commit.template [10ms]
2025-03-10 23:58:32.961 [info] > git for-each-ref --format=%(refname)%00%(upstream:short)%00%(objectname)%00%(upstream:track)%00%(upstream:remotename)%00%(upstream:remoteref) refs/heads/main refs/remotes/main [6ms]
2025-03-10 23:58:32.995 [info] > git for-each-ref --sort -committerdate --format %(refname) %(objectname) %(*objectname) [18ms]
2025-03-10 23:58:33.187 [info] > git status -z -uall [220ms]
2025-03-10 23:59:05.227 [info] > git config --get commit.template [6ms]
2025-03-10 23:59:05.231 [info] > git for-each-ref --format=%(refname)%00%(upstream:short)%00%(objectname)%00%(upstream:track)%00%(upstream:remotename)%00%(upstream:remoteref) refs/heads/main refs/remotes/main [5ms]
2025-03-10 23:59:05.252 [info] > git for-each-ref --sort -committerdate --format %(refname) %(objectname) %(*objectname) [3ms]
2025-03-10 23:59:05.478 [info] > git status -z -uall [240ms]
2025-03-11 00:07:42.107 [info] > git config --get commit.template [7ms]
2025-03-11 00:07:42.112 [info] > git for-each-ref --format=%(refname)%00%(upstream:short)%00%(objectname)%00%(upstream:track)%00%(upstream:remotename)%00%(upstream:remoteref) refs/heads/main refs/remotes/main [6ms]
2025-03-11 00:07:42.143 [info] > git for-each-ref --sort -committerdate --format %(refname) %(objectname) %(*objectname) [8ms]
2025-03-11 00:07:42.294 [info] > git status -z -uall [169ms]
2025-03-11 00:07:42.490 [info] > git fetch [399ms]
2025-03-11 00:07:42.490 [info] ERROR: We're doing an SSH key audit.
Reason: unverified automatically (private key found in a public repository)
Please visit https://github.com/settings/keys/118392686 to approve this key so we know it's safe.

Fingerprint:
SHA256:XCUdw5eXGITLQRAZYAenmjC5lagUMVzApP6l9bBTBhQ

fatal: Could not read from remote repository.

Please make sure you have the correct access rights
and the repository exists.
2025-03-11 00:07:42.500 [info] > git config --get commit.template [6ms]
2025-03-11 00:07:42.503 [info] > git for-each-ref --format=%(refname)%00%(upstream:short)%00%(objectname)%00%(upstream:track)%00%(upstream:remotename)%00%(upstream:remoteref) refs/heads/main refs/remotes/main [5ms]
2025-03-11 00:07:42.519 [info] > git for-each-ref --sort -committerdate --format %(refname) %(objectname) %(*objectname) [7ms]
2025-03-11 00:07:42.658 [info] > git status -z -uall [151ms]
2025-03-11 00:07:42.773 [info] > git rev-list --count 1d28a3445bf4e4695fb1ca06fb22775d7ab7a8d3.. -- /root/2025/connect-the-dot/public/index.html [4ms]
2025-03-11 00:07:42.927 [info] > git log --format=%H%n%aN%n%aE%n%at%n%ct%n%P%n%D%n%B -z -n3 --shortstat --follow -- /root/2025/connect-the-dot/public/index.html [151ms]
2025-03-11 00:07:42.935 [info] > git rev-list origin/main..main [3ms]
2025-03-11 00:07:43.396 [info] > git ls-files --stage -- 2025/connect-the-dot/public/index.html [19ms]
2025-03-11 00:07:43.402 [info] > git cat-file -s 2036a95a1e2ad6a559696f3fcc7f763eaa7d905a [2ms]
2025-03-11 00:07:43.433 [info] > git show --textconv :2025/connect-the-dot/public/index.html [8ms]
2025-03-11 00:07:47.315 [info] > git config --get commit.template [9ms]
2025-03-11 00:07:47.318 [info] > git for-each-ref --format=%(refname)%00%(upstream:short)%00%(objectname)%00%(upstream:track)%00%(upstream:remotename)%00%(upstream:remoteref) refs/heads/main refs/remotes/main [4ms]
2025-03-11 00:07:47.336 [info] > git for-each-ref --sort -committerdate --format %(refname) %(objectname) %(*objectname) [7ms]
2025-03-11 00:07:47.502 [info] > git status -z -uall [180ms]
2025-03-11 00:08:26.385 [info] > git config --get commit.template [11ms]
2025-03-11 00:08:26.390 [info] > git for-each-ref --format=%(refname)%00%(upstream:short)%00%(objectname)%00%(upstream:track)%00%(upstream:remotename)%00%(upstream:remoteref) refs/heads/main refs/remotes/main [6ms]
2025-03-11 00:08:26.408 [info] > git for-each-ref --sort -committerdate --format %(refname) %(objectname) %(*objectname) [8ms]
2025-03-11 00:08:26.556 [info] > git status -z -uall [162ms]
2025-03-11 00:08:45.175 [info] > git config --get commit.template [6ms]
2025-03-11 00:08:45.178 [info] > git for-each-ref --format=%(refname)%00%(upstream:short)%00%(objectname)%00%(upstream:track)%00%(upstream:remotename)%00%(upstream:remoteref) refs/heads/main refs/remotes/main [4ms]
2025-03-11 00:08:45.194 [info] > git for-each-ref --sort -committerdate --format %(refname) %(objectname) %(*objectname) [6ms]
2025-03-11 00:08:45.348 [info] > git status -z -uall [167ms]
2025-03-11 00:08:45.951 [info] > git check-ignore -v -z --stdin [25ms]
2025-03-11 00:09:04.040 [info] > git config --get commit.template [36ms]
2025-03-11 00:09:04.041 [info] > git for-each-ref --format=%(refname)%00%(upstream:short)%00%(objectname)%00%(upstream:track)%00%(upstream:remotename)%00%(upstream:remoteref) refs/heads/main refs/remotes/main [25ms]
2025-03-11 00:09:04.111 [info] > git for-each-ref --sort -committerdate --format %(refname) %(objectname) %(*objectname) [28ms]
2025-03-11 00:09:04.959 [info] > git status -z -uall [895ms]
2025-03-11 00:09:10.027 [info] > git config --get commit.template [9ms]
2025-03-11 00:09:10.032 [info] > git for-each-ref --format=%(refname)%00%(upstream:short)%00%(objectname)%00%(upstream:track)%00%(upstream:remotename)%00%(upstream:remoteref) refs/heads/main refs/remotes/main [5ms]
2025-03-11 00:09:10.055 [info] > git for-each-ref --sort -committerdate --format %(refname) %(objectname) %(*objectname) [9ms]
2025-03-11 00:09:10.289 [info] > git status -z -uall [252ms]
2025-03-11 00:09:14.434 [info] > git check-ignore -v -z --stdin [11ms]
2025-03-11 00:09:15.309 [info] > git config --get commit.template [9ms]
2025-03-11 00:09:15.313 [info] > git for-each-ref --format=%(refname)%00%(upstream:short)%00%(objectname)%00%(upstream:track)%00%(upstream:remotename)%00%(upstream:remoteref) refs/heads/main refs/remotes/main [5ms]
2025-03-11 00:09:15.338 [info] > git for-each-ref --sort -committerdate --format %(refname) %(objectname) %(*objectname) [8ms]
2025-03-11 00:09:15.553 [info] > git status -z -uall [233ms]
2025-03-11 00:09:20.574 [info] > git config --get commit.template [6ms]
2025-03-11 00:09:20.577 [info] > git for-each-ref --format=%(refname)%00%(upstream:short)%00%(objectname)%00%(upstream:track)%00%(upstream:remotename)%00%(upstream:remoteref) refs/heads/main refs/remotes/main [3ms]
2025-03-11 00:09:20.594 [info] > git for-each-ref --sort -committerdate --format %(refname) %(objectname) %(*objectname) [6ms]
2025-03-11 00:09:20.738 [info] > git status -z -uall [157ms]
2025-03-11 00:09:22.422 [info] > git check-ignore -v -z --stdin [18ms]
2025-03-11 00:09:24.882 [info] > git check-ignore -v -z --stdin [20ms]
2025-03-11 00:09:25.754 [info] > git config --get commit.template [7ms]
2025-03-11 00:09:25.757 [info] > git for-each-ref --format=%(refname)%00%(upstream:short)%00%(objectname)%00%(upstream:track)%00%(upstream:remotename)%00%(upstream:remoteref) refs/heads/main refs/remotes/main [4ms]
2025-03-11 00:09:25.776 [info] > git for-each-ref --sort -committerdate --format %(refname) %(objectname) %(*objectname) [7ms]
2025-03-11 00:09:25.978 [info] > git status -z -uall [216ms]
2025-03-11 00:09:27.543 [info] > git check-ignore -v -z --stdin [52ms]
2025-03-11 00:09:30.994 [info] > git config --get commit.template [5ms]
2025-03-11 00:09:30.998 [info] > git for-each-ref --format=%(refname)%00%(upstream:short)%00%(objectname)%00%(upstream:track)%00%(upstream:remotename)%00%(upstream:remoteref) refs/heads/main refs/remotes/main [5ms]
2025-03-11 00:09:31.016 [info] > git for-each-ref --sort -committerdate --format %(refname) %(objectname) %(*objectname) [3ms]
2025-03-11 00:09:31.222 [info] > git status -z -uall [220ms]
2025-03-11 00:09:36.236 [info] > git config --get commit.template [5ms]
2025-03-11 00:09:36.239 [info] > git for-each-ref --format=%(refname)%00%(upstream:short)%00%(objectname)%00%(upstream:track)%00%(upstream:remotename)%00%(upstream:remoteref) refs/heads/main refs/remotes/main [3ms]
2025-03-11 00:09:36.255 [info] > git for-each-ref --sort -committerdate --format %(refname) %(objectname) %(*objectname) [7ms]
2025-03-11 00:09:36.397 [info] > git status -z -uall [155ms]
2025-03-11 00:09:41.410 [info] > git config --get commit.template [4ms]
2025-03-11 00:09:41.412 [info] > git for-each-ref --format=%(refname)%00%(upstream:short)%00%(objectname)%00%(upstream:track)%00%(upstream:remotename)%00%(upstream:remoteref) refs/heads/main refs/remotes/main [3ms]
2025-03-11 00:09:41.431 [info] > git for-each-ref --sort -committerdate --format %(refname) %(objectname) %(*objectname) [6ms]
2025-03-11 00:09:41.565 [info] > git status -z -uall [150ms]
2025-03-11 00:09:46.582 [info] > git config --get commit.template [6ms]
2025-03-11 00:09:46.585 [info] > git for-each-ref --format=%(refname)%00%(upstream:short)%00%(objectname)%00%(upstream:track)%00%(upstream:remotename)%00%(upstream:remoteref) refs/heads/main refs/remotes/main [4ms]
2025-03-11 00:09:46.605 [info] > git for-each-ref --sort -committerdate --format %(refname) %(objectname) %(*objectname) [8ms]
2025-03-11 00:09:46.757 [info] > git status -z -uall [168ms]
2025-03-11 00:10:01.089 [info] > git check-ignore -v -z --stdin [9ms]
2025-03-11 00:10:01.854 [info] > git check-ignore -v -z --stdin [85ms]
2025-03-11 00:10:03.742 [info] > git config --get commit.template [17ms]
2025-03-11 00:10:03.756 [info] > git for-each-ref --format=%(refname)%00%(upstream:short)%00%(objectname)%00%(upstream:track)%00%(upstream:remotename)%00%(upstream:remoteref) refs/heads/main refs/remotes/main [15ms]
2025-03-11 00:10:04.379 [info] > git for-each-ref --sort -committerdate --format %(refname) %(objectname) %(*objectname) [241ms]
2025-03-11 00:10:05.193 [info] > git status -z -uall [1088ms]
2025-03-11 00:10:05.193 [info] > git show --textconv :package.json [716ms]
2025-03-11 00:10:05.194 [info] > git ls-files --stage -- package.json [692ms]
2025-03-11 00:10:05.276 [info] > git cat-file -s c0e7e30188df3c82190d3e95e9fe3885051420a5 [26ms]
2025-03-11 00:10:06.553 [info] > git log --format=%H%n%aN%n%aE%n%at%n%ct%n%P%n%D%n%B -z -n51 --shortstat --follow -- /root/package.json [2323ms]
2025-03-11 00:10:06.591 [info] > git rev-list origin/main..main [21ms]
2025-03-11 00:10:07.879 [info] > git show --textconv :package-lock.json [1242ms]
2025-03-11 00:10:07.880 [info] > git log --format=%H%n%aN%n%aE%n%at%n%ct%n%P%n%D%n%B -z -n51 --shortstat --follow -- /root/package-lock.json [1334ms]
2025-03-11 00:10:07.882 [info] > git ls-files --stage -- package-lock.json [1216ms]
2025-03-11 00:10:08.005 [info] > git cat-file -s df23f745af8f3f084ce869b84d7bcfa7a8b46eb8 [71ms]
2025-03-11 00:10:09.321 [info] > git blame --root --incremental bbe70dc5b0f28b4054541ff4338dcebcd2e0b532 -- package-lock.json [5ms]
2025-03-11 00:10:10.283 [info] > git config --get commit.template [10ms]
2025-03-11 00:10:10.290 [info] > git for-each-ref --format=%(refname)%00%(upstream:short)%00%(objectname)%00%(upstream:track)%00%(upstream:remotename)%00%(upstream:remoteref) refs/heads/main refs/remotes/main [9ms]
2025-03-11 00:10:10.314 [info] > git for-each-ref --sort -committerdate --format %(refname) %(objectname) %(*objectname) [9ms]
2025-03-11 00:10:10.526 [info] > git status -z -uall [230ms]
2025-03-11 00:10:56.342 [info] > git config --get commit.template [8ms]
2025-03-11 00:10:56.346 [info] > git for-each-ref --format=%(refname)%00%(upstream:short)%00%(objectname)%00%(upstream:track)%00%(upstream:remotename)%00%(upstream:remoteref) refs/heads/main refs/remotes/main [4ms]
2025-03-11 00:10:56.372 [info] > git for-each-ref --sort -committerdate --format %(refname) %(objectname) %(*objectname) [8ms]
2025-03-11 00:10:56.547 [info] > git status -z -uall [194ms]
2025-03-11 00:10:56.846 [info] > git fetch [522ms]
2025-03-11 00:10:56.846 [info] ERROR: We're doing an SSH key audit.
Reason: unverified automatically (private key found in a public repository)
Please visit https://github.com/settings/keys/118392686 to approve this key so we know it's safe.

Fingerprint:
SHA256:XCUdw5eXGITLQRAZYAenmjC5lagUMVzApP6l9bBTBhQ

fatal: Could not read from remote repository.

Please make sure you have the correct access rights
and the repository exists.
2025-03-11 00:10:56.864 [info] > git config --get commit.template [12ms]
2025-03-11 00:10:56.869 [info] > git for-each-ref --format=%(refname)%00%(upstream:short)%00%(objectname)%00%(upstream:track)%00%(upstream:remotename)%00%(upstream:remoteref) refs/heads/main refs/remotes/main [6ms]
2025-03-11 00:10:56.899 [info] > git for-each-ref --sort -committerdate --format %(refname) %(objectname) %(*objectname) [9ms]
2025-03-11 00:10:57.036 [info] > git rev-list --count 1d28a3445bf4e4695fb1ca06fb22775d7ab7a8d3.. -- /root/package-lock.json [10ms]
2025-03-11 00:10:57.257 [info] > git status -z -uall [382ms]
2025-03-11 00:10:57.428 [info] > git log --format=%H%n%aN%n%aE%n%at%n%ct%n%P%n%D%n%B -z -n2 --shortstat --follow -- /root/package-lock.json [381ms]
2025-03-11 00:10:57.440 [info] > git rev-list origin/main..main [5ms]
2025-03-11 00:10:57.637 [info] > git ls-files --stage -- package-lock.json [12ms]
2025-03-11 00:10:57.646 [info] > git cat-file -s df23f745af8f3f084ce869b84d7bcfa7a8b46eb8 [4ms]
2025-03-11 00:10:57.686 [info] > git show --textconv :package-lock.json [13ms]
2025-03-11 00:11:01.566 [info] > git config --get commit.template [7ms]
2025-03-11 00:11:01.569 [info] > git for-each-ref --format=%(refname)%00%(upstream:short)%00%(objectname)%00%(upstream:track)%00%(upstream:remotename)%00%(upstream:remoteref) refs/heads/main refs/remotes/main [4ms]
2025-03-11 00:11:01.599 [info] > git for-each-ref --sort -committerdate --format %(refname) %(objectname) %(*objectname) [14ms]
2025-03-11 00:11:01.796 [info] > git status -z -uall [222ms]
2025-03-11 00:11:06.819 [info] > git config --get commit.template [7ms]
2025-03-11 00:11:06.822 [info] > git for-each-ref --format=%(refname)%00%(upstream:short)%00%(objectname)%00%(upstream:track)%00%(upstream:remotename)%00%(upstream:remoteref) refs/heads/main refs/remotes/main [4ms]
2025-03-11 00:11:06.843 [info] > git for-each-ref --sort -committerdate --format %(refname) %(objectname) %(*objectname) [7ms]
2025-03-11 00:11:06.984 [info] > git status -z -uall [156ms]
2025-03-11 00:11:12.008 [info] > git config --get commit.template [8ms]
2025-03-11 00:11:12.013 [info] > git for-each-ref --format=%(refname)%00%(upstream:short)%00%(objectname)%00%(upstream:track)%00%(upstream:remotename)%00%(upstream:remoteref) refs/heads/main refs/remotes/main [5ms]
2025-03-11 00:11:12.045 [info] > git for-each-ref --sort -committerdate --format %(refname) %(objectname) %(*objectname) [16ms]
2025-03-11 00:11:12.261 [info] > git status -z -uall [243ms]
2025-03-11 00:11:12.448 [info] > git check-ignore -v -z --stdin [11ms]
2025-03-11 00:23:31.774 [info] > git config --get commit.template [12ms]
2025-03-11 00:23:31.779 [info] > git for-each-ref --format=%(refname)%00%(upstream:short)%00%(objectname)%00%(upstream:track)%00%(upstream:remotename)%00%(upstream:remoteref) refs/heads/main refs/remotes/main [6ms]
2025-03-11 00:23:31.812 [info] > git for-each-ref --sort -committerdate --format %(refname) %(objectname) %(*objectname) [8ms]
2025-03-11 00:23:32.022 [info] > git status -z -uall [232ms]
2025-03-11 00:23:32.170 [info] > git fetch [420ms]
2025-03-11 00:23:32.170 [info] ERROR: We're doing an SSH key audit.
Reason: unverified automatically (private key found in a public repository)
Please visit https://github.com/settings/keys/118392686 to approve this key so we know it's safe.

Fingerprint:
SHA256:XCUdw5eXGITLQRAZYAenmjC5lagUMVzApP6l9bBTBhQ

fatal: Could not read from remote repository.

Please make sure you have the correct access rights
and the repository exists.
2025-03-11 00:23:32.182 [info] > git config --get commit.template [7ms]
2025-03-11 00:23:32.185 [info] > git for-each-ref --format=%(refname)%00%(upstream:short)%00%(objectname)%00%(upstream:track)%00%(upstream:remotename)%00%(upstream:remoteref) refs/heads/main refs/remotes/main [4ms]
2025-03-11 00:23:32.209 [info] > git for-each-ref --sort -committerdate --format %(refname) %(objectname) %(*objectname) [9ms]
2025-03-11 00:23:32.401 [info] > git status -z -uall [211ms]
2025-03-11 00:23:32.484 [info] > git rev-list --count 1d28a3445bf4e4695fb1ca06fb22775d7ab7a8d3.. -- /root/package-lock.json [6ms]
2025-03-11 00:23:32.725 [info] > git log --format=%H%n%aN%n%aE%n%at%n%ct%n%P%n%D%n%B -z -n2 --shortstat --follow -- /root/package-lock.json [234ms]
2025-03-11 00:23:32.735 [info] > git rev-list origin/main..main [4ms]
2025-03-11 00:23:33.226 [info] > git ls-files --stage -- package-lock.json [14ms]
2025-03-11 00:23:33.236 [info] > git cat-file -s df23f745af8f3f084ce869b84d7bcfa7a8b46eb8 [5ms]
2025-03-11 00:23:33.284 [info] > git show --textconv :package-lock.json [9ms]
2025-03-11 00:27:15.141 [info] > git config --get commit.template [9ms]
2025-03-11 00:27:15.147 [info] > git for-each-ref --format=%(refname)%00%(upstream:short)%00%(objectname)%00%(upstream:track)%00%(upstream:remotename)%00%(upstream:remoteref) refs/heads/main refs/remotes/main [6ms]
2025-03-11 00:27:15.174 [info] > git for-each-ref --sort -committerdate --format %(refname) %(objectname) %(*objectname) [9ms]
2025-03-11 00:27:15.345 [info] > git status -z -uall [186ms]
2025-03-11 00:27:15.660 [info] > git fetch [540ms]
2025-03-11 00:27:15.661 [info] ERROR: We're doing an SSH key audit.
Reason: unverified automatically (private key found in a public repository)
Please visit https://github.com/settings/keys/118392686 to approve this key so we know it's safe.

Fingerprint:
SHA256:XCUdw5eXGITLQRAZYAenmjC5lagUMVzApP6l9bBTBhQ

fatal: Could not read from remote repository.

Please make sure you have the correct access rights
and the repository exists.
2025-03-11 00:27:15.670 [info] > git config --get commit.template [6ms]
2025-03-11 00:27:15.673 [info] > git for-each-ref --format=%(refname)%00%(upstream:short)%00%(objectname)%00%(upstream:track)%00%(upstream:remotename)%00%(upstream:remoteref) refs/heads/main refs/remotes/main [4ms]
2025-03-11 00:27:15.692 [info] > git for-each-ref --sort -committerdate --format %(refname) %(objectname) %(*objectname) [6ms]
2025-03-11 00:27:15.838 [info] > git rev-list --count 1d28a3445bf4e4695fb1ca06fb22775d7ab7a8d3.. -- /root/package-lock.json [8ms]
2025-03-11 00:27:15.900 [info] > git status -z -uall [224ms]
2025-03-11 00:27:16.044 [info] > git log --format=%H%n%aN%n%aE%n%at%n%ct%n%P%n%D%n%B -z -n2 --shortstat --follow -- /root/package-lock.json [199ms]
2025-03-11 00:27:16.053 [info] > git rev-list origin/main..main [4ms]
2025-03-11 00:27:16.518 [info] > git ls-files --stage -- package-lock.json [13ms]
2025-03-11 00:27:16.527 [info] > git cat-file -s df23f745af8f3f084ce869b84d7bcfa7a8b46eb8 [4ms]
2025-03-11 00:27:16.565 [info] > git show --textconv :package-lock.json [12ms]
2025-03-11 00:27:23.926 [info] > git config --get commit.template [10ms]
2025-03-11 00:27:23.929 [info] > git for-each-ref --format=%(refname)%00%(upstream:short)%00%(objectname)%00%(upstream:track)%00%(upstream:remotename)%00%(upstream:remoteref) refs/heads/main refs/remotes/main [4ms]
2025-03-11 00:27:23.955 [info] > git for-each-ref --sort -committerdate --format %(refname) %(objectname) %(*objectname) [9ms]
2025-03-11 00:27:24.128 [info] > git status -z -uall [193ms]
2025-03-11 00:27:27.220 [info] > git show --textconv :2025/connect-the-dot/public/index.html [27ms]
2025-03-11 00:27:27.227 [info] > git ls-files --stage -- 2025/connect-the-dot/public/index.html [22ms]
2025-03-11 00:27:27.240 [info] > git cat-file -s 2036a95a1e2ad6a559696f3fcc7f763eaa7d905a [8ms]
2025-03-11 00:27:27.255 [info] > git log --format=%H%n%aN%n%aE%n%at%n%ct%n%P%n%D%n%B -z -n51 --shortstat --follow -- /root/2025/connect-the-dot/public/index.html [216ms]
2025-03-11 00:27:27.262 [info] > git rev-list origin/main..main [3ms]
2025-03-11 00:27:29.154 [info] > git config --get commit.template [16ms]
2025-03-11 00:27:29.160 [info] > git for-each-ref --format=%(refname)%00%(upstream:short)%00%(objectname)%00%(upstream:track)%00%(upstream:remotename)%00%(upstream:remoteref) refs/heads/main refs/remotes/main [6ms]
2025-03-11 00:27:29.188 [info] > git for-each-ref --sort -committerdate --format %(refname) %(objectname) %(*objectname) [10ms]
2025-03-11 00:27:29.382 [info] > git status -z -uall [216ms]
2025-03-11 00:27:34.402 [info] > git config --get commit.template [6ms]
2025-03-11 00:27:34.405 [info] > git for-each-ref --format=%(refname)%00%(upstream:short)%00%(objectname)%00%(upstream:track)%00%(upstream:remotename)%00%(upstream:remoteref) refs/heads/main refs/remotes/main [4ms]
2025-03-11 00:27:34.425 [info] > git for-each-ref --sort -committerdate --format %(refname) %(objectname) %(*objectname) [8ms]
2025-03-11 00:27:34.609 [info] > git status -z -uall [199ms]
2025-03-11 00:27:39.293 [info] > git check-ignore -v -z --stdin [18ms]
2025-03-11 00:27:39.627 [info] > git config --get commit.template [7ms]
2025-03-11 00:27:39.630 [info] > git for-each-ref --format=%(refname)%00%(upstream:short)%00%(objectname)%00%(upstream:track)%00%(upstream:remotename)%00%(upstream:remoteref) refs/heads/main refs/remotes/main [3ms]
2025-03-11 00:27:39.650 [info] > git for-each-ref --sort -committerdate --format %(refname) %(objectname) %(*objectname) [9ms]
2025-03-11 00:27:39.820 [info] > git status -z -uall [186ms]
2025-03-11 00:27:44.833 [info] > git config --get commit.template [5ms]
2025-03-11 00:27:44.836 [info] > git for-each-ref --format=%(refname)%00%(upstream:short)%00%(objectname)%00%(upstream:track)%00%(upstream:remotename)%00%(upstream:remoteref) refs/heads/main refs/remotes/main [3ms]
2025-03-11 00:27:44.856 [info] > git for-each-ref --sort -committerdate --format %(refname) %(objectname) %(*objectname) [6ms]
2025-03-11 00:27:45.003 [info] > git status -z -uall [163ms]
2025-03-11 00:27:50.021 [info] > git config --get commit.template [6ms]
2025-03-11 00:27:50.024 [info] > git for-each-ref --format=%(refname)%00%(upstream:short)%00%(objectname)%00%(upstream:track)%00%(upstream:remotename)%00%(upstream:remoteref) refs/heads/main refs/remotes/main [3ms]
2025-03-11 00:27:50.039 [info] > git for-each-ref --sort -committerdate --format %(refname) %(objectname) %(*objectname) [3ms]
2025-03-11 00:27:50.176 [info] > git status -z -uall [149ms]
2025-03-11 00:27:55.196 [info] > git config --get commit.template [9ms]
2025-03-11 00:27:55.201 [info] > git for-each-ref --format=%(refname)%00%(upstream:short)%00%(objectname)%00%(upstream:track)%00%(upstream:remotename)%00%(upstream:remoteref) refs/heads/main refs/remotes/main [6ms]
2025-03-11 00:27:55.232 [info] > git for-each-ref --sort -committerdate --format %(refname) %(objectname) %(*objectname) [11ms]
2025-03-11 00:27:55.470 [info] > git status -z -uall [264ms]
2025-03-11 00:28:00.488 [info] > git config --get commit.template [6ms]
2025-03-11 00:28:00.491 [info] > git for-each-ref --format=%(refname)%00%(upstream:short)%00%(objectname)%00%(upstream:track)%00%(upstream:remotename)%00%(upstream:remoteref) refs/heads/main refs/remotes/main [4ms]
2025-03-11 00:28:00.511 [info] > git for-each-ref --sort -committerdate --format %(refname) %(objectname) %(*objectname) [6ms]
2025-03-11 00:28:00.654 [info] > git status -z -uall [158ms]
2025-03-11 00:28:05.677 [info] > git config --get commit.template [8ms]
2025-03-11 00:28:05.682 [info] > git for-each-ref --format=%(refname)%00%(upstream:short)%00%(objectname)%00%(upstream:track)%00%(upstream:remotename)%00%(upstream:remoteref) refs/heads/main refs/remotes/main [5ms]
2025-03-11 00:28:05.706 [info] > git for-each-ref --sort -committerdate --format %(refname) %(objectname) %(*objectname) [9ms]
2025-03-11 00:28:05.919 [info] > git status -z -uall [231ms]
2025-03-11 00:28:10.939 [info] > git config --get commit.template [6ms]
2025-03-11 00:28:10.942 [info] > git for-each-ref --format=%(refname)%00%(upstream:short)%00%(objectname)%00%(upstream:track)%00%(upstream:remotename)%00%(upstream:remoteref) refs/heads/main refs/remotes/main [3ms]
2025-03-11 00:28:10.962 [info] > git for-each-ref --sort -committerdate --format %(refname) %(objectname) %(*objectname) [5ms]
2025-03-11 00:28:11.124 [info] > git status -z -uall [177ms]
2025-03-11 00:28:16.146 [info] > git config --get commit.template [10ms]
2025-03-11 00:28:16.150 [info] > git for-each-ref --format=%(refname)%00%(upstream:short)%00%(objectname)%00%(upstream:track)%00%(upstream:remotename)%00%(upstream:remoteref) refs/heads/main refs/remotes/main [7ms]
2025-03-11 00:28:16.268 [info] > git for-each-ref --sort -committerdate --format %(refname) %(objectname) %(*objectname) [35ms]
2025-03-11 00:28:16.407 [info] > git status -z -uall [251ms]
2025-03-11 00:28:20.430 [info] > git show --textconv :2025/connect-the-dot/server.js [1028ms]
2025-03-11 00:28:20.430 [info] > git ls-files --stage -- 2025/connect-the-dot/server.js [1007ms]
2025-03-11 00:28:20.441 [info] > git log --format=%H%n%aN%n%aE%n%at%n%ct%n%P%n%D%n%B -z -n51 --shortstat --follow -- /root/2025/connect-the-dot/server.js [1440ms]
2025-03-11 00:28:20.488 [info] > git cat-file -s df9aeb5ebda4f733920f1a49e2f764ed656bb953 [47ms]
2025-03-11 00:28:20.526 [info] > git rev-list origin/main..main [75ms]
2025-03-11 00:28:20.584 [info] > git blame --root --incremental bbe70dc5b0f28b4054541ff4338dcebcd2e0b532 -- 2025/connect-the-dot/server.js [27ms]
2025-03-11 00:28:21.492 [info] > git for-each-ref --format=%(refname)%00%(upstream:short)%00%(objectname)%00%(upstream:track)%00%(upstream:remotename)%00%(upstream:remoteref) refs/heads/main refs/remotes/main [28ms]
2025-03-11 00:28:21.495 [info] > git config --get commit.template [58ms]
2025-03-11 00:28:21.584 [info] > git for-each-ref --sort -committerdate --format %(refname) %(objectname) %(*objectname) [43ms]
2025-03-11 00:28:23.071 [info] > git status -z -uall [1558ms]
2025-03-11 00:28:28.147 [info] > git config --get commit.template [16ms]
2025-03-11 00:28:28.160 [info] > git for-each-ref --format=%(refname)%00%(upstream:short)%00%(objectname)%00%(upstream:track)%00%(upstream:remotename)%00%(upstream:remoteref) refs/heads/main refs/remotes/main [15ms]
2025-03-11 00:28:28.206 [info] > git for-each-ref --sort -committerdate --format %(refname) %(objectname) %(*objectname) [20ms]
2025-03-11 00:28:28.688 [info] > git status -z -uall [516ms]
2025-03-11 00:28:33.207 [info] > git show --textconv :2025/connect-the-dot/public/index.html [37ms]
2025-03-11 00:28:33.211 [info] > git ls-files --stage -- 2025/connect-the-dot/public/index.html [33ms]
2025-03-11 00:28:33.233 [info] > git cat-file -s 2036a95a1e2ad6a559696f3fcc7f763eaa7d905a [13ms]
2025-03-11 00:28:33.464 [info] > git log --format=%H%n%aN%n%aE%n%at%n%ct%n%P%n%D%n%B -z -n51 --shortstat --follow -- /root/2025/connect-the-dot/public/index.html [456ms]
2025-03-11 00:28:33.475 [info] > git rev-list origin/main..main [3ms]
2025-03-11 00:28:33.723 [info] > git config --get commit.template [16ms]
2025-03-11 00:28:33.727 [info] > git for-each-ref --format=%(refname)%00%(upstream:short)%00%(objectname)%00%(upstream:track)%00%(upstream:remotename)%00%(upstream:remoteref) refs/heads/main refs/remotes/main [5ms]
2025-03-11 00:28:33.764 [info] > git for-each-ref --sort -committerdate --format %(refname) %(objectname) %(*objectname) [7ms]
2025-03-11 00:28:34.057 [info] > git status -z -uall [312ms]
2025-03-11 00:28:39.172 [info] > git config --get commit.template [15ms]
2025-03-11 00:28:39.178 [info] > git for-each-ref --format=%(refname)%00%(upstream:short)%00%(objectname)%00%(upstream:track)%00%(upstream:remotename)%00%(upstream:remoteref) refs/heads/main refs/remotes/main [7ms]
2025-03-11 00:28:39.209 [info] > git for-each-ref --sort -committerdate --format %(refname) %(objectname) %(*objectname) [14ms]
2025-03-11 00:28:39.517 [info] > git status -z -uall [332ms]
2025-03-11 00:28:44.535 [info] > git config --get commit.template [7ms]
2025-03-11 00:28:44.538 [info] > git for-each-ref --format=%(refname)%00%(upstream:short)%00%(objectname)%00%(upstream:track)%00%(upstream:remotename)%00%(upstream:remoteref) refs/heads/main refs/remotes/main [4ms]
2025-03-11 00:28:44.556 [info] > git for-each-ref --sort -committerdate --format %(refname) %(objectname) %(*objectname) [3ms]
2025-03-11 00:28:44.737 [info] > git status -z -uall [193ms]
2025-03-11 00:28:49.532 [info] > git check-ignore -v -z --stdin [63ms]
2025-03-11 00:28:49.768 [info] > git config --get commit.template [17ms]
2025-03-11 00:28:49.779 [info] > git for-each-ref --format=%(refname)%00%(upstream:short)%00%(objectname)%00%(upstream:track)%00%(upstream:remotename)%00%(upstream:remoteref) refs/heads/main refs/remotes/main [13ms]
2025-03-11 00:28:49.818 [info] > git for-each-ref --sort -committerdate --format %(refname) %(objectname) %(*objectname) [14ms]
2025-03-11 00:28:50.709 [info] > git status -z -uall [922ms]
2025-03-11 00:28:51.781 [info] > git check-ignore -v -z --stdin [15ms]
2025-03-11 00:28:52.734 [info] > git check-ignore -v -z --stdin [11ms]
2025-03-11 00:28:53.858 [info] > git check-ignore -v -z --stdin [42ms]
2025-03-11 00:28:55.728 [info] > git config --get commit.template [6ms]
2025-03-11 00:28:55.733 [info] > git for-each-ref --format=%(refname)%00%(upstream:short)%00%(objectname)%00%(upstream:track)%00%(upstream:remotename)%00%(upstream:remoteref) refs/heads/main refs/remotes/main [6ms]
2025-03-11 00:28:55.751 [info] > git for-each-ref --sort -committerdate --format %(refname) %(objectname) %(*objectname) [6ms]
2025-03-11 00:28:55.974 [info] > git status -z -uall [238ms]
2025-03-11 00:29:00.994 [info] > git config --get commit.template [10ms]
2025-03-11 00:29:00.996 [info] > git for-each-ref --format=%(refname)%00%(upstream:short)%00%(objectname)%00%(upstream:track)%00%(upstream:remotename)%00%(upstream:remoteref) refs/heads/main refs/remotes/main [3ms]
2025-03-11 00:29:01.014 [info] > git for-each-ref --sort -committerdate --format %(refname) %(objectname) %(*objectname) [5ms]
2025-03-11 00:29:01.226 [info] > git status -z -uall [225ms]
2025-03-11 00:29:06.251 [info] > git config --get commit.template [7ms]
2025-03-11 00:29:06.254 [info] > git for-each-ref --format=%(refname)%00%(upstream:short)%00%(objectname)%00%(upstream:track)%00%(upstream:remotename)%00%(upstream:remoteref) refs/heads/main refs/remotes/main [4ms]
2025-03-11 00:29:06.274 [info] > git for-each-ref --sort -committerdate --format %(refname) %(objectname) %(*objectname) [9ms]
2025-03-11 00:29:06.457 [info] > git status -z -uall [199ms]
2025-03-11 00:31:28.474 [info] > git config --get commit.template [16ms]
2025-03-11 00:31:28.481 [info] > git for-each-ref --format=%(refname)%00%(upstream:short)%00%(objectname)%00%(upstream:track)%00%(upstream:remotename)%00%(upstream:remoteref) refs/heads/main refs/remotes/main [8ms]
2025-03-11 00:31:28.522 [info] > git for-each-ref --sort -committerdate --format %(refname) %(objectname) %(*objectname) [14ms]
2025-03-11 00:31:28.786 [info] > git status -z -uall [296ms]
2025-03-11 00:31:28.926 [info] > git fetch [488ms]
2025-03-11 00:31:28.926 [info] ERROR: We're doing an SSH key audit.
Reason: unverified automatically (private key found in a public repository)
Please visit https://github.com/settings/keys/118392686 to approve this key so we know it's safe.

Fingerprint:
SHA256:XCUdw5eXGITLQRAZYAenmjC5lagUMVzApP6l9bBTBhQ

fatal: Could not read from remote repository.

Please make sure you have the correct access rights
and the repository exists.
2025-03-11 00:31:28.944 [info] > git config --get commit.template [10ms]
2025-03-11 00:31:28.949 [info] > git for-each-ref --format=%(refname)%00%(upstream:short)%00%(objectname)%00%(upstream:track)%00%(upstream:remotename)%00%(upstream:remoteref) refs/heads/main refs/remotes/main [6ms]
2025-03-11 00:31:28.980 [info] > git for-each-ref --sort -committerdate --format %(refname) %(objectname) %(*objectname) [7ms]
2025-03-11 00:31:29.179 [info] > git rev-list --count 1d28a3445bf4e4695fb1ca06fb22775d7ab7a8d3.. -- /root/2025/connect-the-dot/public/index.html [25ms]
2025-03-11 00:31:29.369 [info] > git status -z -uall [414ms]
2025-03-11 00:31:29.618 [info] > git log --format=%H%n%aN%n%aE%n%at%n%ct%n%P%n%D%n%B -z -n3 --shortstat --follow -- /root/2025/connect-the-dot/public/index.html [427ms]
2025-03-11 00:31:29.630 [info] > git rev-list origin/main..main [5ms]
2025-03-11 00:31:29.761 [info] > git ls-files --stage -- 2025/connect-the-dot/public/index.html [17ms]
2025-03-11 00:31:29.772 [info] > git cat-file -s 2036a95a1e2ad6a559696f3fcc7f763eaa7d905a [5ms]
2025-03-11 00:31:29.801 [info] > git show --textconv :2025/connect-the-dot/public/index.html [12ms]
2025-03-11 00:31:33.804 [info] > git config --get commit.template [5ms]
2025-03-11 00:31:33.809 [info] > git for-each-ref --format=%(refname)%00%(upstream:short)%00%(objectname)%00%(upstream:track)%00%(upstream:remotename)%00%(upstream:remoteref) refs/heads/main refs/remotes/main [4ms]
2025-03-11 00:31:33.827 [info] > git for-each-ref --sort -committerdate --format %(refname) %(objectname) %(*objectname) [6ms]
2025-03-11 00:31:33.978 [info] > git status -z -uall [166ms]
2025-03-11 00:31:38.426 [info] > git show --textconv :2025/connect-the-dot/public/src/script.js [50ms]
2025-03-11 00:31:38.459 [info] > git ls-files --stage -- 2025/connect-the-dot/public/src/script.js [66ms]
2025-03-11 00:31:38.490 [info] > git cat-file -s 8c101ec6f922bf7dd9283363a95da8675e162d02 [17ms]
2025-03-11 00:31:38.572 [info] > git blame --root --incremental bbe70dc5b0f28b4054541ff4338dcebcd2e0b532 -- 2025/connect-the-dot/public/src/script.js [37ms]
2025-03-11 00:31:39.003 [info] > git config --get commit.template [13ms]
2025-03-11 00:31:39.019 [info] > git for-each-ref --format=%(refname)%00%(upstream:short)%00%(objectname)%00%(upstream:track)%00%(upstream:remotename)%00%(upstream:remoteref) refs/heads/main refs/remotes/main [13ms]
2025-03-11 00:31:39.048 [info] > git for-each-ref --sort -committerdate --format %(refname) %(objectname) %(*objectname) [10ms]
2025-03-11 00:31:39.687 [info] > git status -z -uall [663ms]
2025-03-11 00:31:40.536 [info] > git show --textconv :2025/connect-the-dot/server.js [56ms]
2025-03-11 00:31:40.576 [info] > git ls-files --stage -- 2025/connect-the-dot/server.js [86ms]
2025-03-11 00:31:40.617 [info] > git cat-file -s df9aeb5ebda4f733920f1a49e2f764ed656bb953 [27ms]
2025-03-11 00:31:41.355 [info] > git log --format=%H%n%aN%n%aE%n%at%n%ct%n%P%n%D%n%B -z -n51 --shortstat --follow -- /root/2025/connect-the-dot/server.js [1031ms]
2025-03-11 00:31:41.413 [info] > git rev-list origin/main..main [47ms]
2025-03-11 00:31:44.421 [info] > git log --format=%H%n%aN%n%aE%n%at%n%ct%n%P%n%D%n%B -z -n51 --shortstat --follow -- /root/2025/connect-the-dot/public/src/script.js [6168ms]
2025-03-11 00:31:44.728 [info] > git config --get commit.template [6ms]
2025-03-11 00:31:44.732 [info] > git for-each-ref --format=%(refname)%00%(upstream:short)%00%(objectname)%00%(upstream:track)%00%(upstream:remotename)%00%(upstream:remoteref) refs/heads/main refs/remotes/main [3ms]
2025-03-11 00:31:44.748 [info] > git for-each-ref --sort -committerdate --format %(refname) %(objectname) %(*objectname) [3ms]
2025-03-11 00:31:44.919 [info] > git status -z -uall [184ms]
2025-03-11 00:31:49.938 [info] > git config --get commit.template [8ms]
2025-03-11 00:31:49.942 [info] > git for-each-ref --format=%(refname)%00%(upstream:short)%00%(objectname)%00%(upstream:track)%00%(upstream:remotename)%00%(upstream:remoteref) refs/heads/main refs/remotes/main [5ms]
2025-03-11 00:31:49.984 [info] > git for-each-ref --sort -committerdate --format %(refname) %(objectname) %(*objectname) [27ms]
2025-03-11 00:31:50.216 [info] > git status -z -uall [268ms]
2025-03-11 00:32:03.167 [info] > git config --get commit.template [12ms]
2025-03-11 00:32:03.172 [info] > git for-each-ref --format=%(refname)%00%(upstream:short)%00%(objectname)%00%(upstream:track)%00%(upstream:remotename)%00%(upstream:remoteref) refs/heads/main refs/remotes/main [7ms]
2025-03-11 00:32:03.202 [info] > git for-each-ref --sort -committerdate --format %(refname) %(objectname) %(*objectname) [12ms]
2025-03-11 00:32:03.435 [info] > git status -z -uall [256ms]
2025-03-11 00:32:08.449 [info] > git config --get commit.template [5ms]
2025-03-11 00:32:08.452 [info] > git for-each-ref --format=%(refname)%00%(upstream:short)%00%(objectname)%00%(upstream:track)%00%(upstream:remotename)%00%(upstream:remoteref) refs/heads/main refs/remotes/main [3ms]
2025-03-11 00:32:08.470 [info] > git for-each-ref --sort -committerdate --format %(refname) %(objectname) %(*objectname) [5ms]
2025-03-11 00:32:08.629 [info] > git status -z -uall [173ms]
2025-03-11 00:32:13.649 [info] > git config --get commit.template [10ms]
2025-03-11 00:32:13.655 [info] > git for-each-ref --format=%(refname)%00%(upstream:short)%00%(objectname)%00%(upstream:track)%00%(upstream:remotename)%00%(upstream:remoteref) refs/heads/main refs/remotes/main [9ms]
2025-03-11 00:32:13.678 [info] > git for-each-ref --sort -committerdate --format %(refname) %(objectname) %(*objectname) [9ms]
2025-03-11 00:32:13.875 [info] > git status -z -uall [214ms]
2025-03-11 00:32:18.913 [info] > git config --get commit.template [7ms]
2025-03-11 00:32:18.916 [info] > git for-each-ref --format=%(refname)%00%(upstream:short)%00%(objectname)%00%(upstream:track)%00%(upstream:remotename)%00%(upstream:remoteref) refs/heads/main refs/remotes/main [3ms]
2025-03-11 00:32:18.936 [info] > git for-each-ref --sort -committerdate --format %(refname) %(objectname) %(*objectname) [7ms]
2025-03-11 00:32:19.139 [info] > git status -z -uall [219ms]
2025-03-11 00:32:32.906 [info] > git config --get commit.template [8ms]
2025-03-11 00:32:32.909 [info] > git for-each-ref --format=%(refname)%00%(upstream:short)%00%(objectname)%00%(upstream:track)%00%(upstream:remotename)%00%(upstream:remoteref) refs/heads/main refs/remotes/main [4ms]
2025-03-11 00:32:32.933 [info] > git for-each-ref --sort -committerdate --format %(refname) %(objectname) %(*objectname) [7ms]
2025-03-11 00:32:33.088 [info] > git status -z -uall [175ms]
2025-03-11 00:32:43.744 [info] > git config --get commit.template [22ms]
2025-03-11 00:32:43.750 [info] > git for-each-ref --format=%(refname)%00%(upstream:short)%00%(objectname)%00%(upstream:track)%00%(upstream:remotename)%00%(upstream:remoteref) refs/heads/main refs/remotes/main [8ms]
2025-03-11 00:32:43.774 [info] > git for-each-ref --sort -committerdate --format %(refname) %(objectname) %(*objectname) [12ms]
2025-03-11 00:32:43.991 [info] > git status -z -uall [237ms]
2025-03-11 00:32:44.528 [info] > git show --textconv :package.json [38ms]
2025-03-11 00:32:44.540 [info] > git ls-files --stage -- package.json [38ms]
2025-03-11 00:32:44.560 [info] > git cat-file -s c0e7e30188df3c82190d3e95e9fe3885051420a5 [9ms]
2025-03-11 00:32:44.671 [info] > git log --format=%H%n%aN%n%aE%n%at%n%ct%n%P%n%D%n%B -z -n51 --shortstat --follow -- /root/package.json [370ms]
2025-03-11 00:32:44.692 [info] > git rev-list origin/main..main [14ms]
2025-03-11 00:32:45.252 [info] > git show --textconv :2025/connect-the-dot/server.js [45ms]
2025-03-11 00:32:45.268 [info] > git ls-files --stage -- 2025/connect-the-dot/server.js [45ms]
2025-03-11 00:32:45.284 [info] > git cat-file -s df9aeb5ebda4f733920f1a49e2f764ed656bb953 [9ms]
2025-03-11 00:32:45.441 [info] > git log --format=%H%n%aN%n%aE%n%at%n%ct%n%P%n%D%n%B -z -n51 --shortstat --follow -- /root/2025/connect-the-dot/server.js [412ms]
2025-03-11 00:32:45.544 [info] > git show --textconv :package-lock.json [38ms]
2025-03-11 00:32:45.552 [info] > git ls-files --stage -- package-lock.json [31ms]
2025-03-11 00:32:45.564 [info] > git cat-file -s df23f745af8f3f084ce869b84d7bcfa7a8b46eb8 [7ms]
2025-03-11 00:32:45.725 [info] > git log --format=%H%n%aN%n%aE%n%at%n%ct%n%P%n%D%n%B -z -n51 --shortstat --follow -- /root/package-lock.json [399ms]
2025-03-11 00:32:46.171 [info] > git log --format=%H%n%aN%n%aE%n%at%n%ct%n%P%n%D%n%B -z -n51 --shortstat --follow -- /root/2025/connect-the-dot/server.js [167ms]
2025-03-11 00:32:46.277 [info] > git show --textconv :2025/connect-the-dot/server.js [58ms]
2025-03-11 00:32:46.289 [info] > git ls-files --stage -- 2025/connect-the-dot/server.js [44ms]
2025-03-11 00:32:46.332 [info] > git cat-file -s df9aeb5ebda4f733920f1a49e2f764ed656bb953 [19ms]
2025-03-11 00:32:47.092 [info] > git show --textconv :2025/connect-the-dot/public/src/script.js [78ms]
2025-03-11 00:32:47.108 [info] > git ls-files --stage -- 2025/connect-the-dot/public/src/script.js [74ms]
2025-03-11 00:32:47.158 [info] > git cat-file -s 8c101ec6f922bf7dd9283363a95da8675e162d02 [37ms]
2025-03-11 00:32:47.795 [info] > git show --textconv :2025/connect-the-dot/server.js [93ms]
2025-03-11 00:32:47.804 [info] > git ls-files --stage -- 2025/connect-the-dot/server.js [85ms]
2025-03-11 00:32:47.864 [info] > git cat-file -s df9aeb5ebda4f733920f1a49e2f764ed656bb953 [19ms]
2025-03-11 00:32:48.500 [info] > git log --format=%H%n%aN%n%aE%n%at%n%ct%n%P%n%D%n%B -z -n51 --shortstat --follow -- /root/2025/connect-the-dot/server.js [974ms]
2025-03-11 00:32:49.043 [info] > git config --get commit.template [20ms]
2025-03-11 00:32:49.060 [info] > git for-each-ref --format=%(refname)%00%(upstream:short)%00%(objectname)%00%(upstream:track)%00%(upstream:remotename)%00%(upstream:remoteref) refs/heads/main refs/remotes/main [17ms]
2025-03-11 00:32:49.109 [info] > git for-each-ref --sort -committerdate --format %(refname) %(objectname) %(*objectname) [4ms]
2025-03-11 00:32:49.555 [info] > git status -z -uall [476ms]
2025-03-11 00:32:50.138 [info] > git log --format=%H%n%aN%n%aE%n%at%n%ct%n%P%n%D%n%B -z -n51 --shortstat --follow -- /root/2025/connect-the-dot/public/src/script.js [3309ms]
2025-03-11 00:32:50.149 [info] > git rev-list origin/main..main [5ms]
