2025-02-25 04:50:30.078 [info] [main] Log level: Info
2025-02-25 04:50:30.078 [info] [main] Validating found git in: "git"
2025-02-25 04:50:30.078 [info] [main] Using git "2.40.1" from "git"
2025-02-25 04:50:30.078 [info] [Model][doInitialScan] Initial repository scan started
2025-02-25 04:50:30.078 [info] > git rev-parse --show-toplevel [824ms]
2025-02-25 04:50:30.078 [info] fatal: not a git repository (or any of the parent directories): .git
2025-02-25 04:50:30.078 [info] > git rev-parse --show-toplevel [41ms]
2025-02-25 04:50:30.078 [info] fatal: not a git repository (or any of the parent directories): .git
2025-02-25 04:50:30.753 [info] > git rev-parse --show-toplevel [49ms]
2025-02-25 04:50:30.753 [info] fatal: not a git repository (or any of the parent directories): .git
2025-02-25 04:50:30.849 [info] > git rev-parse --show-toplevel [56ms]
2025-02-25 04:50:30.849 [info] fatal: not a git repository (or any of the parent directories): .git
2025-02-25 04:50:30.920 [info] > git rev-parse --show-toplevel [35ms]
2025-02-25 04:50:30.920 [info] fatal: not a git repository (or any of the parent directories): .git
2025-02-25 04:50:30.970 [info] > git rev-parse --show-toplevel [11ms]
2025-02-25 04:50:30.970 [info] fatal: not a git repository (or any of the parent directories): .git
2025-02-25 04:50:31.052 [info] > git rev-parse --show-toplevel [32ms]
2025-02-25 04:50:31.052 [info] fatal: not a git repository (or any of the parent directories): .git
2025-02-25 04:50:31.124 [info] > git rev-parse --show-toplevel [30ms]
2025-02-25 04:50:31.124 [info] fatal: not a git repository (or any of the parent directories): .git
2025-02-25 04:50:31.176 [info] > git rev-parse --show-toplevel [7ms]
2025-02-25 04:50:31.176 [info] fatal: not a git repository (or any of the parent directories): .git
2025-02-25 04:50:31.252 [info] > git rev-parse --show-toplevel [21ms]
2025-02-25 04:50:31.252 [info] fatal: not a git repository (or any of the parent directories): .git
2025-02-25 04:50:31.297 [info] > git rev-parse --show-toplevel [11ms]
2025-02-25 04:50:31.297 [info] fatal: not a git repository (or any of the parent directories): .git
2025-02-25 04:50:31.364 [info] > git rev-parse --show-toplevel [27ms]
2025-02-25 04:50:31.364 [info] fatal: not a git repository (or any of the parent directories): .git
2025-02-25 04:50:31.428 [info] > git rev-parse --show-toplevel [35ms]
2025-02-25 04:50:31.429 [info] fatal: not a git repository (or any of the parent directories): .git
2025-02-25 04:50:31.448 [info] [Model][doInitialScan] Initial repository scan completed - repositories (0), closed repositories (0), parent repositories (0), unsafe repositories (0)
2025-02-25 04:52:21.892 [info] > git rev-parse --show-toplevel [31ms]
2025-02-25 04:52:21.895 [info] fatal: not a git repository (or any of the parent directories): .git
2025-02-25 04:52:43.955 [info] > git rev-parse --show-toplevel [7ms]
2025-02-25 04:52:43.955 [info] fatal: not a git repository (or any of the parent directories): .git
2025-02-25 04:52:51.361 [info] > git rev-parse --show-toplevel [4ms]
2025-02-25 04:52:51.361 [info] fatal: not a git repository (or any of the parent directories): .git
2025-02-25 05:23:32.277 [info] > git rev-parse --show-toplevel [23ms]
2025-02-25 05:23:32.277 [info] fatal: not a git repository (or any of the parent directories): .git
2025-02-25 05:23:36.397 [info] > git rev-parse --show-toplevel [8ms]
2025-02-25 05:23:36.397 [info] fatal: not a git repository (or any of the parent directories): .git
2025-02-25 05:23:48.718 [info] > git rev-parse --show-toplevel [6ms]
2025-02-25 05:23:48.718 [info] fatal: not a git repository (or any of the parent directories): .git
2025-02-25 05:23:50.714 [info] > git rev-parse --show-toplevel [6ms]
2025-02-25 05:23:50.714 [info] fatal: not a git repository (or any of the parent directories): .git
2025-02-25 05:23:58.101 [info] > git rev-parse --show-toplevel [18ms]
2025-02-25 05:23:58.101 [info] fatal: not a git repository (or any of the parent directories): .git
2025-02-25 05:24:52.925 [info] > git rev-parse --show-toplevel [4ms]
2025-02-25 05:24:52.925 [info] fatal: not a git repository (or any of the parent directories): .git
2025-02-25 05:24:58.892 [info] > git rev-parse --show-toplevel [10ms]
2025-02-25 05:24:58.892 [info] fatal: not a git repository (or any of the parent directories): .git
2025-02-25 05:25:02.015 [info] > git rev-parse --show-toplevel [44ms]
2025-02-25 05:25:02.015 [info] fatal: not a git repository (or any of the parent directories): .git
2025-02-25 05:25:05.049 [info] > git rev-parse --show-toplevel [17ms]
2025-02-25 05:25:05.049 [info] fatal: not a git repository (or any of the parent directories): .git
2025-02-25 05:25:07.433 [info] > git rev-parse --show-toplevel [10ms]
2025-02-25 05:25:07.433 [info] fatal: not a git repository (or any of the parent directories): .git
2025-02-25 05:25:12.392 [info] > git rev-parse --show-toplevel [5ms]
2025-02-25 05:25:12.392 [info] fatal: not a git repository (or any of the parent directories): .git
2025-02-25 05:25:32.996 [info] > git rev-parse --show-toplevel [4ms]
2025-02-25 05:25:32.996 [info] fatal: not a git repository (or any of the parent directories): .git
2025-02-25 05:26:25.545 [info] > git rev-parse --show-toplevel [5ms]
2025-02-25 05:26:25.545 [info] fatal: not a git repository (or any of the parent directories): .git
