2025-03-09 21:41:42.112 [info] [main] Log level: Info
2025-03-09 21:41:42.112 [info] [main] Validating found git in: "git"
2025-03-09 21:41:42.112 [info] [main] Using git "2.40.1" from "git"
2025-03-09 21:41:42.112 [info] [Model][doInitialScan] Initial repository scan started
2025-03-09 21:41:42.112 [info] > git rev-parse --show-toplevel [63ms]
2025-03-09 21:41:42.112 [info] > git rev-parse --git-dir --git-common-dir [69ms]
2025-03-09 21:41:42.112 [info] [Model][openRepository] Opened repository: /root
2025-03-09 21:41:42.244 [info] > git rev-parse --show-toplevel [155ms]
2025-03-09 21:41:42.245 [info] > git config --get commit.template [164ms]
2025-03-09 21:41:42.375 [info] > git fetch [342ms]
2025-03-09 21:41:42.381 [info] git@github.com: Permission denied (publickey).
fatal: Could not read from remote repository.

Please make sure you have the correct access rights
and the repository exists.
2025-03-09 21:41:42.398 [info] > git for-each-ref --format=%(refname)%00%(upstream:short)%00%(objectname)%00%(upstream:track)%00%(upstream:remotename)%00%(upstream:remoteref) refs/heads/main refs/remotes/main [26ms]
2025-03-09 21:41:42.441 [info] > git for-each-ref --format=%(refname)%00%(upstream:short)%00%(objectname)%00%(upstream:track)%00%(upstream:remotename)%00%(upstream:remoteref) refs/heads/main refs/remotes/main [24ms]
2025-03-09 21:41:42.453 [info] > git config --get commit.template [61ms]
2025-03-09 21:41:42.491 [info] > git config --get commit.template [42ms]
2025-03-09 21:41:42.509 [info] > git config --get --local branch.main.vscode-merge-base [56ms]
2025-03-09 21:41:42.509 [warning] [Git][config] git config failed: Failed to execute git
2025-03-09 21:41:42.601 [info] > git for-each-ref --format=%(refname)%00%(upstream:short)%00%(objectname)%00%(upstream:track)%00%(upstream:remotename)%00%(upstream:remoteref) refs/heads/main refs/remotes/main [93ms]
2025-03-09 21:41:42.629 [info] > git rev-parse --show-toplevel [133ms]
2025-03-09 21:41:42.662 [info] > git for-each-ref --format=%(refname)%00%(upstream:short)%00%(objectname)%00%(upstream:track)%00%(upstream:remotename)%00%(upstream:remoteref) refs/heads/main refs/remotes/main [33ms]
2025-03-09 21:41:42.685 [info] > git for-each-ref --format=%(refname)%00%(upstream:short)%00%(objectname)%00%(upstream:track)%00%(upstream:remotename)%00%(upstream:remoteref) refs/heads/main refs/remotes/main [153ms]
2025-03-09 21:41:42.717 [info] > git reflog main --grep-reflog=branch: Created from *. [196ms]
2025-03-09 21:41:42.737 [info] > git for-each-ref --sort -committerdate --format %(refname) %(objectname) %(*objectname) [21ms]
2025-03-09 21:41:42.738 [info] > git config --get --local branch.main.vscode-merge-base [52ms]
2025-03-09 21:41:42.738 [warning] [Git][config] git config failed: Failed to execute git
2025-03-09 21:41:42.813 [info] > git rev-parse --show-toplevel [153ms]
2025-03-09 21:41:42.848 [info] > git check-ignore -v -z --stdin [199ms]
2025-03-09 21:41:42.849 [info] > git symbolic-ref --short refs/remotes/origin/HEAD [126ms]
2025-03-09 21:41:42.849 [info] fatal: ref refs/remotes/origin/HEAD is not a symbolic ref
2025-03-09 21:41:42.849 [warning] [Repository][getDefaultBranch] Failed to get default branch details: Failed to execute git.
2025-03-09 21:41:43.512 [info] > git rev-parse --show-toplevel [679ms]
2025-03-09 21:41:43.524 [info] > git reflog main --grep-reflog=branch: Created from *. [711ms]
2025-03-09 21:41:43.568 [info] > git status -z -uall [868ms]
2025-03-09 21:41:43.639 [info] > git log --format=%H%n%aN%n%aE%n%at%n%ct%n%P%n%D%n%B -z -n51 --shortstat --follow -- /root/2025/connect-the-dot/public/index.html [1159ms]
2025-03-09 21:41:43.734 [info] > git hash-object -t tree /dev/null [33ms]
2025-03-09 21:41:43.739 [info] > git rev-parse --show-toplevel [182ms]
2025-03-09 21:41:43.740 [info] > git symbolic-ref --short refs/remotes/origin/HEAD [211ms]
2025-03-09 21:41:43.740 [info] fatal: ref refs/remotes/origin/HEAD is not a symbolic ref
2025-03-09 21:41:43.740 [warning] [Repository][getDefaultBranch] Failed to get default branch details: Failed to execute git.
2025-03-09 21:41:43.858 [info] > git rev-parse --show-toplevel [99ms]
2025-03-09 21:41:44.462 [info] > git rev-parse --show-toplevel [515ms]
2025-03-09 21:41:44.528 [info] > git rev-parse --show-toplevel [22ms]
2025-03-09 21:41:44.600 [info] > git rev-parse --show-toplevel [47ms]
2025-03-09 21:41:44.641 [info] > git rev-parse --show-toplevel [20ms]
2025-03-09 21:41:45.145 [info] > git rev-parse --show-toplevel [481ms]
2025-03-09 21:41:45.249 [info] > git rev-parse --show-toplevel [76ms]
2025-03-09 21:41:45.291 [info] > git check-ignore -v -z --stdin [94ms]
2025-03-09 21:41:45.295 [info] > git rev-parse --show-toplevel [14ms]
2025-03-09 21:41:45.315 [info] [Model][doInitialScan] Initial repository scan completed - repositories (1), closed repositories (0), parent repositories (0), unsafe repositories (0)
2025-03-09 21:41:45.673 [info] > git show --textconv :2025/connect-the-dot/public/index.html [341ms]
2025-03-09 21:41:45.674 [info] > git ls-files --stage -- 2025/connect-the-dot/public/index.html [324ms]
2025-03-09 21:41:45.731 [info] > git cat-file -s f3e58ef770f4a4f06405358a827bdf35052751b0 [23ms]
2025-03-09 21:41:45.828 [info] > git blame --root --incremental 1d28a3445bf4e4695fb1ca06fb22775d7ab7a8d3 -- 2025/connect-the-dot/public/index.html [45ms]
2025-03-09 21:41:54.844 [info] > git config --get commit.template [10ms]
2025-03-09 21:41:54.847 [info] > git for-each-ref --format=%(refname)%00%(upstream:short)%00%(objectname)%00%(upstream:track)%00%(upstream:remotename)%00%(upstream:remoteref) refs/heads/main refs/remotes/main [4ms]
2025-03-09 21:41:54.886 [info] > git for-each-ref --sort -committerdate --format %(refname) %(objectname) %(*objectname) [23ms]
2025-03-09 21:41:55.095 [info] > git status -z -uall [245ms]
2025-03-09 21:42:00.118 [info] > git config --get commit.template [9ms]
2025-03-09 21:42:00.122 [info] > git for-each-ref --format=%(refname)%00%(upstream:short)%00%(objectname)%00%(upstream:track)%00%(upstream:remotename)%00%(upstream:remoteref) refs/heads/main refs/remotes/main [5ms]
2025-03-09 21:42:00.144 [info] > git for-each-ref --sort -committerdate --format %(refname) %(objectname) %(*objectname) [4ms]
2025-03-09 21:42:00.265 [info] > git rev-list --count 1d28a3445bf4e4695fb1ca06fb22775d7ab7a8d3.. -- /root/2025/connect-the-dot/public/index.html [4ms]
2025-03-09 21:42:00.426 [info] > git status -z -uall [299ms]
2025-03-09 21:42:00.567 [info] > git log --format=%H%n%aN%n%aE%n%at%n%ct%n%P%n%D%n%B -z -n2 --shortstat --follow -- /root/2025/connect-the-dot/public/index.html [294ms]
2025-03-09 21:42:00.868 [info] > git ls-files --stage -- 2025/connect-the-dot/public/index.html [11ms]
2025-03-09 21:42:00.876 [info] > git cat-file -s f3e58ef770f4a4f06405358a827bdf35052751b0 [3ms]
2025-03-09 21:42:00.897 [info] > git show --textconv :2025/connect-the-dot/public/index.html [10ms]
2025-03-09 21:42:06.687 [info] > git config --get commit.template [4ms]
2025-03-09 21:42:06.689 [info] > git for-each-ref --format=%(refname)%00%(upstream:short)%00%(objectname)%00%(upstream:track)%00%(upstream:remotename)%00%(upstream:remoteref) refs/heads/main refs/remotes/main [3ms]
2025-03-09 21:42:06.705 [info] > git for-each-ref --sort -committerdate --format %(refname) %(objectname) %(*objectname) [5ms]
2025-03-09 21:42:06.862 [info] > git status -z -uall [170ms]
2025-03-09 21:42:08.762 [info] > git config --get commit.template [10ms]
2025-03-09 21:42:08.767 [info] > git for-each-ref --format=%(refname)%00%(upstream:short)%00%(objectname)%00%(upstream:track)%00%(upstream:remotename)%00%(upstream:remoteref) refs/heads/main refs/remotes/main [6ms]
2025-03-09 21:42:08.793 [info] > git for-each-ref --sort -committerdate --format %(refname) %(objectname) %(*objectname) [10ms]
2025-03-09 21:42:09.095 [info] > git status -z -uall [323ms]
2025-03-09 21:42:09.367 [info] > git rev-list --count 1d28a3445bf4e4695fb1ca06fb22775d7ab7a8d3.. -- /root/2025/connect-the-dot/public/index.html [2ms]
2025-03-09 21:42:09.536 [info] > git log --format=%H%n%aN%n%aE%n%at%n%ct%n%P%n%D%n%B -z -n2 --shortstat --follow -- /root/2025/connect-the-dot/public/index.html [166ms]
2025-03-09 21:42:09.987 [info] > git ls-files --stage -- 2025/connect-the-dot/public/index.html [12ms]
2025-03-09 21:42:09.995 [info] > git cat-file -s f3e58ef770f4a4f06405358a827bdf35052751b0 [2ms]
2025-03-09 21:42:10.048 [info] > git show --textconv :2025/connect-the-dot/public/index.html [10ms]
2025-03-09 21:42:11.878 [info] > git config --get commit.template [7ms]
2025-03-09 21:42:11.880 [info] > git for-each-ref --format=%(refname)%00%(upstream:short)%00%(objectname)%00%(upstream:track)%00%(upstream:remotename)%00%(upstream:remoteref) refs/heads/main refs/remotes/main [3ms]
2025-03-09 21:42:11.899 [info] > git for-each-ref --sort -committerdate --format %(refname) %(objectname) %(*objectname) [6ms]
2025-03-09 21:42:12.068 [info] > git status -z -uall [184ms]
2025-03-09 21:42:15.546 [info] > git config --get commit.template [11ms]
2025-03-09 21:42:15.554 [info] > git for-each-ref --format=%(refname)%00%(upstream:short)%00%(objectname)%00%(upstream:track)%00%(upstream:remotename)%00%(upstream:remoteref) refs/heads/main refs/remotes/main [8ms]
2025-03-09 21:42:15.576 [info] > git for-each-ref --sort -committerdate --format %(refname) %(objectname) %(*objectname) [10ms]
2025-03-09 21:42:15.867 [info] > git status -z -uall [309ms]
2025-03-09 21:42:15.883 [info] > git blame --root --incremental 2c88edd48e1f8eff6838c8c0b5570d2b3ce4ba8d -- 2025/connect-the-dot/public/index.html [5ms]
2025-03-09 21:42:16.135 [info] > git rev-list --count 1d28a3445bf4e4695fb1ca06fb22775d7ab7a8d3.. -- /root/2025/connect-the-dot/public/index.html [6ms]
2025-03-09 21:42:16.361 [info] > git log --format=%H%n%aN%n%aE%n%at%n%ct%n%P%n%D%n%B -z -n2 --shortstat --follow -- /root/2025/connect-the-dot/public/index.html [222ms]
2025-03-09 21:42:16.762 [info] > git ls-files --stage -- 2025/connect-the-dot/public/index.html [12ms]
2025-03-09 21:42:16.769 [info] > git cat-file -s f3e58ef770f4a4f06405358a827bdf35052751b0 [3ms]
2025-03-09 21:42:16.834 [info] > git show --textconv :2025/connect-the-dot/public/index.html [19ms]
2025-03-09 21:42:17.086 [info] > git config --get commit.template [9ms]
2025-03-09 21:42:17.089 [info] > git for-each-ref --format=%(refname)%00%(upstream:short)%00%(objectname)%00%(upstream:track)%00%(upstream:remotename)%00%(upstream:remoteref) refs/heads/main refs/remotes/main [4ms]
2025-03-09 21:42:17.107 [info] > git for-each-ref --sort -committerdate --format %(refname) %(objectname) %(*objectname) [6ms]
2025-03-09 21:42:17.316 [info] > git status -z -uall [224ms]
2025-03-09 21:42:22.334 [info] > git config --get commit.template [9ms]
2025-03-09 21:42:22.337 [info] > git for-each-ref --format=%(refname)%00%(upstream:short)%00%(objectname)%00%(upstream:track)%00%(upstream:remotename)%00%(upstream:remoteref) refs/heads/main refs/remotes/main [5ms]
2025-03-09 21:42:22.374 [info] > git for-each-ref --sort -committerdate --format %(refname) %(objectname) %(*objectname) [9ms]
2025-03-09 21:42:22.615 [info] > git status -z -uall [267ms]
2025-03-09 21:42:29.161 [info] > git config --get commit.template [7ms]
2025-03-09 21:42:29.165 [info] > git for-each-ref --format=%(refname)%00%(upstream:short)%00%(objectname)%00%(upstream:track)%00%(upstream:remotename)%00%(upstream:remoteref) refs/heads/main refs/remotes/main [4ms]
2025-03-09 21:42:29.185 [info] > git for-each-ref --sort -committerdate --format %(refname) %(objectname) %(*objectname) [6ms]
2025-03-09 21:42:29.329 [info] > git status -z -uall [160ms]
2025-03-09 21:42:50.102 [info] > git config --get commit.template [6ms]
2025-03-09 21:42:50.105 [info] > git for-each-ref --format=%(refname)%00%(upstream:short)%00%(objectname)%00%(upstream:track)%00%(upstream:remotename)%00%(upstream:remoteref) refs/heads/main refs/remotes/main [5ms]
2025-03-09 21:42:50.134 [info] > git for-each-ref --sort -committerdate --format %(refname) %(objectname) %(*objectname) [6ms]
2025-03-09 21:42:50.280 [info] > git status -z -uall [169ms]
2025-03-09 21:42:55.295 [info] > git config --get commit.template [5ms]
2025-03-09 21:42:55.297 [info] > git for-each-ref --format=%(refname)%00%(upstream:short)%00%(objectname)%00%(upstream:track)%00%(upstream:remotename)%00%(upstream:remoteref) refs/heads/main refs/remotes/main [4ms]
2025-03-09 21:42:55.317 [info] > git for-each-ref --sort -committerdate --format %(refname) %(objectname) %(*objectname) [8ms]
2025-03-09 21:42:55.454 [info] > git status -z -uall [154ms]
2025-03-09 21:43:00.467 [info] > git config --get commit.template [7ms]
2025-03-09 21:43:00.469 [info] > git for-each-ref --format=%(refname)%00%(upstream:short)%00%(objectname)%00%(upstream:track)%00%(upstream:remotename)%00%(upstream:remoteref) refs/heads/main refs/remotes/main [3ms]
2025-03-09 21:43:00.484 [info] > git for-each-ref --sort -committerdate --format %(refname) %(objectname) %(*objectname) [4ms]
2025-03-09 21:43:00.615 [info] > git status -z -uall [143ms]
2025-03-09 21:43:05.629 [info] > git config --get commit.template [6ms]
2025-03-09 21:43:05.632 [info] > git for-each-ref --format=%(refname)%00%(upstream:short)%00%(objectname)%00%(upstream:track)%00%(upstream:remotename)%00%(upstream:remoteref) refs/heads/main refs/remotes/main [4ms]
2025-03-09 21:43:05.652 [info] > git for-each-ref --sort -committerdate --format %(refname) %(objectname) %(*objectname) [8ms]
2025-03-09 21:43:05.784 [info] > git status -z -uall [149ms]
2025-03-09 21:43:10.798 [info] > git config --get commit.template [6ms]
2025-03-09 21:43:10.801 [info] > git for-each-ref --format=%(refname)%00%(upstream:short)%00%(objectname)%00%(upstream:track)%00%(upstream:remotename)%00%(upstream:remoteref) refs/heads/main refs/remotes/main [3ms]
2025-03-09 21:43:10.816 [info] > git for-each-ref --sort -committerdate --format %(refname) %(objectname) %(*objectname) [3ms]
2025-03-09 21:43:10.978 [info] > git status -z -uall [174ms]
2025-03-09 21:43:15.995 [info] > git config --get commit.template [8ms]
2025-03-09 21:43:15.998 [info] > git for-each-ref --format=%(refname)%00%(upstream:short)%00%(objectname)%00%(upstream:track)%00%(upstream:remotename)%00%(upstream:remoteref) refs/heads/main refs/remotes/main [4ms]
2025-03-09 21:43:16.018 [info] > git for-each-ref --sort -committerdate --format %(refname) %(objectname) %(*objectname) [9ms]
2025-03-09 21:43:16.153 [info] > git status -z -uall [152ms]
2025-03-09 21:43:21.662 [info] > git config --get commit.template [5ms]
2025-03-09 21:43:21.664 [info] > git for-each-ref --format=%(refname)%00%(upstream:short)%00%(objectname)%00%(upstream:track)%00%(upstream:remotename)%00%(upstream:remoteref) refs/heads/main refs/remotes/main [3ms]
2025-03-09 21:43:21.680 [info] > git for-each-ref --sort -committerdate --format %(refname) %(objectname) %(*objectname) [3ms]
2025-03-09 21:43:21.808 [info] > git status -z -uall [141ms]
2025-03-09 21:43:26.823 [info] > git config --get commit.template [6ms]
2025-03-09 21:43:26.826 [info] > git for-each-ref --format=%(refname)%00%(upstream:short)%00%(objectname)%00%(upstream:track)%00%(upstream:remotename)%00%(upstream:remoteref) refs/heads/main refs/remotes/main [5ms]
2025-03-09 21:43:26.842 [info] > git for-each-ref --sort -committerdate --format %(refname) %(objectname) %(*objectname) [6ms]
2025-03-09 21:43:26.968 [info] > git status -z -uall [139ms]
2025-03-09 21:43:31.990 [info] > git config --get commit.template [12ms]
2025-03-09 21:43:31.994 [info] > git for-each-ref --format=%(refname)%00%(upstream:short)%00%(objectname)%00%(upstream:track)%00%(upstream:remotename)%00%(upstream:remoteref) refs/heads/main refs/remotes/main [8ms]
2025-03-09 21:43:32.015 [info] > git for-each-ref --sort -committerdate --format %(refname) %(objectname) %(*objectname) [9ms]
2025-03-09 21:43:32.160 [info] > git status -z -uall [162ms]
2025-03-09 21:43:37.673 [info] > git config --get commit.template [6ms]
2025-03-09 21:43:37.675 [info] > git for-each-ref --format=%(refname)%00%(upstream:short)%00%(objectname)%00%(upstream:track)%00%(upstream:remotename)%00%(upstream:remoteref) refs/heads/main refs/remotes/main [4ms]
2025-03-09 21:43:37.692 [info] > git for-each-ref --sort -committerdate --format %(refname) %(objectname) %(*objectname) [7ms]
2025-03-09 21:43:37.840 [info] > git status -z -uall [162ms]
2025-03-09 21:44:43.018 [info] > git config --get commit.template [17ms]
2025-03-09 21:44:43.022 [info] > git for-each-ref --format=%(refname)%00%(upstream:short)%00%(objectname)%00%(upstream:track)%00%(upstream:remotename)%00%(upstream:remoteref) refs/heads/main refs/remotes/main [8ms]
2025-03-09 21:44:43.053 [info] > git for-each-ref --sort -committerdate --format %(refname) %(objectname) %(*objectname) [9ms]
2025-03-09 21:44:43.196 [info] > git status -z -uall [162ms]
2025-03-09 21:44:43.247 [info] > git fetch [267ms]
2025-03-09 21:44:43.247 [info] git@github.com: Permission denied (publickey).
fatal: Could not read from remote repository.

Please make sure you have the correct access rights
and the repository exists.
2025-03-09 21:44:43.256 [info] > git config --get commit.template [5ms]
2025-03-09 21:44:43.258 [info] > git for-each-ref --format=%(refname)%00%(upstream:short)%00%(objectname)%00%(upstream:track)%00%(upstream:remotename)%00%(upstream:remoteref) refs/heads/main refs/remotes/main [3ms]
2025-03-09 21:44:43.276 [info] > git for-each-ref --sort -committerdate --format %(refname) %(objectname) %(*objectname) [7ms]
2025-03-09 21:44:43.417 [info] > git status -z -uall [156ms]
2025-03-09 21:44:43.669 [info] > git rev-list --count 1d28a3445bf4e4695fb1ca06fb22775d7ab7a8d3.. -- /root/2025/connect-the-dot/public/index.html [3ms]
2025-03-09 21:44:43.830 [info] > git log --format=%H%n%aN%n%aE%n%at%n%ct%n%P%n%D%n%B -z -n2 --shortstat --follow -- /root/2025/connect-the-dot/public/index.html [157ms]
2025-03-09 21:44:44.281 [info] > git ls-files --stage -- 2025/connect-the-dot/public/index.html [8ms]
2025-03-09 21:44:44.290 [info] > git cat-file -s f3e58ef770f4a4f06405358a827bdf35052751b0 [3ms]
2025-03-09 21:44:44.311 [info] > git show --textconv :2025/connect-the-dot/public/index.html [10ms]
2025-03-09 21:44:48.208 [info] > git config --get commit.template [4ms]
2025-03-09 21:44:48.210 [info] > git for-each-ref --format=%(refname)%00%(upstream:short)%00%(objectname)%00%(upstream:track)%00%(upstream:remotename)%00%(upstream:remoteref) refs/heads/main refs/remotes/main [3ms]
2025-03-09 21:44:48.226 [info] > git for-each-ref --sort -committerdate --format %(refname) %(objectname) %(*objectname) [6ms]
2025-03-09 21:44:48.362 [info] > git status -z -uall [149ms]
2025-03-09 21:45:33.458 [info] > git config --get commit.template [9ms]
2025-03-09 21:45:33.462 [info] > git for-each-ref --format=%(refname)%00%(upstream:short)%00%(objectname)%00%(upstream:track)%00%(upstream:remotename)%00%(upstream:remoteref) refs/heads/main refs/remotes/main [5ms]
2025-03-09 21:45:33.492 [info] > git for-each-ref --sort -committerdate --format %(refname) %(objectname) %(*objectname) [11ms]
2025-03-09 21:45:33.691 [info] > git status -z -uall [223ms]
2025-03-09 21:45:38.710 [info] > git config --get commit.template [7ms]
2025-03-09 21:45:38.713 [info] > git for-each-ref --format=%(refname)%00%(upstream:short)%00%(objectname)%00%(upstream:track)%00%(upstream:remotename)%00%(upstream:remoteref) refs/heads/main refs/remotes/main [4ms]
2025-03-09 21:45:38.734 [info] > git for-each-ref --sort -committerdate --format %(refname) %(objectname) %(*objectname) [9ms]
2025-03-09 21:45:38.946 [info] > git status -z -uall [229ms]
2025-03-09 21:45:53.075 [info] > git config --get commit.template [8ms]
2025-03-09 21:45:53.091 [info] > git for-each-ref --format=%(refname)%00%(upstream:short)%00%(objectname)%00%(upstream:track)%00%(upstream:remotename)%00%(upstream:remoteref) refs/heads/main refs/remotes/main [16ms]
2025-03-09 21:45:53.111 [info] > git for-each-ref --sort -committerdate --format %(refname) %(objectname) %(*objectname) [6ms]
2025-03-09 21:45:53.298 [info] > git status -z -uall [202ms]
2025-03-09 21:45:58.313 [info] > git config --get commit.template [7ms]
2025-03-09 21:45:58.316 [info] > git for-each-ref --format=%(refname)%00%(upstream:short)%00%(objectname)%00%(upstream:track)%00%(upstream:remotename)%00%(upstream:remoteref) refs/heads/main refs/remotes/main [4ms]
2025-03-09 21:45:58.333 [info] > git for-each-ref --sort -committerdate --format %(refname) %(objectname) %(*objectname) [4ms]
2025-03-09 21:45:58.539 [info] > git status -z -uall [220ms]
2025-03-09 21:46:47.972 [info] > git config --get commit.template [7ms]
2025-03-09 21:46:47.976 [info] > git for-each-ref --format=%(refname)%00%(upstream:short)%00%(objectname)%00%(upstream:track)%00%(upstream:remotename)%00%(upstream:remoteref) refs/heads/main refs/remotes/main [5ms]
2025-03-09 21:46:47.996 [info] > git for-each-ref --sort -committerdate --format %(refname) %(objectname) %(*objectname) [6ms]
2025-03-09 21:46:48.147 [info] > git status -z -uall [166ms]
2025-03-09 21:46:53.169 [info] > git config --get commit.template [10ms]
2025-03-09 21:46:53.175 [info] > git for-each-ref --format=%(refname)%00%(upstream:short)%00%(objectname)%00%(upstream:track)%00%(upstream:remotename)%00%(upstream:remoteref) refs/heads/main refs/remotes/main [8ms]
2025-03-09 21:46:53.203 [info] > git for-each-ref --sort -committerdate --format %(refname) %(objectname) %(*objectname) [13ms]
2025-03-09 21:46:53.374 [info] > git status -z -uall [193ms]
2025-03-09 21:48:29.586 [info] > git config --get commit.template [11ms]
2025-03-09 21:48:29.591 [info] > git for-each-ref --format=%(refname)%00%(upstream:short)%00%(objectname)%00%(upstream:track)%00%(upstream:remotename)%00%(upstream:remoteref) refs/heads/main refs/remotes/main [5ms]
2025-03-09 21:48:29.622 [info] > git for-each-ref --sort -committerdate --format %(refname) %(objectname) %(*objectname) [13ms]
2025-03-09 21:48:29.852 [info] > git status -z -uall [255ms]
2025-03-09 21:48:30.206 [info] > git rev-list --count 1d28a3445bf4e4695fb1ca06fb22775d7ab7a8d3.. -- /root/2025/connect-the-dot/public/index.html [7ms]
2025-03-09 21:48:30.435 [info] > git fetch [880ms]
2025-03-09 21:48:30.436 [info] From github.com:shuang0906/Live-Web
 * [new branch]      main       -> origin/main
2025-03-09 21:48:30.464 [info] > git config --get commit.template [17ms]
2025-03-09 21:48:30.469 [info] > git for-each-ref --format=%(refname)%00%(upstream:short)%00%(objectname)%00%(upstream:track)%00%(upstream:remotename)%00%(upstream:remoteref) refs/heads/main refs/remotes/main [11ms]
2025-03-09 21:48:30.516 [info] > git for-each-ref --sort -committerdate --format %(refname) %(objectname) %(*objectname) [21ms]
2025-03-09 21:48:30.743 [info] > git log --format=%H%n%aN%n%aE%n%at%n%ct%n%P%n%D%n%B -z -n2 --shortstat --follow -- /root/2025/connect-the-dot/public/index.html [531ms]
2025-03-09 21:48:30.968 [info] > git status -z -uall [486ms]
2025-03-09 21:48:31.488 [info] > git rev-list --count 1d28a3445bf4e4695fb1ca06fb22775d7ab7a8d3.. -- /root/2025/connect-the-dot/public/index.html [4ms]
2025-03-09 21:48:31.692 [info] > git log --format=%H%n%aN%n%aE%n%at%n%ct%n%P%n%D%n%B -z -n2 --shortstat --follow -- /root/2025/connect-the-dot/public/index.html [198ms]
2025-03-09 21:48:31.706 [info] > git ls-files --stage -- 2025/connect-the-dot/public/index.html [17ms]
2025-03-09 21:48:31.900 [info] > git cat-file -s f3e58ef770f4a4f06405358a827bdf35052751b0 [185ms]
2025-03-09 21:48:31.927 [info] > git show --textconv :2025/connect-the-dot/public/index.html [13ms]
2025-03-09 21:48:34.872 [info] > git config --get commit.template [9ms]
2025-03-09 21:48:34.876 [info] > git for-each-ref --format=%(refname)%00%(upstream:short)%00%(objectname)%00%(upstream:track)%00%(upstream:remotename)%00%(upstream:remoteref) refs/heads/main refs/remotes/main [4ms]
2025-03-09 21:48:34.903 [info] > git for-each-ref --sort -committerdate --format %(refname) %(objectname) %(*objectname) [10ms]
2025-03-09 21:48:35.078 [info] > git status -z -uall [196ms]
2025-03-09 21:48:48.350 [info] > git config --get commit.template [8ms]
2025-03-09 21:48:48.354 [info] > git for-each-ref --format=%(refname)%00%(upstream:short)%00%(objectname)%00%(upstream:track)%00%(upstream:remotename)%00%(upstream:remoteref) refs/heads/main refs/remotes/main [6ms]
2025-03-09 21:48:48.392 [info] > git for-each-ref --sort -committerdate --format %(refname) %(objectname) %(*objectname) [11ms]
2025-03-09 21:48:48.594 [info] > git status -z -uall [230ms]
2025-03-09 21:48:53.623 [info] > git config --get commit.template [13ms]
2025-03-09 21:48:53.630 [info] > git for-each-ref --format=%(refname)%00%(upstream:short)%00%(objectname)%00%(upstream:track)%00%(upstream:remotename)%00%(upstream:remoteref) refs/heads/main refs/remotes/main [9ms]
2025-03-09 21:48:53.655 [info] > git for-each-ref --sort -committerdate --format %(refname) %(objectname) %(*objectname) [6ms]
2025-03-09 21:48:53.963 [info] > git status -z -uall [327ms]
2025-03-09 21:49:03.917 [info] > git for-each-ref --format=%(refname)%00%(upstream:short)%00%(objectname)%00%(upstream:track)%00%(upstream:remotename)%00%(upstream:remoteref) refs/heads/main refs/remotes/main [2ms]
2025-03-09 21:49:03.917 [info] > git config --get commit.template [106ms]
2025-03-09 21:49:03.998 [info] > git for-each-ref --sort -committerdate --format %(refname) %(objectname) %(*objectname) [20ms]
2025-03-09 21:49:05.032 [info] > git status -z -uall [1085ms]
2025-03-09 21:49:10.056 [info] > git config --get commit.template [10ms]
2025-03-09 21:49:10.065 [info] > git for-each-ref --format=%(refname)%00%(upstream:short)%00%(objectname)%00%(upstream:track)%00%(upstream:remotename)%00%(upstream:remoteref) refs/heads/main refs/remotes/main [11ms]
2025-03-09 21:49:10.100 [info] > git for-each-ref --sort -committerdate --format %(refname) %(objectname) %(*objectname) [19ms]
2025-03-09 21:49:10.447 [info] > git status -z -uall [374ms]
2025-03-09 21:49:15.488 [info] > git config --get commit.template [21ms]
2025-03-09 21:49:15.500 [info] > git for-each-ref --format=%(refname)%00%(upstream:short)%00%(objectname)%00%(upstream:track)%00%(upstream:remotename)%00%(upstream:remoteref) refs/heads/main refs/remotes/main [22ms]
2025-03-09 21:49:15.540 [info] > git for-each-ref --sort -committerdate --format %(refname) %(objectname) %(*objectname) [22ms]
2025-03-09 21:49:15.869 [info] > git status -z -uall [364ms]
2025-03-09 21:49:20.910 [info] > git config --get commit.template [18ms]
2025-03-09 21:49:20.917 [info] > git for-each-ref --format=%(refname)%00%(upstream:short)%00%(objectname)%00%(upstream:track)%00%(upstream:remotename)%00%(upstream:remoteref) refs/heads/main refs/remotes/main [9ms]
2025-03-09 21:49:20.948 [info] > git for-each-ref --sort -committerdate --format %(refname) %(objectname) %(*objectname) [11ms]
2025-03-09 21:49:21.311 [info] > git status -z -uall [386ms]
2025-03-09 21:50:35.981 [info] > git config --get commit.template [9ms]
2025-03-09 21:50:35.984 [info] > git for-each-ref --format=%(refname)%00%(upstream:short)%00%(objectname)%00%(upstream:track)%00%(upstream:remotename)%00%(upstream:remoteref) refs/heads/main refs/remotes/main [4ms]
2025-03-09 21:50:36.003 [info] > git for-each-ref --sort -committerdate --format %(refname) %(objectname) %(*objectname) [7ms]
2025-03-09 21:50:36.163 [info] > git status -z -uall [174ms]
2025-03-09 21:50:36.177 [info] > git merge-base refs/heads/main refs/remotes/origin/main [6ms]
2025-03-09 21:50:36.192 [info] > git diff --name-status -z --diff-filter=ADMR 2c88edd48e1f8eff6838c8c0b5570d2b3ce4ba8d...refs/remotes/origin/main [10ms]
2025-03-09 21:50:36.607 [info] > git rev-list --count 1d28a3445bf4e4695fb1ca06fb22775d7ab7a8d3.. -- /root/2025/connect-the-dot/public/index.html [6ms]
2025-03-09 21:50:36.854 [info] > git log --format=%H%n%aN%n%aE%n%at%n%ct%n%P%n%D%n%B -z -n2 --shortstat --follow -- /root/2025/connect-the-dot/public/index.html [241ms]
2025-03-09 21:58:59.517 [info] > git config --get commit.template [15ms]
2025-03-09 21:58:59.549 [info] > git for-each-ref --format=%(refname)%00%(upstream:short)%00%(objectname)%00%(upstream:track)%00%(upstream:remotename)%00%(upstream:remoteref) refs/heads/main refs/remotes/main [22ms]
2025-03-09 21:58:59.571 [info] > git ls-files --stage -- 2025/connect-the-dot/public/index.html [55ms]
2025-03-09 21:58:59.585 [info] > git for-each-ref --sort -committerdate --format %(refname) %(objectname) %(*objectname) [19ms]
2025-03-09 21:58:59.594 [info] > git cat-file -s f3e58ef770f4a4f06405358a827bdf35052751b0 [8ms]
2025-03-09 21:58:59.707 [info] > git show --textconv :2025/connect-the-dot/public/index.html [31ms]
2025-03-09 21:58:59.795 [info] > git status -z -uall [237ms]
2025-03-09 21:59:00.046 [info] > git fetch [561ms]
2025-03-09 21:59:00.057 [info] > git config --get commit.template [6ms]
2025-03-09 21:59:00.060 [info] > git for-each-ref --format=%(refname)%00%(upstream:short)%00%(objectname)%00%(upstream:track)%00%(upstream:remotename)%00%(upstream:remoteref) refs/heads/main refs/remotes/main [3ms]
2025-03-09 21:59:00.076 [info] > git for-each-ref --sort -committerdate --format %(refname) %(objectname) %(*objectname) [7ms]
2025-03-09 21:59:00.140 [info] > git rev-list --count 1d28a3445bf4e4695fb1ca06fb22775d7ab7a8d3.. -- /root/2025/connect-the-dot/public/index.html [11ms]
2025-03-09 21:59:00.308 [info] > git status -z -uall [245ms]
2025-03-09 21:59:00.377 [info] > git log --format=%H%n%aN%n%aE%n%at%n%ct%n%P%n%D%n%B -z -n2 --shortstat --follow -- /root/2025/connect-the-dot/public/index.html [233ms]
2025-03-09 21:59:00.824 [info] > git rev-list --count 1d28a3445bf4e4695fb1ca06fb22775d7ab7a8d3.. -- /root/2025/connect-the-dot/public/index.html [3ms]
2025-03-09 21:59:00.969 [info] > git log --format=%H%n%aN%n%aE%n%at%n%ct%n%P%n%D%n%B -z -n2 --shortstat --follow -- /root/2025/connect-the-dot/public/index.html [142ms]
2025-03-09 21:59:01.253 [info] > git ls-files --stage -- 2025/connect-the-dot/public/index.html [8ms]
2025-03-09 21:59:01.259 [info] > git cat-file -s f3e58ef770f4a4f06405358a827bdf35052751b0 [3ms]
2025-03-09 21:59:01.282 [info] > git show --textconv :2025/connect-the-dot/public/index.html [12ms]
2025-03-09 21:59:37.621 [info] > git config --get commit.template [8ms]
2025-03-09 21:59:37.625 [info] > git for-each-ref --format=%(refname)%00%(upstream:short)%00%(objectname)%00%(upstream:track)%00%(upstream:remotename)%00%(upstream:remoteref) refs/heads/main refs/remotes/main [6ms]
2025-03-09 21:59:37.663 [info] > git for-each-ref --sort -committerdate --format %(refname) %(objectname) %(*objectname) [11ms]
2025-03-09 21:59:37.881 [info] > git status -z -uall [242ms]
2025-03-09 21:59:42.898 [info] > git config --get commit.template [8ms]
2025-03-09 21:59:42.901 [info] > git for-each-ref --format=%(refname)%00%(upstream:short)%00%(objectname)%00%(upstream:track)%00%(upstream:remotename)%00%(upstream:remoteref) refs/heads/main refs/remotes/main [4ms]
2025-03-09 21:59:42.922 [info] > git for-each-ref --sort -committerdate --format %(refname) %(objectname) %(*objectname) [9ms]
2025-03-09 21:59:43.122 [info] > git status -z -uall [216ms]
2025-03-09 21:59:48.136 [info] > git config --get commit.template [5ms]
2025-03-09 21:59:48.142 [info] > git for-each-ref --format=%(refname)%00%(upstream:short)%00%(objectname)%00%(upstream:track)%00%(upstream:remotename)%00%(upstream:remoteref) refs/heads/main refs/remotes/main [7ms]
2025-03-09 21:59:48.159 [info] > git for-each-ref --sort -committerdate --format %(refname) %(objectname) %(*objectname) [6ms]
2025-03-09 21:59:48.284 [info] > git status -z -uall [139ms]
2025-03-09 21:59:48.682 [info] > git log --format=%H%n%aN%n%aE%n%at%n%ct%n%P%n%D%n%B -z -n51 --shortstat --follow -- /root/2025/nedb/data.db [152ms]
2025-03-09 21:59:48.725 [info] > git show --textconv :2025/nedb/data.db [15ms]
2025-03-09 21:59:48.729 [info] > git ls-files --stage -- 2025/nedb/data.db [13ms]
2025-03-09 21:59:48.736 [info] > git cat-file -s 0140570d02dc708a1ea7ce10f3f04b328f0bafb7 [3ms]
2025-03-09 21:59:49.294 [info] > git log --format=%H%n%aN%n%aE%n%at%n%ct%n%P%n%D%n%B -z -n51 --shortstat --follow -- /root/2025/connect-the-dot/public/index.html [167ms]
2025-03-09 21:59:49.390 [info] > git show --textconv :2025/connect-the-dot/public/index.html [21ms]
2025-03-09 21:59:49.392 [info] > git ls-files --stage -- 2025/connect-the-dot/public/index.html [16ms]
2025-03-09 21:59:49.418 [info] > git cat-file -s f3e58ef770f4a4f06405358a827bdf35052751b0 [23ms]
2025-03-09 21:59:49.723 [info] > git log --format=%H%n%aN%n%aE%n%at%n%ct%n%P%n%D%n%B -z -n51 --shortstat --follow -- /root/2025/nedb/data.db [168ms]
2025-03-09 21:59:49.767 [info] > git show --textconv :2025/nedb/data.db [20ms]
2025-03-09 21:59:49.768 [info] > git ls-files --stage -- 2025/nedb/data.db [15ms]
2025-03-09 21:59:49.774 [info] > git cat-file -s 0140570d02dc708a1ea7ce10f3f04b328f0bafb7 [3ms]
2025-03-09 21:59:51.450 [info] > git log --format=%H%n%aN%n%aE%n%at%n%ct%n%P%n%D%n%B -z -n51 --shortstat --follow -- /root/2025/connect-the-dot/public/index.html [149ms]
2025-03-09 21:59:51.496 [info] > git show --textconv :2025/connect-the-dot/public/index.html [15ms]
2025-03-09 21:59:51.501 [info] > git ls-files --stage -- 2025/connect-the-dot/public/index.html [13ms]
2025-03-09 21:59:51.507 [info] > git cat-file -s f3e58ef770f4a4f06405358a827bdf35052751b0 [2ms]
2025-03-09 21:59:53.310 [info] > git config --get commit.template [11ms]
2025-03-09 21:59:53.322 [info] > git for-each-ref --format=%(refname)%00%(upstream:short)%00%(objectname)%00%(upstream:track)%00%(upstream:remotename)%00%(upstream:remoteref) refs/heads/main refs/remotes/main [13ms]
2025-03-09 21:59:53.363 [info] > git for-each-ref --sort -committerdate --format %(refname) %(objectname) %(*objectname) [18ms]
2025-03-09 21:59:53.759 [info] > git status -z -uall [425ms]
2025-03-09 21:59:54.528 [info] > git show --textconv :2025/nedb/server.js [720ms]
2025-03-09 21:59:54.528 [info] > git check-ignore -v -z --stdin [56ms]
2025-03-09 21:59:54.529 [info] > git ls-files --stage -- 2025/nedb/server.js [689ms]
2025-03-09 21:59:54.542 [info] > git log --format=%H%n%aN%n%aE%n%at%n%ct%n%P%n%D%n%B -z -n51 --shortstat --follow -- /root/2025/nedb/server.js [1032ms]
2025-03-09 21:59:54.581 [info] > git cat-file -s 0cf91841233b051532285d8da3f1cfbe5d59858a [39ms]
2025-03-09 21:59:54.686 [info] > git show --textconv :2025/connect-the-dot/public/index.html [81ms]
2025-03-09 21:59:54.686 [info] > git ls-files --stage -- 2025/connect-the-dot/public/index.html [65ms]
2025-03-09 21:59:54.719 [info] > git cat-file -s f3e58ef770f4a4f06405358a827bdf35052751b0 [16ms]
2025-03-09 21:59:55.139 [info] > git log --format=%H%n%aN%n%aE%n%at%n%ct%n%P%n%D%n%B -z -n51 --shortstat --follow -- /root/2025/connect-the-dot/public/index.html [631ms]
2025-03-09 21:59:55.219 [info] > git show --textconv :2025/connect-the-dot/server.js [58ms]
2025-03-09 21:59:55.235 [info] > git ls-files --stage -- 2025/connect-the-dot/server.js [53ms]
2025-03-09 21:59:55.260 [info] > git cat-file -s b3ced9f413097434fd29c3b2ea16d474e32acf43 [18ms]
2025-03-09 21:59:55.336 [info] > git blame --root --incremental 2c88edd48e1f8eff6838c8c0b5570d2b3ce4ba8d -- 2025/connect-the-dot/server.js [33ms]
2025-03-09 21:59:55.852 [info] > git log --format=%H%n%aN%n%aE%n%at%n%ct%n%P%n%D%n%B -z -n51 --shortstat --follow -- /root/2025/connect-the-dot/server.js [784ms]
2025-03-09 21:59:58.785 [info] > git config --get commit.template [17ms]
2025-03-09 21:59:58.805 [info] > git for-each-ref --format=%(refname)%00%(upstream:short)%00%(objectname)%00%(upstream:track)%00%(upstream:remotename)%00%(upstream:remoteref) refs/heads/main refs/remotes/main [22ms]
2025-03-09 21:59:58.851 [info] > git for-each-ref --sort -committerdate --format %(refname) %(objectname) %(*objectname) [19ms]
2025-03-09 21:59:59.297 [info] > git status -z -uall [470ms]
2025-03-09 22:00:04.459 [info] > git config --get commit.template [7ms]
2025-03-09 22:00:04.735 [info] > git for-each-ref --format=%(refname)%00%(upstream:short)%00%(objectname)%00%(upstream:track)%00%(upstream:remotename)%00%(upstream:remoteref) refs/heads/main refs/remotes/main [82ms]
2025-03-09 22:00:05.027 [info] > git for-each-ref --sort -committerdate --format %(refname) %(objectname) %(*objectname) [157ms]
2025-03-09 22:00:07.233 [info] > git status -z -uall [2400ms]
2025-03-09 22:00:12.307 [info] > git config --get commit.template [29ms]
2025-03-09 22:00:12.308 [info] > git for-each-ref --format=%(refname)%00%(upstream:short)%00%(objectname)%00%(upstream:track)%00%(upstream:remotename)%00%(upstream:remoteref) refs/heads/main refs/remotes/main [19ms]
2025-03-09 22:00:12.347 [info] > git for-each-ref --sort -committerdate --format %(refname) %(objectname) %(*objectname) [17ms]
2025-03-09 22:00:12.779 [info] > git status -z -uall [460ms]
2025-03-09 22:00:14.783 [info] > git check-ignore -v -z --stdin [45ms]
2025-03-09 22:00:17.815 [info] > git config --get commit.template [11ms]
2025-03-09 22:00:17.828 [info] > git for-each-ref --format=%(refname)%00%(upstream:short)%00%(objectname)%00%(upstream:track)%00%(upstream:remotename)%00%(upstream:remoteref) refs/heads/main refs/remotes/main [15ms]
2025-03-09 22:00:17.884 [info] > git for-each-ref --sort -committerdate --format %(refname) %(objectname) %(*objectname) [17ms]
2025-03-09 22:00:18.485 [info] > git status -z -uall [634ms]
2025-03-09 22:00:23.526 [info] > git config --get commit.template [13ms]
2025-03-09 22:00:23.552 [info] > git for-each-ref --format=%(refname)%00%(upstream:short)%00%(objectname)%00%(upstream:track)%00%(upstream:remotename)%00%(upstream:remoteref) refs/heads/main refs/remotes/main [28ms]
2025-03-09 22:00:23.625 [info] > git for-each-ref --sort -committerdate --format %(refname) %(objectname) %(*objectname) [43ms]
2025-03-09 22:00:24.616 [info] > git status -z -uall [1050ms]
2025-03-09 22:00:26.795 [info] > git check-ignore -v -z --stdin [70ms]
2025-03-09 22:00:29.784 [info] > git config --get commit.template [130ms]
2025-03-09 22:00:29.798 [info] > git for-each-ref --format=%(refname)%00%(upstream:short)%00%(objectname)%00%(upstream:track)%00%(upstream:remotename)%00%(upstream:remoteref) refs/heads/main refs/remotes/main [131ms]
2025-03-09 22:00:29.847 [info] > git for-each-ref --sort -committerdate --format %(refname) %(objectname) %(*objectname) [18ms]
2025-03-09 22:00:30.381 [info] > git status -z -uall [564ms]
2025-03-09 22:00:31.303 [info] > git check-ignore -v -z --stdin [46ms]
2025-03-09 22:00:35.422 [info] > git config --get commit.template [9ms]
2025-03-09 22:00:35.430 [info] > git for-each-ref --format=%(refname)%00%(upstream:short)%00%(objectname)%00%(upstream:track)%00%(upstream:remotename)%00%(upstream:remoteref) refs/heads/main refs/remotes/main [9ms]
2025-03-09 22:00:35.456 [info] > git for-each-ref --sort -committerdate --format %(refname) %(objectname) %(*objectname) [8ms]
2025-03-09 22:00:35.756 [info] > git status -z -uall [320ms]
2025-03-09 22:00:40.784 [info] > git config --get commit.template [11ms]
2025-03-09 22:00:40.787 [info] > git for-each-ref --format=%(refname)%00%(upstream:short)%00%(objectname)%00%(upstream:track)%00%(upstream:remotename)%00%(upstream:remoteref) refs/heads/main refs/remotes/main [3ms]
2025-03-09 22:00:40.811 [info] > git for-each-ref --sort -committerdate --format %(refname) %(objectname) %(*objectname) [7ms]
2025-03-09 22:00:41.133 [info] > git status -z -uall [341ms]
2025-03-09 22:00:45.158 [info] > git log --format=%H%n%aN%n%aE%n%at%n%ct%n%P%n%D%n%B -z --shortstat --diff-merges=first-parent -n50 --skip=0 --topo-order --decorate=full --stdin [30987ms]
