2025-03-16 23:31:46.590 [info] Extension host with pid 475990 started
2025-03-16 23:31:46.686 [info] ExtensionService#_doActivateExtension vscode.emmet, startup: false, activationEvent: 'onLanguage'
2025-03-16 23:31:46.692 [info] ExtensionService#_doActivateExtension vscode.git-base, startup: false, activationEvent: '*', root cause: vscode.git
2025-03-16 23:31:46.692 [info] ExtensionService#_doActivateExtension vscode.html-language-features, startup: false, activationEvent: 'onLanguage:html'
2025-03-16 23:31:46.693 [info] ExtensionService#_doActivateExtension vscode.typescript-language-features, startup: false, activationEvent: 'onLanguage:javascript'
2025-03-16 23:31:47.372 [info] Lock '/root/.vscode-server/data/User/workspaceStorage/234f782b3d05d84fc5ed43b28cb66454/vscode.lock': Lock acquired.
2025-03-16 23:31:48.120 [info] ExtensionService#_doActivateExtension vscode.git, startup: false, activationEvent: '*'
2025-03-16 23:31:48.120 [info] ExtensionService#_doActivateExtension vscode.github, startup: false, activationEvent: '*'
2025-03-16 23:31:48.744 [info] ExtensionService#_doActivateExtension vscode.npm, startup: true, activationEvent: 'workspaceContains:package.json'
2025-03-16 23:31:53.571 [info] Eager extensions activated
2025-03-16 23:31:53.572 [info] ExtensionService#_doActivateExtension vscode.debug-auto-launch, startup: false, activationEvent: 'onStartupFinished'
2025-03-16 23:31:53.573 [info] ExtensionService#_doActivateExtension vscode.merge-conflict, startup: false, activationEvent: 'onStartupFinished'
2025-03-16 23:31:57.350 [warning] [Decorations] CAPPING events from decorations provider vscode.git 3940
2025-03-16 23:32:02.470 [warning] [Decorations] CAPPING events from decorations provider vscode.git 3940
2025-03-16 23:32:05.295 [info] ExtensionService#_doActivateExtension vscode.configuration-editing, startup: false, activationEvent: 'onLanguage:json'
2025-03-16 23:32:05.296 [info] ExtensionService#_doActivateExtension vscode.extension-editing, startup: false, activationEvent: 'onLanguage:json'
2025-03-16 23:32:05.296 [info] ExtensionService#_doActivateExtension vscode.json-language-features, startup: false, activationEvent: 'onLanguage:json'
2025-03-16 23:32:18.942 [warning] [Decorations] CAPPING events from decorations provider vscode.git 3955
2025-03-16 23:32:20.185 [warning] [Decorations] CAPPING events from decorations provider vscode.git 3955
2025-03-16 23:32:24.472 [warning] [Decorations] CAPPING events from decorations provider vscode.git 3955
2025-03-16 23:35:21.723 [warning] [Decorations] CAPPING events from decorations provider vscode.git 3956
2025-03-16 23:38:39.741 [warning] [Decorations] CAPPING events from decorations provider vscode.git 3959
2025-03-16 23:39:44.739 [warning] [Decorations] CAPPING events from decorations provider vscode.git 4615
2025-03-16 23:40:00.069 [warning] [Decorations] CAPPING events from decorations provider vscode.git 4618
2025-03-16 23:40:58.578 [warning] [Decorations] CAPPING events from decorations provider vscode.git 4633
2025-03-16 23:41:45.284 [warning] [Decorations] CAPPING events from decorations provider vscode.git 4636
2025-03-16 23:45:35.278 [warning] [Decorations] CAPPING events from decorations provider vscode.git 4647
2025-03-16 23:48:42.722 [warning] [Decorations] CAPPING events from decorations provider vscode.git 4653
2025-03-16 23:51:43.837 [warning] [Decorations] CAPPING events from decorations provider vscode.git 4657
2025-03-16 23:54:44.864 [warning] [Decorations] CAPPING events from decorations provider vscode.git 4660
2025-03-16 23:57:46.048 [warning] [Decorations] CAPPING events from decorations provider vscode.git 6919
2025-03-17 00:00:52.993 [warning] [Decorations] CAPPING events from decorations provider vscode.git 6919
2025-03-17 00:03:54.196 [warning] [Decorations] CAPPING events from decorations provider vscode.git 6923
2025-03-17 00:06:55.253 [warning] [Decorations] CAPPING events from decorations provider vscode.git 6931
2025-03-17 00:09:56.247 [warning] [Decorations] CAPPING events from decorations provider vscode.git 6935
2025-03-17 00:13:58.386 [warning] [Decorations] CAPPING events from decorations provider vscode.git 6936
2025-03-17 00:16:59.593 [warning] [Decorations] CAPPING events from decorations provider vscode.git 6941
