2025-02-26 17:03:42.069 [info] [main] Log level: Info
2025-02-26 17:03:42.069 [info] [main] Validating found git in: "git"
2025-02-26 17:03:42.069 [info] [main] Using git "2.40.1" from "git"
2025-02-26 17:03:42.069 [info] [Model][doInitialScan] Initial repository scan started
2025-02-26 17:03:42.069 [info] > git rev-parse --show-toplevel [127ms]
2025-02-26 17:03:42.069 [info] fatal: not a git repository (or any of the parent directories): .git
2025-02-26 17:03:42.069 [info] > git rev-parse --show-toplevel [45ms]
2025-02-26 17:03:42.069 [info] fatal: not a git repository (or any of the parent directories): .git
2025-02-26 17:03:42.178 [info] > git rev-parse --show-toplevel [113ms]
2025-02-26 17:03:42.178 [info] fatal: not a git repository (or any of the parent directories): .git
2025-02-26 17:03:42.290 [info] > git rev-parse --show-toplevel [9ms]
2025-02-26 17:03:42.291 [info] fatal: not a git repository (or any of the parent directories): .git
2025-02-26 17:03:42.340 [info] > git rev-parse --show-toplevel [11ms]
2025-02-26 17:03:42.340 [info] fatal: not a git repository (or any of the parent directories): .git
2025-02-26 17:03:42.416 [info] > git rev-parse --show-toplevel [47ms]
2025-02-26 17:03:42.416 [info] fatal: not a git repository (or any of the parent directories): .git
2025-02-26 17:03:42.434 [info] > git rev-parse --show-toplevel [4ms]
2025-02-26 17:03:42.434 [info] fatal: not a git repository (or any of the parent directories): .git
2025-02-26 17:03:42.450 [info] > git rev-parse --show-toplevel [5ms]
2025-02-26 17:03:42.450 [info] fatal: not a git repository (or any of the parent directories): .git
2025-02-26 17:03:42.479 [info] > git rev-parse --show-toplevel [10ms]
2025-02-26 17:03:42.480 [info] fatal: not a git repository (or any of the parent directories): .git
2025-02-26 17:03:42.499 [info] > git rev-parse --show-toplevel [7ms]
2025-02-26 17:03:42.500 [info] fatal: not a git repository (or any of the parent directories): .git
2025-02-26 17:03:42.523 [info] > git rev-parse --show-toplevel [5ms]
2025-02-26 17:03:42.523 [info] fatal: not a git repository (or any of the parent directories): .git
2025-02-26 17:03:42.542 [info] > git rev-parse --show-toplevel [6ms]
2025-02-26 17:03:42.542 [info] fatal: not a git repository (or any of the parent directories): .git
2025-02-26 17:03:42.564 [info] > git rev-parse --show-toplevel [7ms]
2025-02-26 17:03:42.564 [info] fatal: not a git repository (or any of the parent directories): .git
2025-02-26 17:03:42.588 [info] > git rev-parse --show-toplevel [14ms]
2025-02-26 17:03:42.588 [info] fatal: not a git repository (or any of the parent directories): .git
2025-02-26 17:03:42.606 [info] > git rev-parse --show-toplevel [5ms]
2025-02-26 17:03:42.606 [info] fatal: not a git repository (or any of the parent directories): .git
2025-02-26 17:03:42.628 [info] [Model][doInitialScan] Initial repository scan completed - repositories (0), closed repositories (0), parent repositories (0), unsafe repositories (0)
2025-02-26 17:07:23.333 [info] > git rev-parse --show-toplevel [17ms]
2025-02-26 17:07:23.333 [info] fatal: not a git repository (or any of the parent directories): .git
2025-02-26 17:07:29.241 [info] > git rev-parse --show-toplevel [7ms]
2025-02-26 17:07:29.241 [info] fatal: not a git repository (or any of the parent directories): .git
2025-02-26 17:15:47.592 [info] > git rev-parse --show-toplevel [7ms]
2025-02-26 17:15:47.592 [info] fatal: not a git repository (or any of the parent directories): .git
2025-02-26 17:16:49.888 [info] > git rev-parse --show-toplevel [7ms]
2025-02-26 17:16:49.889 [info] fatal: not a git repository (or any of the parent directories): .git
2025-02-26 17:17:02.273 [info] > git rev-parse --show-toplevel [7ms]
2025-02-26 17:17:02.273 [info] fatal: not a git repository (or any of the parent directories): .git
2025-02-26 17:17:32.182 [info] > git rev-parse --show-toplevel [4ms]
2025-02-26 17:17:32.182 [info] fatal: not a git repository (or any of the parent directories): .git
2025-02-26 17:18:51.290 [info] > git rev-parse --show-toplevel [5ms]
2025-02-26 17:18:51.290 [info] fatal: not a git repository (or any of the parent directories): .git
2025-02-26 17:19:31.703 [info] > git rev-parse --show-toplevel [5ms]
2025-02-26 17:19:31.703 [info] fatal: not a git repository (or any of the parent directories): .git
2025-02-26 17:21:35.721 [info] > git rev-parse --show-toplevel [5ms]
2025-02-26 17:21:35.721 [info] fatal: not a git repository (or any of the parent directories): .git
2025-02-26 17:23:08.012 [info] > git rev-parse --show-toplevel [5ms]
2025-02-26 17:23:08.012 [info] fatal: not a git repository (or any of the parent directories): .git
2025-02-26 17:46:52.900 [info] > git rev-parse --show-toplevel [6ms]
2025-02-26 17:46:52.900 [info] fatal: not a git repository (or any of the parent directories): .git
2025-02-26 17:48:40.870 [info] > git rev-parse --show-toplevel [4ms]
2025-02-26 17:48:40.870 [info] fatal: not a git repository (or any of the parent directories): .git
