2025-03-09 20:37:40.616 [info] [main] Log level: Info
2025-03-09 20:37:40.616 [info] [main] Validating found git in: "git"
2025-03-09 20:37:40.616 [info] [main] Using git "2.40.1" from "git"
2025-03-09 20:37:40.616 [info] [Model][doInitialScan] Initial repository scan started
2025-03-09 20:37:40.616 [info] > git rev-parse --show-toplevel [824ms]
2025-03-09 20:37:40.616 [info] fatal: not a git repository (or any of the parent directories): .git
2025-03-09 20:37:40.616 [info] > git rev-parse --show-toplevel [135ms]
2025-03-09 20:37:40.616 [info] fatal: not a git repository (or any of the parent directories): .git
2025-03-09 20:37:41.440 [info] > git rev-parse --show-toplevel [6ms]
2025-03-09 20:37:41.440 [info] fatal: not a git repository (or any of the parent directories): .git
2025-03-09 20:37:41.508 [info] > git rev-parse --show-toplevel [11ms]
2025-03-09 20:37:41.508 [info] fatal: not a git repository (or any of the parent directories): .git
2025-03-09 20:37:41.576 [info] > git rev-parse --show-toplevel [21ms]
2025-03-09 20:37:41.576 [info] fatal: not a git repository (or any of the parent directories): .git
2025-03-09 20:37:41.644 [info] > git rev-parse --show-toplevel [36ms]
2025-03-09 20:37:41.644 [info] fatal: not a git repository (or any of the parent directories): .git
2025-03-09 20:37:41.713 [info] > git rev-parse --show-toplevel [6ms]
2025-03-09 20:37:41.714 [info] fatal: not a git repository (or any of the parent directories): .git
2025-03-09 20:37:41.796 [info] > git rev-parse --show-toplevel [25ms]
2025-03-09 20:37:41.796 [info] fatal: not a git repository (or any of the parent directories): .git
2025-03-09 20:37:41.841 [info] > git rev-parse --show-toplevel [24ms]
2025-03-09 20:37:41.841 [info] fatal: not a git repository (or any of the parent directories): .git
2025-03-09 20:37:41.903 [info] > git rev-parse --show-toplevel [18ms]
2025-03-09 20:37:41.903 [info] fatal: not a git repository (or any of the parent directories): .git
2025-03-09 20:37:41.986 [info] > git rev-parse --show-toplevel [37ms]
2025-03-09 20:37:41.986 [info] fatal: not a git repository (or any of the parent directories): .git
2025-03-09 20:37:42.048 [info] > git rev-parse --show-toplevel [8ms]
2025-03-09 20:37:42.048 [info] fatal: not a git repository (or any of the parent directories): .git
2025-03-09 20:37:42.136 [info] > git rev-parse --show-toplevel [26ms]
2025-03-09 20:37:42.136 [info] fatal: not a git repository (or any of the parent directories): .git
2025-03-09 20:37:42.198 [info] > git rev-parse --show-toplevel [24ms]
2025-03-09 20:37:42.198 [info] fatal: not a git repository (or any of the parent directories): .git
2025-03-09 20:37:42.222 [info] [Model][doInitialScan] Initial repository scan completed - repositories (0), closed repositories (0), parent repositories (0), unsafe repositories (0)
2025-03-09 20:37:56.538 [info] > git init -b main [14ms]
2025-03-09 20:37:56.546 [info] > git rev-parse --show-toplevel [4ms]
2025-03-09 20:37:56.559 [info] > git rev-parse --git-dir --git-common-dir [9ms]
2025-03-09 20:37:56.573 [info] [Model][openRepository] Opened repository: /root
2025-03-09 20:37:56.587 [info] [Git][getRemotes] No remotes found in the git config file
2025-03-09 20:37:56.588 [info] > git config --get commit.template [7ms]
2025-03-09 20:37:56.590 [info] > git for-each-ref --format=%(refname)%00%(upstream:short)%00%(objectname)%00%(upstream:track)%00%(upstream:remotename)%00%(upstream:remoteref) refs/heads/main refs/remotes/main [4ms]
2025-03-09 20:37:56.591 [warning] [Git][getBranch] No such branch: main
2025-03-09 20:37:56.605 [info] > git fetch [32ms]
2025-03-09 20:37:56.608 [info] > git for-each-ref --sort -committerdate --format %(refname) %(objectname) %(*objectname) [5ms] (cancelled)
2025-03-09 20:37:56.623 [info] > git status -z -uall [27ms] (cancelled)
2025-03-09 20:37:56.624 [info] > git for-each-ref --format=%(refname)%00%(upstream:short)%00%(objectname)%00%(upstream:track)%00%(upstream:remotename)%00%(upstream:remoteref) refs/heads/main refs/remotes/main [10ms]
2025-03-09 20:37:56.624 [warning] [Git][getBranch] No such branch: main
2025-03-09 20:37:56.624 [error] [GitHistoryProvider][resolveHEADMergeBase] Failed to resolve merge base for main: Error: No such branch: main.
2025-03-09 20:37:56.627 [info] > git config --get commit.template [8ms]
2025-03-09 20:37:56.632 [info] [Git][getRemotes] No remotes found in the git config file
2025-03-09 20:37:56.636 [info] [Git][getRemotes] No remotes found in the git config file
2025-03-09 20:37:56.636 [info] > git for-each-ref --format=%(refname)%00%(upstream:short)%00%(objectname)%00%(upstream:track)%00%(upstream:remotename)%00%(upstream:remoteref) refs/heads/main refs/remotes/main [5ms]
2025-03-09 20:37:56.636 [warning] [Git][getBranch] No such branch: main
2025-03-09 20:37:56.642 [info] > git config --get commit.template [19ms]
2025-03-09 20:37:56.675 [info] > git for-each-ref --format=%(refname)%00%(upstream:short)%00%(objectname)%00%(upstream:track)%00%(upstream:remotename)%00%(upstream:remoteref) refs/heads/main refs/remotes/main [40ms]
2025-03-09 20:37:56.675 [warning] [Git][getBranch] No such branch: main
2025-03-09 20:37:56.705 [info] > git log --format=%H%n%aN%n%aE%n%at%n%ct%n%P%n%D%n%B -z --shortstat --diff-merges=first-parent -n50 --skip=0 --topo-order --decorate=full --stdin [12ms]
2025-03-09 20:37:56.705 [info] fatal: bad revision 'refs/heads/main'
2025-03-09 20:37:56.705 [error] [GitHistoryProvider][provideHistoryItems] Failed to get history items with options '{"historyItemRefs":["refs/heads/main"],"limit":50,"skip":0}': Failed to execute git {
  "exitCode": 128,
  "gitCommand": "log",
  "stdout": "",
  "stderr": "fatal: bad revision 'refs/heads/main'\n"
}
2025-03-09 20:37:56.705 [info] > git for-each-ref --sort -committerdate --format %(refname) %(objectname) %(*objectname) [23ms]
2025-03-09 20:37:56.934 [info] > git show --textconv :2025/connect-the-dot/public/index.html [10ms]
2025-03-09 20:37:56.939 [info] > git ls-files --stage -- 2025/connect-the-dot/public/index.html [6ms]
2025-03-09 20:37:56.946 [info] > git hash-object -t tree /dev/null [8ms]
2025-03-09 20:37:56.947 [warning] [GitFileSystemProvider][readFile] File not found - git:/root/2025/connect-the-dot/public/index.html.git?%7B%22path%22%3A%22%2Froot%2F2025%2Fconnect-the-dot%2Fpublic%2Findex.html%22%2C%22ref%22%3A%22%22%7D
2025-03-09 20:37:56.956 [info] > git hash-object -t tree /dev/null [11ms]
2025-03-09 20:37:56.956 [warning] [GitFileSystemProvider][stat] File not found - git:/root/2025/connect-the-dot/public/index.html.git?%7B%22path%22%3A%22%2Froot%2F2025%2Fconnect-the-dot%2Fpublic%2Findex.html%22%2C%22ref%22%3A%22%22%7D
2025-03-09 20:37:56.983 [info] > git status -z -uall [305ms] (cancelled)
2025-03-09 20:37:56.985 [info] > git check-ignore -v -z --stdin [2ms]
2025-03-09 20:37:58.658 [info] > git check-ignore -v -z --stdin [1443ms]
2025-03-09 20:37:59.553 [info] > git check-ignore -v -z --stdin [3ms]
2025-03-09 20:38:19.410 [info] > git add -A -- . [3ms]
2025-03-09 20:38:19.410 [info] fatal: Unable to create '/root/.git/index.lock': File exists.

Another git process seems to be running in this repository, e.g.
an editor opened by 'git commit'. Please make sure all processes
are terminated then try again. If it still fails, a git process
may have crashed in this repository earlier:
remove the file manually to continue.
2025-03-09 20:38:19.471 [info] > git add -A -- . [3ms]
2025-03-09 20:38:19.471 [info] fatal: Unable to create '/root/.git/index.lock': File exists.

Another git process seems to be running in this repository, e.g.
an editor opened by 'git commit'. Please make sure all processes
are terminated then try again. If it still fails, a git process
may have crashed in this repository earlier:
remove the file manually to continue.
2025-03-09 20:38:19.683 [info] > git add -A -- . [7ms]
2025-03-09 20:38:19.683 [info] fatal: Unable to create '/root/.git/index.lock': File exists.

Another git process seems to be running in this repository, e.g.
an editor opened by 'git commit'. Please make sure all processes
are terminated then try again. If it still fails, a git process
may have crashed in this repository earlier:
remove the file manually to continue.
2025-03-09 20:38:20.147 [info] > git add -A -- . [3ms]
2025-03-09 20:38:20.147 [info] fatal: Unable to create '/root/.git/index.lock': File exists.

Another git process seems to be running in this repository, e.g.
an editor opened by 'git commit'. Please make sure all processes
are terminated then try again. If it still fails, a git process
may have crashed in this repository earlier:
remove the file manually to continue.
2025-03-09 20:38:21.080 [info] > git add -A -- . [23ms]
2025-03-09 20:38:21.080 [info] fatal: Unable to create '/root/.git/index.lock': File exists.

Another git process seems to be running in this repository, e.g.
an editor opened by 'git commit'. Please make sure all processes
are terminated then try again. If it still fails, a git process
may have crashed in this repository earlier:
remove the file manually to continue.
2025-03-09 20:38:22.353 [info] > git add -A -- . [10ms]
2025-03-09 20:38:22.353 [info] fatal: Unable to create '/root/.git/index.lock': File exists.

Another git process seems to be running in this repository, e.g.
an editor opened by 'git commit'. Please make sure all processes
are terminated then try again. If it still fails, a git process
may have crashed in this repository earlier:
remove the file manually to continue.
2025-03-09 20:38:24.169 [info] > git add -A -- . [3ms]
2025-03-09 20:38:24.169 [info] fatal: Unable to create '/root/.git/index.lock': File exists.

Another git process seems to be running in this repository, e.g.
an editor opened by 'git commit'. Please make sure all processes
are terminated then try again. If it still fails, a git process
may have crashed in this repository earlier:
remove the file manually to continue.
2025-03-09 20:38:26.636 [info] > git add -A -- . [6ms]
2025-03-09 20:38:26.636 [info] fatal: Unable to create '/root/.git/index.lock': File exists.

Another git process seems to be running in this repository, e.g.
an editor opened by 'git commit'. Please make sure all processes
are terminated then try again. If it still fails, a git process
may have crashed in this repository earlier:
remove the file manually to continue.
2025-03-09 20:38:29.845 [info] > git add -A -- . [4ms]
2025-03-09 20:38:29.845 [info] fatal: Unable to create '/root/.git/index.lock': File exists.

Another git process seems to be running in this repository, e.g.
an editor opened by 'git commit'. Please make sure all processes
are terminated then try again. If it still fails, a git process
may have crashed in this repository earlier:
remove the file manually to continue.
2025-03-09 20:38:33.920 [info] > git add -A -- . [11ms]
2025-03-09 20:38:33.920 [info] fatal: Unable to create '/root/.git/index.lock': File exists.

Another git process seems to be running in this repository, e.g.
an editor opened by 'git commit'. Please make sure all processes
are terminated then try again. If it still fails, a git process
may have crashed in this repository earlier:
remove the file manually to continue.
2025-03-09 20:38:38.933 [info] > git add -A -- . [4ms]
2025-03-09 20:38:38.933 [info] fatal: Unable to create '/root/.git/index.lock': File exists.

Another git process seems to be running in this repository, e.g.
an editor opened by 'git commit'. Please make sure all processes
are terminated then try again. If it still fails, a git process
may have crashed in this repository earlier:
remove the file manually to continue.
2025-03-09 20:38:38.948 [info] [Git][getRemotes] No remotes found in the git config file
2025-03-09 20:38:38.949 [info] > git config --get commit.template [9ms]
2025-03-09 20:38:38.952 [info] > git for-each-ref --format=%(refname)%00%(upstream:short)%00%(objectname)%00%(upstream:track)%00%(upstream:remotename)%00%(upstream:remoteref) refs/heads/main refs/remotes/main [4ms]
2025-03-09 20:38:38.952 [warning] [Git][getBranch] No such branch: main
2025-03-09 20:38:38.969 [info] > git for-each-ref --sort -committerdate --format %(refname) %(objectname) %(*objectname) [5ms]
2025-03-09 20:38:39.927 [info] > git status -z -uall [967ms] (cancelled)
2025-03-09 20:38:39.931 [info] > git check-ignore -v -z --stdin [4ms]
2025-03-09 20:38:51.380 [info] > git log --format=%H%n%aN%n%aE%n%at%n%ct%n%P%n%D%n%B -z -n51 --shortstat --follow -- /root/2025/connect-the-dot/public/index.html [10ms]
2025-03-09 20:38:51.380 [info] fatal: your current branch 'main' does not have any commits yet
2025-03-09 20:38:51.871 [info] > git check-ignore -v -z --stdin [9ms]
2025-03-09 20:38:53.374 [info] > git log --format=%H%n%aN%n%aE%n%at%n%ct%n%P%n%D%n%B -z --shortstat --diff-merges=first-parent -n50 --skip=0 --topo-order --decorate=full --stdin [8ms]
2025-03-09 20:38:53.374 [info] fatal: bad revision 'refs/heads/main'
2025-03-09 20:38:53.374 [error] [GitHistoryProvider][provideHistoryItems] Failed to get history items with options '{"historyItemRefs":["refs/heads/main"],"limit":50,"skip":0}': Failed to execute git {
  "exitCode": 128,
  "gitCommand": "log",
  "stdout": "",
  "stderr": "fatal: bad revision 'refs/heads/main'\n"
}
2025-03-09 20:38:56.639 [info] > git add -A -- . [44053ms]
2025-03-09 20:38:56.671 [info] [Git][getRemotes] No remotes found in the git config file
2025-03-09 20:38:56.673 [info] > git config --get commit.template [9ms]
2025-03-09 20:38:56.675 [info] > git for-each-ref --format=%(refname)%00%(upstream:short)%00%(objectname)%00%(upstream:track)%00%(upstream:remotename)%00%(upstream:remoteref) refs/heads/main refs/remotes/main [4ms]
2025-03-09 20:38:56.675 [warning] [Git][getBranch] No such branch: main
2025-03-09 20:38:56.688 [info] > git for-each-ref --sort -committerdate --format %(refname) %(objectname) %(*objectname) [4ms]
2025-03-09 20:38:59.396 [info] > git status -z -uall [2718ms] (cancelled)
2025-03-09 20:38:59.396 [info] > git -c user.useConfigOnly=true commit --quiet [2027ms]
2025-03-09 20:38:59.396 [info] Author identity unknown

*** Please tell me who you are.

Run

  git config --global user.email "you@example.com"
  git config --global user.name "Your Name"

to set your account's default identity.
Omit --global to set the identity only in this repository.

fatal: no email was given and auto-detection is disabled
2025-03-09 20:38:59.425 [info] > git config --get-all user.name [16ms]
2025-03-09 20:38:59.441 [info] [Git][getRemotes] No remotes found in the git config file
2025-03-09 20:38:59.474 [info] > git config --get commit.template [43ms]
2025-03-09 20:38:59.474 [info] > git for-each-ref --format=%(refname)%00%(upstream:short)%00%(objectname)%00%(upstream:track)%00%(upstream:remotename)%00%(upstream:remoteref) refs/heads/main refs/remotes/main [33ms]
2025-03-09 20:38:59.474 [warning] [Git][getBranch] No such branch: main
2025-03-09 20:38:59.511 [info] > git for-each-ref --sort -committerdate --format %(refname) %(objectname) %(*objectname) [11ms]
2025-03-09 20:38:59.852 [info] > git status -z -uall [358ms] (cancelled)
2025-03-09 20:39:07.090 [info] > git log --format=%H%n%aN%n%aE%n%at%n%ct%n%P%n%D%n%B -z --shortstat --diff-merges=first-parent -n50 --skip=0 --topo-order --decorate=full --stdin [7ms]
2025-03-09 20:39:07.090 [info] fatal: bad revision 'refs/heads/main'
2025-03-09 20:39:07.091 [error] [GitHistoryProvider][provideHistoryItems] Failed to get history items with options '{"historyItemRefs":["refs/heads/main"],"limit":50,"skip":0}': Failed to execute git {
  "exitCode": 128,
  "gitCommand": "log",
  "stdout": "",
  "stderr": "fatal: bad revision 'refs/heads/main'\n"
}
2025-03-09 20:39:09.860 [info] > git log --format=%H%n%aN%n%aE%n%at%n%ct%n%P%n%D%n%B -z --shortstat --diff-merges=first-parent -n50 --skip=0 --topo-order --decorate=full --stdin [9ms]
2025-03-09 20:39:09.860 [info] fatal: bad revision 'refs/heads/main'
2025-03-09 20:39:09.861 [error] [GitHistoryProvider][provideHistoryItems] Failed to get history items with options '{"historyItemRefs":["refs/heads/main"],"limit":50,"skip":0}': Failed to execute git {
  "exitCode": 128,
  "gitCommand": "log",
  "stdout": "",
  "stderr": "fatal: bad revision 'refs/heads/main'\n"
}
2025-03-09 20:39:27.240 [info] > git log --format=%H%n%aN%n%aE%n%at%n%ct%n%P%n%D%n%B -z -n51 --shortstat --follow -- /root/2025/connect-the-dot/public/index.html [15ms]
2025-03-09 20:39:27.240 [info] fatal: your current branch 'main' does not have any commits yet
2025-03-09 20:39:29.670 [info] > git check-ignore -v -z --stdin [18ms]
2025-03-09 20:39:32.216 [info] > git log --format=%H%n%aN%n%aE%n%at%n%ct%n%P%n%D%n%B -z --shortstat --diff-merges=first-parent -n50 --skip=0 --topo-order --decorate=full --stdin [4ms]
2025-03-09 20:39:32.216 [info] fatal: bad revision 'refs/heads/main'
2025-03-09 20:39:32.216 [error] [GitHistoryProvider][provideHistoryItems] Failed to get history items with options '{"historyItemRefs":["refs/heads/main"],"limit":50,"skip":0}': Failed to execute git {
  "exitCode": 128,
  "gitCommand": "log",
  "stdout": "",
  "stderr": "fatal: bad revision 'refs/heads/main'\n"
}
2025-03-09 20:39:54.308 [info] > git -c user.useConfigOnly=true commit --quiet --allow-empty-message --file - [105ms]
2025-03-09 20:39:54.308 [info] Author identity unknown

*** Please tell me who you are.

Run

  git config --global user.email "you@example.com"
  git config --global user.name "Your Name"

to set your account's default identity.
Omit --global to set the identity only in this repository.

fatal: no email was given and auto-detection is disabled
2025-03-09 20:39:54.313 [info] > git config --get-all user.name [2ms]
2025-03-09 20:39:54.321 [info] [Git][getRemotes] No remotes found in the git config file
2025-03-09 20:39:54.322 [info] > git config --get commit.template [5ms]
2025-03-09 20:39:54.324 [info] > git for-each-ref --format=%(refname)%00%(upstream:short)%00%(objectname)%00%(upstream:track)%00%(upstream:remotename)%00%(upstream:remoteref) refs/heads/main refs/remotes/main [3ms]
2025-03-09 20:39:54.324 [warning] [Git][getBranch] No such branch: main
2025-03-09 20:39:54.340 [info] > git for-each-ref --sort -committerdate --format %(refname) %(objectname) %(*objectname) [4ms]
2025-03-09 20:39:56.459 [info] > git status -z -uall [2132ms] (cancelled)
