0 verbose cli /usr/bin/node /usr/bin/npm
1 info using npm@9.2.0
2 info using node@v18.13.0
3 timing npm:load:whichnode Completed in 1ms
4 timing config:load:defaults Completed in 5ms
5 timing config:load:file:/usr/share/nodejs/npm/npmrc Completed in 16ms
6 timing config:load:builtin Completed in 16ms
7 timing config:load:cli Completed in 5ms
8 timing config:load:env Completed in 2ms
9 timing config:load:file:/root/.cache/typescript/5.8/.npmrc Completed in 0ms
10 timing config:load:project Completed in 8ms
11 timing config:load:file:/root/.npmrc Completed in 0ms
12 timing config:load:user Completed in 1ms
13 timing config:load:file:/etc/npmrc Completed in 1ms
14 timing config:load:global Completed in 2ms
15 timing config:load:setEnvs Completed in 3ms
16 timing config:load Completed in 43ms
17 timing npm:load:configload Completed in 43ms
18 timing npm:load:mkdirpcache Completed in 1ms
19 timing npm:load:mkdirplogs Completed in 1ms
20 verbose title npm install types-registry@latest
21 verbose argv "install" "--ignore-scripts" "types-registry@latest"
22 timing npm:load:setTitle Completed in 10ms
23 timing config:load:flatten Completed in 8ms
24 timing npm:load:display Completed in 11ms
25 verbose logfile logs-max:10 dir:/root/.npm/_logs/2025-03-10T19_33_36_478Z-
26 verbose logfile /root/.npm/_logs/2025-03-10T19_33_36_478Z-debug-0.log
27 timing npm:load:logFile Completed in 15ms
28 timing npm:load:timers Completed in 0ms
29 timing npm:load:configScope Completed in 0ms
30 timing npm:load Completed in 83ms
31 silly logfile start cleaning logs, removing 1 files
32 timing config:load:flatten Completed in 6ms
33 timing arborist:ctor Completed in 2ms
34 silly logfile done cleaning log files
35 timing idealTree:init Completed in 257ms
36 timing arborist:ctor Completed in 1ms
37 http fetch GET 200 https://registry.npmjs.org/types-registry 619ms (cache updated)
38 timing idealTree:userRequests Completed in 667ms
39 silly idealTree buildDeps
40 silly fetch manifest types-registry@0.1.711
41 silly placeDep ROOT types-registry@0.1.711 REPLACE for:  want: 0.1.711
42 timing idealTree:#root Completed in 15ms
43 timing idealTree:node_modules/types-registry Completed in 0ms
44 timing idealTree:buildDeps Completed in 18ms
45 timing idealTree:fixDepFlags Completed in 2ms
46 timing idealTree Completed in 949ms
47 timing reify:loadTrees Completed in 951ms
48 timing reify:diffTrees Completed in 6ms
49 silly reify moves {}
50 timing reify:retireShallow Completed in 7ms
51 timing reify:createSparse Completed in 1ms
52 timing reify:loadBundles Completed in 0ms
53 silly audit bulk request {
53 silly audit   '@types/accepts': [ '1.3.7' ],
53 silly audit   '@types/async': [ '3.2.24' ],
53 silly audit   '@types/base64id': [ '2.0.2' ],
53 silly audit   '@types/body-parser': [ '1.19.5' ],
53 silly audit   '@types/bytes': [ '3.1.5' ],
53 silly audit   '@types/call-bind': [ '1.0.5' ],
53 silly audit   '@types/connect': [ '3.4.38' ],
53 silly audit   '@types/content-disposition': [ '0.5.8' ],
53 silly audit   '@types/content-type': [ '1.1.8' ],
53 silly audit   '@types/cookie-signature': [ '1.1.2' ],
53 silly audit   '@types/cors': [ '2.8.17' ],
53 silly audit   '@types/debug': [ '4.1.12' ],
53 silly audit   '@types/depd': [ '1.1.37' ],
53 silly audit   '@types/destroy': [ '1.0.3' ],
53 silly audit   '@types/ee-first': [ '1.1.3' ],
53 silly audit   '@types/encodeurl': [ '1.0.2' ],
53 silly audit   '@types/escape-html': [ '1.0.4' ],
53 silly audit   '@types/etag': [ '1.8.3' ],
53 silly audit   '@types/express': [ '5.0.0' ],
53 silly audit   '@types/express-serve-static-core': [ '5.0.6' ],
53 silly audit   '@types/finalhandler': [ '1.2.3' ],
53 silly audit   '@types/forwarded': [ '0.1.3' ],
53 silly audit   '@types/fresh': [ '0.5.2' ],
53 silly audit   '@types/function-bind': [ '1.1.10' ],
53 silly audit   '@types/get-intrinsic': [ '1.2.3' ],
53 silly audit   '@types/gopd': [ '1.0.3' ],
53 silly audit   '@types/has-property-descriptors': [ '1.0.3' ],
53 silly audit   '@types/http-errors': [ '2.0.4' ],
53 silly audit   '@types/inherits': [ '2.0.0' ],
53 silly audit   '@types/media-typer': [ '1.1.3' ],
53 silly audit   '@types/merge-descriptors': [ '1.0.3' ],
53 silly audit   '@types/methods': [ '1.1.4' ],
53 silly audit   '@types/mime': [ '1.3.5' ],
53 silly audit   '@types/mime-db': [ '1.43.5' ],
53 silly audit   '@types/mime-types': [ '2.1.4' ],
53 silly audit   '@types/ms': [ '2.1.0' ],
53 silly audit   '@types/nedb': [ '1.8.16' ],
53 silly audit   '@types/negotiator': [ '0.6.3' ],
53 silly audit   '@types/node': [ '22.13.10' ],
53 silly audit   '@types/object-assign': [ '4.0.33' ],
53 silly audit   '@types/object-inspect': [ '1.13.0' ],
53 silly audit   '@types/on-finished': [ '2.3.4' ],
53 silly audit   '@types/parseurl': [ '1.3.3' ],
53 silly audit   '@types/proxy-addr': [ '2.0.3' ],
53 silly audit   '@types/qs': [ '6.9.18' ],
53 silly audit   '@types/range-parser': [ '1.2.7' ],
53 silly audit   '@types/safer-buffer': [ '2.1.3' ],
53 silly audit   '@types/send': [ '0.17.4' ],
53 silly audit   '@types/serve-static': [ '1.15.7' ],
53 silly audit   '@types/statuses': [ '2.0.5' ],
53 silly audit   '@types/toidentifier': [ '1.0.2' ],
53 silly audit   '@types/type-is': [ '1.6.7' ],
53 silly audit   '@types/underscore': [ '1.13.0' ],
53 silly audit   '@types/utils-merge': [ '1.0.0' ],
53 silly audit   '@types/vary': [ '1.1.3' ],
53 silly audit   '@types/ws': [ '8.18.0' ],
53 silly audit   'undici-types': [ '6.20.0' ],
53 silly audit   'types-registry': [ '0.1.711' ]
53 silly audit }
54 timing reify:unpack Completed in 2ms
55 timing reify:unretire Completed in 0ms
56 timing build:queue Completed in 0ms
57 timing build:deps Completed in 1ms
58 timing build Completed in 1ms
59 timing reify:build Completed in 2ms
60 timing reify:trash Completed in 0ms
61 timing reify:save Completed in 87ms
62 http fetch POST 200 https://registry.npmjs.org/-/npm/v1/security/advisories/bulk 221ms
63 timing auditReport:getReport Completed in 234ms
64 silly audit report {}
65 timing auditReport:init Completed in 0ms
66 timing reify:audit Completed in 237ms
67 timing reify Completed in 1212ms
68 timing command:install Completed in 1240ms
69 verbose exit 0
70 timing npm Completed in 1428ms
71 info ok
