0 verbose cli /usr/bin/node /usr/bin/npm
1 info using npm@9.2.0
2 info using node@v18.13.0
3 timing npm:load:whichnode Completed in 1ms
4 timing config:load:defaults Completed in 3ms
5 timing config:load:file:/usr/share/nodejs/npm/npmrc Completed in 9ms
6 timing config:load:builtin Completed in 10ms
7 timing config:load:cli Completed in 3ms
8 timing config:load:env Completed in 1ms
9 timing config:load:file:/root/2025/connect-the-dot/public/.npmrc Completed in 1ms
10 timing config:load:project Completed in 10ms
11 timing config:load:file:/root/.npmrc Completed in 1ms
12 timing config:load:user Completed in 2ms
13 timing config:load:file:/etc/npmrc Completed in 0ms
14 timing config:load:global Completed in 1ms
15 timing config:load:setEnvs Completed in 4ms
16 timing config:load Completed in 35ms
17 timing npm:load:configload Completed in 35ms
18 timing npm:load:mkdirpcache Completed in 3ms
19 timing npm:load:mkdirplogs Completed in 2ms
20 verbose title npm test
21 verbose argv "test"
22 timing npm:load:setTitle Completed in 3ms
23 timing config:load:flatten Completed in 18ms
24 timing npm:load:display Completed in 19ms
25 verbose logfile logs-max:10 dir:/root/.npm/_logs/2025-03-17T00_16_04_033Z-
26 verbose logfile /root/.npm/_logs/2025-03-17T00_16_04_033Z-debug-0.log
27 timing npm:load:logFile Completed in 51ms
28 timing npm:load:timers Completed in 0ms
29 timing npm:load:configScope Completed in 1ms
30 timing npm:load Completed in 115ms
31 silly logfile start cleaning logs, removing 1 files
32 timing config:load:flatten Completed in 1ms
33 silly logfile done cleaning log files
34 timing command:run-script Completed in 483ms
35 timing command:test Completed in 502ms
36 verbose exit 2
37 timing npm Completed in 647ms
38 verbose code 2
