0 verbose cli /usr/bin/node /usr/bin/npm
1 info using npm@9.2.0
2 info using node@v18.13.0
3 timing npm:load:whichnode Completed in 1ms
4 timing config:load:defaults Completed in 12ms
5 timing config:load:file:/usr/share/nodejs/npm/npmrc Completed in 14ms
6 timing config:load:builtin Completed in 14ms
7 timing config:load:cli Completed in 8ms
8 timing config:load:env Completed in 4ms
9 timing config:load:file:/root/.cache/typescript/5.8/.npmrc Completed in 1ms
10 timing config:load:project Completed in 36ms
11 timing config:load:file:/root/.npmrc Completed in 3ms
12 timing config:load:user Completed in 4ms
13 timing config:load:file:/etc/npmrc Completed in 0ms
14 timing config:load:global Completed in 0ms
15 timing config:load:setEnvs Completed in 1ms
16 timing config:load Completed in 83ms
17 timing npm:load:configload Completed in 90ms
18 timing npm:load:mkdirpcache Completed in 7ms
19 timing npm:load:mkdirplogs Completed in 1ms
20 verbose title npm install @types/winjs@ts5.8
21 verbose argv "install" "--ignore-scripts" "@types/winjs@ts5.8" "--save-dev" "--user-agent" "typesInstaller/5.8.2"
22 timing npm:load:setTitle Completed in 2ms
23 timing config:load:flatten Completed in 18ms
24 timing npm:load:display Completed in 26ms
25 verbose logfile logs-max:10 dir:/root/.npm/_logs/2025-03-14T20_29_38_191Z-
26 verbose logfile /root/.npm/_logs/2025-03-14T20_29_38_191Z-debug-0.log
27 timing npm:load:logFile Completed in 22ms
28 timing npm:load:timers Completed in 0ms
29 timing npm:load:configScope Completed in 0ms
30 timing npm:load Completed in 149ms
31 silly logfile start cleaning logs, removing 1 files
32 timing config:load:flatten Completed in 0ms
33 timing arborist:ctor Completed in 1ms
34 silly logfile done cleaning log files
35 timing idealTree:init Completed in 163ms
36 timing arborist:ctor Completed in 0ms
37 http fetch GET 200 https://registry.npmjs.org/@types%2fwinjs 260ms (cache miss)
38 timing idealTree:userRequests Completed in 287ms
39 silly idealTree buildDeps
40 silly fetch manifest @types/winjs@4.4.7
41 silly placeDep ROOT @types/winjs@4.4.7 OK for:  want: 4.4.7
42 timing idealTree:#root Completed in 12ms
43 timing idealTree:node_modules/@types/winjs Completed in 0ms
44 timing idealTree:buildDeps Completed in 14ms
45 timing idealTree:fixDepFlags Completed in 2ms
46 timing idealTree Completed in 470ms
47 timing reify:loadTrees Completed in 471ms
48 timing reify:diffTrees Completed in 6ms
49 silly reify moves {}
50 timing reify:retireShallow Completed in 2ms
51 timing reify:createSparse Completed in 1ms
52 timing reify:loadBundles Completed in 0ms
53 silly audit bulk request {
53 silly audit   '@types/accepts': [ '1.3.7' ],
53 silly audit   '@types/async': [ '3.2.24' ],
53 silly audit   '@types/base64id': [ '2.0.2' ],
53 silly audit   '@types/body-parser': [ '1.19.5' ],
53 silly audit   '@types/bytes': [ '3.1.5' ],
53 silly audit   '@types/call-bind': [ '1.0.5' ],
53 silly audit   '@types/connect': [ '3.4.38' ],
53 silly audit   '@types/content-disposition': [ '0.5.8' ],
53 silly audit   '@types/content-type': [ '1.1.8' ],
53 silly audit   '@types/cookie-signature': [ '1.1.2' ],
53 silly audit   '@types/cors': [ '2.8.17' ],
53 silly audit   '@types/debug': [ '4.1.12' ],
53 silly audit   '@types/depd': [ '1.1.37' ],
53 silly audit   '@types/destroy': [ '1.0.3' ],
53 silly audit   '@types/ee-first': [ '1.1.3' ],
53 silly audit   '@types/encodeurl': [ '1.0.2' ],
53 silly audit   '@types/escape-html': [ '1.0.4' ],
53 silly audit   '@types/etag': [ '1.8.3' ],
53 silly audit   '@types/express': [ '5.0.0' ],
53 silly audit   '@types/express-serve-static-core': [ '5.0.6' ],
53 silly audit   '@types/finalhandler': [ '1.2.3' ],
53 silly audit   '@types/forwarded': [ '0.1.3' ],
53 silly audit   '@types/fresh': [ '0.5.2' ],
53 silly audit   '@types/function-bind': [ '1.1.10' ],
53 silly audit   '@types/get-intrinsic': [ '1.2.3' ],
53 silly audit   '@types/gopd': [ '1.0.3' ],
53 silly audit   '@types/has-property-descriptors': [ '1.0.3' ],
53 silly audit   '@types/http-errors': [ '2.0.4' ],
53 silly audit   '@types/inherits': [ '2.0.0' ],
53 silly audit   '@types/media-typer': [ '1.1.3' ],
53 silly audit   '@types/merge-descriptors': [ '1.0.3' ],
53 silly audit   '@types/methods': [ '1.1.4' ],
53 silly audit   '@types/mime': [ '1.3.5' ],
53 silly audit   '@types/mime-db': [ '1.43.5' ],
53 silly audit   '@types/mime-types': [ '2.1.4' ],
53 silly audit   '@types/ms': [ '2.1.0' ],
53 silly audit   '@types/nedb': [ '1.8.16' ],
53 silly audit   '@types/negotiator': [ '0.6.3' ],
53 silly audit   '@types/node': [ '22.13.10' ],
53 silly audit   '@types/object-assign': [ '4.0.33' ],
53 silly audit   '@types/object-inspect': [ '1.13.0' ],
53 silly audit   '@types/on-finished': [ '2.3.4' ],
53 silly audit   '@types/parseurl': [ '1.3.3' ],
53 silly audit   '@types/proxy-addr': [ '2.0.3' ],
53 silly audit   '@types/qs': [ '6.9.18' ],
53 silly audit   '@types/range-parser': [ '1.2.7' ],
53 silly audit   '@types/safer-buffer': [ '2.1.3' ],
53 silly audit   '@types/send': [ '0.17.4' ],
53 silly audit   '@types/serve-static': [ '1.15.7' ],
53 silly audit   '@types/statuses': [ '2.0.5' ],
53 silly audit   '@types/toidentifier': [ '1.0.2' ],
53 silly audit   '@types/type-is': [ '1.6.7' ],
53 silly audit   '@types/underscore': [ '1.13.0' ],
53 silly audit   '@types/utils-merge': [ '1.0.0' ],
53 silly audit   '@types/vary': [ '1.1.3' ],
53 silly audit   '@types/ws': [ '8.18.0' ],
53 silly audit   'types-registry': [ '0.1.711' ],
53 silly audit   'undici-types': [ '6.20.0' ],
53 silly audit   '@types/winjs': [ '4.4.7' ]
53 silly audit }
54 silly tarball no local data for @types/winjs@https://registry.npmjs.org/@types/winjs/-/winjs-4.4.7.tgz. Extracting by manifest.
55 http fetch POST 200 https://registry.npmjs.org/-/npm/v1/security/advisories/bulk 114ms
56 timing auditReport:getReport Completed in 122ms
57 silly audit report {}
58 timing auditReport:init Completed in 0ms
59 timing reify:audit Completed in 123ms
60 http fetch GET 200 https://registry.npmjs.org/@types/winjs/-/winjs-4.4.7.tgz 142ms (cache miss)
61 timing reifyNode:node_modules/@types/winjs Completed in 156ms
62 timing reify:unpack Completed in 156ms
63 timing reify:unretire Completed in 0ms
64 timing build:queue Completed in 1ms
65 timing build:deps Completed in 1ms
66 timing build Completed in 1ms
67 timing reify:build Completed in 2ms
68 timing reify:trash Completed in 0ms
69 timing reify:save Completed in 39ms
70 timing reify Completed in 709ms
71 silly ADD node_modules/@types/winjs
72 timing command:install Completed in 718ms
73 verbose exit 0
74 timing npm Completed in 921ms
75 info ok
