0 verbose cli /usr/bin/node /usr/bin/npm
1 info using npm@9.2.0
2 info using node@v18.13.0
3 timing npm:load:whichnode Completed in 0ms
4 timing config:load:defaults Completed in 3ms
5 timing config:load:file:/usr/share/nodejs/npm/npmrc Completed in 7ms
6 timing config:load:builtin Completed in 7ms
7 timing config:load:cli Completed in 3ms
8 timing config:load:env Completed in 1ms
9 timing config:load:file:/root/.cache/typescript/5.8/.npmrc Completed in 0ms
10 timing config:load:project Completed in 4ms
11 timing config:load:file:/root/.npmrc Completed in 0ms
12 timing config:load:user Completed in 1ms
13 timing config:load:file:/etc/npmrc Completed in 0ms
14 timing config:load:global Completed in 0ms
15 timing config:load:setEnvs Completed in 2ms
16 timing config:load Completed in 21ms
17 timing npm:load:configload Completed in 21ms
18 timing npm:load:mkdirpcache Completed in 0ms
19 timing npm:load:mkdirplogs Completed in 0ms
20 verbose title npm install types-registry@latest
21 verbose argv "install" "--ignore-scripts" "types-registry@latest"
22 timing npm:load:setTitle Completed in 2ms
23 timing config:load:flatten Completed in 4ms
24 timing npm:load:display Completed in 6ms
25 verbose logfile logs-max:10 dir:/root/.npm/_logs/2025-03-09T20_37_49_883Z-
26 verbose logfile /root/.npm/_logs/2025-03-09T20_37_49_883Z-debug-0.log
27 timing npm:load:logFile Completed in 11ms
28 timing npm:load:timers Completed in 0ms
29 timing npm:load:configScope Completed in 0ms
30 timing npm:load Completed in 41ms
31 silly logfile start cleaning logs, removing 1 files
32 timing config:load:flatten Completed in 0ms
33 timing arborist:ctor Completed in 1ms
34 silly logfile done cleaning log files
35 timing arborist:ctor Completed in 0ms
36 timing idealTree:init Completed in 23ms
37 http fetch GET 200 https://registry.npmjs.org/types-registry 191ms (cache updated)
38 timing idealTree:userRequests Completed in 212ms
39 silly idealTree buildDeps
40 silly fetch manifest types-registry@0.1.711
41 silly placeDep ROOT types-registry@0.1.711 OK for:  want: 0.1.711
42 timing idealTree:#root Completed in 20ms
43 timing idealTree:node_modules/types-registry Completed in 0ms
44 timing idealTree:buildDeps Completed in 30ms
45 timing idealTree:fixDepFlags Completed in 1ms
46 timing idealTree Completed in 267ms
47 timing reify:loadTrees Completed in 269ms
48 timing reify:diffTrees Completed in 1ms
49 silly reify moves {}
50 timing reify:retireShallow Completed in 1ms
51 timing reify:createSparse Completed in 6ms
52 timing reify:loadBundles Completed in 0ms
53 silly audit bulk request { 'types-registry': [ '0.1.711' ] }
54 silly tarball no local data for types-registry@https://registry.npmjs.org/types-registry/-/types-registry-0.1.711.tgz. Extracting by manifest.
55 http fetch POST 200 https://registry.npmjs.org/-/npm/v1/security/advisories/bulk 152ms
56 timing auditReport:getReport Completed in 154ms
57 silly audit report {}
58 timing auditReport:init Completed in 0ms
59 timing reify:audit Completed in 155ms
60 http fetch GET 200 https://registry.npmjs.org/types-registry/-/types-registry-0.1.711.tgz 166ms (cache miss)
61 timing reifyNode:node_modules/types-registry Completed in 191ms
62 timing reify:unpack Completed in 191ms
63 timing reify:unretire Completed in 0ms
64 timing build:queue Completed in 1ms
65 timing build:deps Completed in 3ms
66 timing build Completed in 3ms
67 timing reify:build Completed in 3ms
68 timing reify:trash Completed in 0ms
69 timing reify:save Completed in 7ms
70 timing reify Completed in 493ms
71 silly ADD node_modules/types-registry
72 timing command:install Completed in 507ms
73 verbose exit 0
74 timing npm Completed in 578ms
75 info ok
