0 verbose cli /usr/bin/node /usr/bin/npm
1 info using npm@9.2.0
2 info using node@v18.13.0
3 timing npm:load:whichnode Completed in 1ms
4 timing config:load:defaults Completed in 5ms
5 timing config:load:file:/usr/share/nodejs/npm/npmrc Completed in 12ms
6 timing config:load:builtin Completed in 12ms
7 timing config:load:cli Completed in 5ms
8 timing config:load:env Completed in 7ms
9 timing config:load:file:/root/.cache/typescript/5.8/.npmrc Completed in 0ms
10 timing config:load:project Completed in 8ms
11 timing config:load:file:/root/.npmrc Completed in 0ms
12 timing config:load:user Completed in 1ms
13 timing config:load:file:/etc/npmrc Completed in 0ms
14 timing config:load:global Completed in 0ms
15 timing config:load:setEnvs Completed in 2ms
16 timing config:load Completed in 41ms
17 timing npm:load:configload Completed in 41ms
18 timing npm:load:mkdirpcache Completed in 1ms
19 timing npm:load:mkdirplogs Completed in 0ms
20 verbose title npm install @types/accepts@ts5.8 @types/base64id@ts5.8 @types/body-parser@ts5.8 @types/bytes@ts5.8 @types/call-bind@ts5.8 @types/content-disposition@ts5.8 @types/content-type@ts5.8 @types/cookie-signature@ts5.8 @types/cors@ts5.8 @types/debug@ts5.8 @types/depd@ts5.8 @types/destroy@ts5.8 @types/ee-first@ts5.8 @types/encodeurl@ts5.8 @types/escape-html@ts5.8 @types/etag@ts5.8 @types/express@ts5.8 @types/finalhandler@ts5.8 @types/forwarded@ts5.8 @types/fresh@ts5.8 @types/function-bind@ts5.8 @types/get-intrinsic@ts5.8 @types/gopd@ts5.8 @types/has-property-descriptors@ts5.8 @types/http-errors@ts5.8 @types/inherits@ts5.8 @types/media-typer@ts5.8 @types/merge-descriptors@ts5.8 @types/methods@ts5.8 @types/mime-db@ts5.8 @types/mime-types@ts5.8 @types/ms@ts5.8 @types/negotiator@ts5.8 @types/object-assign@ts5.8 @types/object-inspect@ts5.8 @types/on-finished@ts5.8 @types/parseurl@ts5.8 @types/proxy-addr@ts5.8 @types/qs@ts5.8 @types/range-parser@ts5.8 @types/safer-buffer@ts5.8 @types/send@ts5.8 @types/serve-static@ts5.8 @types/statuses@ts5.8 @types/toidentifier@ts5.8 @types/type-is@ts5.8 @types/utils-merge@ts5.8 @types/vary@ts5.8 @types/ws@ts5.8 @types/nedb@ts5.8
21 verbose argv "install" "--ignore-scripts" "@types/accepts@ts5.8" "@types/base64id@ts5.8" "@types/body-parser@ts5.8" "@types/bytes@ts5.8" "@types/call-bind@ts5.8" "@types/content-disposition@ts5.8" "@types/content-type@ts5.8" "@types/cookie-signature@ts5.8" "@types/cors@ts5.8" "@types/debug@ts5.8" "@types/depd@ts5.8" "@types/destroy@ts5.8" "@types/ee-first@ts5.8" "@types/encodeurl@ts5.8" "@types/escape-html@ts5.8" "@types/etag@ts5.8" "@types/express@ts5.8" "@types/finalhandler@ts5.8" "@types/forwarded@ts5.8" "@types/fresh@ts5.8" "@types/function-bind@ts5.8" "@types/get-intrinsic@ts5.8" "@types/gopd@ts5.8" "@types/has-property-descriptors@ts5.8" "@types/http-errors@ts5.8" "@types/inherits@ts5.8" "@types/media-typer@ts5.8" "@types/merge-descriptors@ts5.8" "@types/methods@ts5.8" "@types/mime-db@ts5.8" "@types/mime-types@ts5.8" "@types/ms@ts5.8" "@types/negotiator@ts5.8" "@types/object-assign@ts5.8" "@types/object-inspect@ts5.8" "@types/on-finished@ts5.8" "@types/parseurl@ts5.8" "@types/proxy-addr@ts5.8" "@types/qs@ts5.8" "@types/range-parser@ts5.8" "@types/safer-buffer@ts5.8" "@types/send@ts5.8" "@types/serve-static@ts5.8" "@types/statuses@ts5.8" "@types/toidentifier@ts5.8" "@types/type-is@ts5.8" "@types/utils-merge@ts5.8" "@types/vary@ts5.8" "@types/ws@ts5.8" "@types/nedb@ts5.8" "--save-dev" "--user-agent" "typesInstaller/5.8.2"
22 timing npm:load:setTitle Completed in 10ms
23 timing config:load:flatten Completed in 6ms
24 timing npm:load:display Completed in 9ms
25 verbose logfile logs-max:10 dir:/root/.npm/_logs/2025-03-12T19_36_15_432Z-
26 verbose logfile /root/.npm/_logs/2025-03-12T19_36_15_432Z-debug-0.log
27 timing npm:load:logFile Completed in 30ms
28 timing npm:load:timers Completed in 1ms
29 timing npm:load:configScope Completed in 1ms
30 timing npm:load Completed in 94ms
31 silly logfile start cleaning logs, removing 1 files
32 timing config:load:flatten Completed in 2ms
33 timing arborist:ctor Completed in 2ms
34 silly logfile done cleaning log files
35 timing idealTree:init Completed in 241ms
36 timing arborist:ctor Completed in 1ms
37 http fetch GET 200 https://registry.npmjs.org/@types%2faccepts 1012ms (cache updated)
38 http fetch GET 200 https://registry.npmjs.org/@types%2fencodeurl 989ms (cache updated)
39 http fetch GET 200 https://registry.npmjs.org/@types%2fbytes 1017ms (cache updated)
40 http fetch GET 200 https://registry.npmjs.org/@types%2fcontent-type 1030ms (cache updated)
41 http fetch GET 200 https://registry.npmjs.org/@types%2fbody-parser 1041ms (cache updated)
42 http fetch GET 200 https://registry.npmjs.org/@types%2fee-first 1019ms (cache updated)
43 http fetch GET 200 https://registry.npmjs.org/@types%2fdestroy 1026ms (cache updated)
44 http fetch GET 200 https://registry.npmjs.org/@types%2fetag 1041ms (cache updated)
45 http fetch GET 200 https://registry.npmjs.org/@types%2fdebug 1260ms (cache updated)
46 http fetch GET 200 https://registry.npmjs.org/@types%2fcall-bind 1299ms (cache updated)
47 http fetch GET 200 https://registry.npmjs.org/@types%2fforwarded 1276ms (cache updated)
48 http fetch GET 200 https://registry.npmjs.org/@types%2fhas-property-descriptors 1284ms (cache updated)
49 http fetch GET 200 https://registry.npmjs.org/@types%2fdepd 1336ms (cache updated)
50 http fetch GET 200 https://registry.npmjs.org/@types%2ffinalhandler 1392ms (cache updated)
51 http fetch GET 200 https://registry.npmjs.org/@types%2fmime-types 1441ms (cache updated)
52 http fetch GET 200 https://registry.npmjs.org/@types%2fmedia-typer 1458ms (cache updated)
53 http fetch GET 200 https://registry.npmjs.org/@types%2fhttp-errors 1477ms (cache updated)
54 http fetch GET 200 https://registry.npmjs.org/@types%2fmethods 1477ms (cache updated)
55 http fetch GET 200 https://registry.npmjs.org/@types%2fmime-db 1478ms (cache updated)
56 http fetch GET 200 https://registry.npmjs.org/@types%2fcontent-disposition 1524ms (cache updated)
57 http fetch GET 200 https://registry.npmjs.org/@types%2fmerge-descriptors 1507ms (cache updated)
58 http fetch GET 200 https://registry.npmjs.org/@types%2fon-finished 1499ms (cache updated)
59 http fetch GET 200 https://registry.npmjs.org/@types%2fproxy-addr 1499ms (cache updated)
60 http fetch GET 200 https://registry.npmjs.org/@types%2fms 1512ms (cache updated)
61 http fetch GET 200 https://registry.npmjs.org/@types%2fobject-assign 1512ms (cache updated)
62 http fetch GET 200 https://registry.npmjs.org/@types%2fescape-html 1535ms (cache updated)
63 http fetch GET 200 https://registry.npmjs.org/@types%2fparseurl 1517ms (cache updated)
64 http fetch GET 200 https://registry.npmjs.org/@types%2fgopd 1534ms (cache updated)
65 http fetch GET 200 https://registry.npmjs.org/@types%2fsafer-buffer 1509ms (cache updated)
66 http fetch GET 200 https://registry.npmjs.org/@types%2fexpress 1547ms (cache updated)
67 http fetch GET 200 https://registry.npmjs.org/@types%2fcookie-signature 1569ms (cache updated)
68 http fetch GET 200 https://registry.npmjs.org/@types%2frange-parser 1525ms (cache updated)
69 http fetch GET 200 https://registry.npmjs.org/@types%2fget-intrinsic 1555ms (cache updated)
70 http fetch GET 200 https://registry.npmjs.org/@types%2fvary 1518ms (cache updated)
71 http fetch GET 200 https://registry.npmjs.org/@types%2ftoidentifier 1527ms (cache updated)
72 http fetch GET 200 https://registry.npmjs.org/@types%2ftype-is 1528ms (cache updated)
73 http fetch GET 200 https://registry.npmjs.org/@types%2fsend 1535ms (cache updated)
74 http fetch GET 200 https://registry.npmjs.org/@types%2finherits 1563ms (cache updated)
75 http fetch GET 200 https://registry.npmjs.org/@types%2futils-merge 1532ms (cache updated)
76 http fetch GET 200 https://registry.npmjs.org/@types%2fbase64id 1600ms (cache updated)
77 http fetch GET 200 https://registry.npmjs.org/@types%2ffresh 1573ms (cache updated)
78 http fetch GET 200 https://registry.npmjs.org/@types%2fcors 1594ms (cache updated)
79 http fetch GET 200 https://registry.npmjs.org/@types%2fstatuses 1544ms (cache updated)
80 http fetch GET 200 https://registry.npmjs.org/@types%2fnedb 1543ms (cache updated)
81 http fetch GET 200 https://registry.npmjs.org/@types%2fqs 1565ms (cache updated)
82 http fetch GET 200 https://registry.npmjs.org/@types%2fserve-static 1574ms (cache updated)
83 http fetch GET 200 https://registry.npmjs.org/@types%2ffunction-bind 1631ms (cache updated)
84 http fetch GET 200 https://registry.npmjs.org/@types%2fws 1606ms (cache updated)
85 http fetch GET 200 https://registry.npmjs.org/@types%2fnegotiator 1758ms (cache updated)
86 http fetch GET 200 https://registry.npmjs.org/@types%2fobject-inspect 1767ms (cache updated)
87 timing idealTree:userRequests Completed in 1855ms
88 silly idealTree buildDeps
89 silly fetch manifest @types/accepts@1.3.7
90 silly fetch manifest @types/base64id@2.0.2
91 silly fetch manifest @types/body-parser@1.19.5
92 silly fetch manifest @types/bytes@3.1.5
93 silly fetch manifest @types/call-bind@1.0.5
94 silly fetch manifest @types/content-disposition@0.5.8
95 silly fetch manifest @types/content-type@1.1.8
96 silly fetch manifest @types/cookie-signature@1.1.2
97 silly fetch manifest @types/cors@2.8.17
98 silly fetch manifest @types/debug@4.1.12
99 silly fetch manifest @types/depd@1.1.37
100 silly fetch manifest @types/destroy@1.0.3
101 silly fetch manifest @types/ee-first@1.1.3
102 silly fetch manifest @types/encodeurl@1.0.2
103 silly fetch manifest @types/escape-html@1.0.4
104 silly fetch manifest @types/etag@1.8.3
105 silly fetch manifest @types/express@5.0.0
106 silly fetch manifest @types/finalhandler@1.2.3
107 silly fetch manifest @types/forwarded@0.1.3
108 silly fetch manifest @types/fresh@0.5.2
109 silly fetch manifest @types/function-bind@1.1.10
110 silly fetch manifest @types/get-intrinsic@1.2.3
111 silly fetch manifest @types/gopd@1.0.3
112 silly fetch manifest @types/has-property-descriptors@1.0.3
113 silly fetch manifest @types/http-errors@2.0.4
114 silly fetch manifest @types/inherits@2.0.0
115 silly fetch manifest @types/media-typer@1.1.3
116 silly fetch manifest @types/merge-descriptors@1.0.3
117 silly fetch manifest @types/methods@1.1.4
118 silly fetch manifest @types/mime-db@1.43.5
119 silly fetch manifest @types/mime-types@2.1.4
120 silly fetch manifest @types/ms@2.1.0
121 silly fetch manifest @types/nedb@1.8.16
122 silly fetch manifest @types/negotiator@0.6.3
123 silly fetch manifest @types/object-assign@4.0.33
124 silly fetch manifest @types/object-inspect@1.13.0
125 silly fetch manifest @types/on-finished@2.3.4
126 silly fetch manifest @types/parseurl@1.3.3
127 silly fetch manifest @types/proxy-addr@2.0.3
128 silly fetch manifest @types/qs@6.9.18
129 silly fetch manifest @types/range-parser@1.2.7
130 silly fetch manifest @types/safer-buffer@2.1.3
131 silly fetch manifest @types/send@0.17.4
132 silly fetch manifest @types/serve-static@1.15.7
133 silly fetch manifest @types/statuses@2.0.5
134 silly fetch manifest @types/toidentifier@1.0.2
135 silly fetch manifest @types/type-is@1.6.7
136 silly fetch manifest @types/utils-merge@1.0.0
137 silly fetch manifest @types/vary@1.1.3
138 silly fetch manifest @types/ws@8.18.0
139 silly placeDep ROOT @types/accepts@1.3.7 REPLACE for:  want: 1.3.7
140 silly placeDep ROOT @types/base64id@2.0.2 REPLACE for:  want: 2.0.2
141 silly placeDep ROOT @types/body-parser@1.19.5 REPLACE for:  want: 1.19.5
142 silly placeDep ROOT @types/bytes@3.1.5 REPLACE for:  want: 3.1.5
143 silly placeDep ROOT @types/call-bind@1.0.5 REPLACE for:  want: 1.0.5
144 silly placeDep ROOT @types/content-disposition@0.5.8 REPLACE for:  want: 0.5.8
145 silly placeDep ROOT @types/content-type@1.1.8 REPLACE for:  want: 1.1.8
146 silly placeDep ROOT @types/cookie-signature@1.1.2 REPLACE for:  want: 1.1.2
147 silly placeDep ROOT @types/cors@2.8.17 REPLACE for:  want: 2.8.17
148 silly placeDep ROOT @types/debug@4.1.12 REPLACE for:  want: 4.1.12
149 silly placeDep ROOT @types/depd@1.1.37 REPLACE for:  want: 1.1.37
150 silly placeDep ROOT @types/destroy@1.0.3 REPLACE for:  want: 1.0.3
151 silly placeDep ROOT @types/ee-first@1.1.3 REPLACE for:  want: 1.1.3
152 silly placeDep ROOT @types/encodeurl@1.0.2 REPLACE for:  want: 1.0.2
153 silly placeDep ROOT @types/escape-html@1.0.4 REPLACE for:  want: 1.0.4
154 silly placeDep ROOT @types/etag@1.8.3 REPLACE for:  want: 1.8.3
155 silly placeDep ROOT @types/express@5.0.0 REPLACE for:  want: 5.0.0
156 silly placeDep ROOT @types/finalhandler@1.2.3 REPLACE for:  want: 1.2.3
157 silly placeDep ROOT @types/forwarded@0.1.3 REPLACE for:  want: 0.1.3
158 silly placeDep ROOT @types/fresh@0.5.2 REPLACE for:  want: 0.5.2
159 silly placeDep ROOT @types/function-bind@1.1.10 REPLACE for:  want: 1.1.10
160 silly placeDep ROOT @types/get-intrinsic@1.2.3 REPLACE for:  want: 1.2.3
161 silly placeDep ROOT @types/gopd@1.0.3 REPLACE for:  want: 1.0.3
162 silly placeDep ROOT @types/has-property-descriptors@1.0.3 REPLACE for:  want: 1.0.3
163 silly placeDep ROOT @types/http-errors@2.0.4 REPLACE for:  want: 2.0.4
164 silly placeDep ROOT @types/inherits@2.0.0 REPLACE for:  want: 2.0.0
165 silly placeDep ROOT @types/media-typer@1.1.3 REPLACE for:  want: 1.1.3
166 silly placeDep ROOT @types/merge-descriptors@1.0.3 REPLACE for:  want: 1.0.3
167 silly placeDep ROOT @types/methods@1.1.4 REPLACE for:  want: 1.1.4
168 silly placeDep ROOT @types/mime-db@1.43.5 REPLACE for:  want: 1.43.5
169 silly placeDep ROOT @types/mime-types@2.1.4 REPLACE for:  want: 2.1.4
170 silly placeDep ROOT @types/ms@2.1.0 REPLACE for:  want: 2.1.0
171 silly placeDep ROOT @types/nedb@1.8.16 REPLACE for:  want: 1.8.16
172 silly placeDep ROOT @types/negotiator@0.6.3 REPLACE for:  want: 0.6.3
173 silly placeDep ROOT @types/object-assign@4.0.33 REPLACE for:  want: 4.0.33
174 silly placeDep ROOT @types/object-inspect@1.13.0 REPLACE for:  want: 1.13.0
175 silly placeDep ROOT @types/on-finished@2.3.4 REPLACE for:  want: 2.3.4
176 silly placeDep ROOT @types/parseurl@1.3.3 REPLACE for:  want: 1.3.3
177 silly placeDep ROOT @types/proxy-addr@2.0.3 REPLACE for:  want: 2.0.3
178 silly placeDep ROOT @types/qs@6.9.18 REPLACE for:  want: 6.9.18
179 silly placeDep ROOT @types/range-parser@1.2.7 REPLACE for:  want: 1.2.7
180 silly placeDep ROOT @types/safer-buffer@2.1.3 REPLACE for:  want: 2.1.3
181 silly placeDep ROOT @types/send@0.17.4 REPLACE for:  want: 0.17.4
182 silly placeDep ROOT @types/serve-static@1.15.7 REPLACE for:  want: 1.15.7
183 silly placeDep ROOT @types/statuses@2.0.5 REPLACE for:  want: 2.0.5
184 silly placeDep ROOT @types/toidentifier@1.0.2 REPLACE for:  want: 1.0.2
185 silly placeDep ROOT @types/type-is@1.6.7 REPLACE for:  want: 1.6.7
186 silly placeDep ROOT @types/utils-merge@1.0.0 REPLACE for:  want: 1.0.0
187 silly placeDep ROOT @types/vary@1.1.3 REPLACE for:  want: 1.1.3
188 silly placeDep ROOT @types/ws@8.18.0 REPLACE for:  want: 8.18.0
189 timing idealTree:#root Completed in 366ms
190 timing idealTree:node_modules/@types/accepts Completed in 0ms
191 timing idealTree:node_modules/@types/base64id Completed in 0ms
192 timing idealTree:node_modules/@types/body-parser Completed in 0ms
193 timing idealTree:node_modules/@types/bytes Completed in 0ms
194 timing idealTree:node_modules/@types/call-bind Completed in 0ms
195 timing idealTree:node_modules/@types/content-disposition Completed in 0ms
196 timing idealTree:node_modules/@types/content-type Completed in 0ms
197 timing idealTree:node_modules/@types/cookie-signature Completed in 0ms
198 timing idealTree:node_modules/@types/cors Completed in 0ms
199 timing idealTree:node_modules/@types/debug Completed in 0ms
200 timing idealTree:node_modules/@types/depd Completed in 0ms
201 timing idealTree:node_modules/@types/destroy Completed in 0ms
202 timing idealTree:node_modules/@types/ee-first Completed in 0ms
203 timing idealTree:node_modules/@types/encodeurl Completed in 0ms
204 timing idealTree:node_modules/@types/escape-html Completed in 0ms
205 timing idealTree:node_modules/@types/etag Completed in 0ms
206 timing idealTree:node_modules/@types/express Completed in 0ms
207 timing idealTree:node_modules/@types/finalhandler Completed in 0ms
208 timing idealTree:node_modules/@types/forwarded Completed in 0ms
209 timing idealTree:node_modules/@types/fresh Completed in 0ms
210 timing idealTree:node_modules/@types/function-bind Completed in 0ms
211 timing idealTree:node_modules/@types/get-intrinsic Completed in 1ms
212 timing idealTree:node_modules/@types/gopd Completed in 0ms
213 timing idealTree:node_modules/@types/has-property-descriptors Completed in 0ms
214 timing idealTree:node_modules/@types/http-errors Completed in 0ms
215 timing idealTree:node_modules/@types/inherits Completed in 0ms
216 timing idealTree:node_modules/@types/media-typer Completed in 0ms
217 timing idealTree:node_modules/@types/merge-descriptors Completed in 0ms
218 timing idealTree:node_modules/@types/methods Completed in 0ms
219 timing idealTree:node_modules/@types/mime-db Completed in 0ms
220 timing idealTree:node_modules/@types/mime-types Completed in 0ms
221 timing idealTree:node_modules/@types/ms Completed in 0ms
222 timing idealTree:node_modules/@types/nedb Completed in 0ms
223 timing idealTree:node_modules/@types/negotiator Completed in 0ms
224 timing idealTree:node_modules/@types/object-assign Completed in 0ms
225 timing idealTree:node_modules/@types/object-inspect Completed in 0ms
226 timing idealTree:node_modules/@types/on-finished Completed in 0ms
227 timing idealTree:node_modules/@types/parseurl Completed in 0ms
228 timing idealTree:node_modules/@types/proxy-addr Completed in 0ms
229 timing idealTree:node_modules/@types/qs Completed in 0ms
230 timing idealTree:node_modules/@types/range-parser Completed in 0ms
231 timing idealTree:node_modules/@types/safer-buffer Completed in 0ms
232 timing idealTree:node_modules/@types/send Completed in 0ms
233 timing idealTree:node_modules/@types/serve-static Completed in 0ms
234 timing idealTree:node_modules/@types/statuses Completed in 0ms
235 timing idealTree:node_modules/@types/toidentifier Completed in 0ms
236 timing idealTree:node_modules/@types/type-is Completed in 0ms
237 timing idealTree:node_modules/@types/utils-merge Completed in 0ms
238 timing idealTree:node_modules/@types/vary Completed in 0ms
239 timing idealTree:node_modules/@types/ws Completed in 0ms
240 timing idealTree:buildDeps Completed in 387ms
241 timing idealTree:fixDepFlags Completed in 1ms
242 timing idealTree Completed in 2490ms
243 timing reify:loadTrees Completed in 2493ms
244 timing reify:diffTrees Completed in 5ms
245 silly reify moves {}
246 timing reify:retireShallow Completed in 5ms
247 timing reify:createSparse Completed in 0ms
248 timing reify:loadBundles Completed in 0ms
249 silly audit bulk request {
249 silly audit   '@types/async': [ '3.2.24' ],
249 silly audit   '@types/connect': [ '3.4.38' ],
249 silly audit   '@types/express-serve-static-core': [ '5.0.6' ],
249 silly audit   '@types/mime': [ '1.3.5' ],
249 silly audit   '@types/node': [ '22.13.10' ],
249 silly audit   '@types/underscore': [ '1.13.0' ],
249 silly audit   'types-registry': [ '0.1.711' ],
249 silly audit   'undici-types': [ '6.20.0' ],
249 silly audit   '@types/accepts': [ '1.3.7' ],
249 silly audit   '@types/base64id': [ '2.0.2' ],
249 silly audit   '@types/body-parser': [ '1.19.5' ],
249 silly audit   '@types/bytes': [ '3.1.5' ],
249 silly audit   '@types/call-bind': [ '1.0.5' ],
249 silly audit   '@types/content-disposition': [ '0.5.8' ],
249 silly audit   '@types/content-type': [ '1.1.8' ],
249 silly audit   '@types/cookie-signature': [ '1.1.2' ],
249 silly audit   '@types/cors': [ '2.8.17' ],
249 silly audit   '@types/debug': [ '4.1.12' ],
249 silly audit   '@types/depd': [ '1.1.37' ],
249 silly audit   '@types/destroy': [ '1.0.3' ],
249 silly audit   '@types/ee-first': [ '1.1.3' ],
249 silly audit   '@types/encodeurl': [ '1.0.2' ],
249 silly audit   '@types/escape-html': [ '1.0.4' ],
249 silly audit   '@types/etag': [ '1.8.3' ],
249 silly audit   '@types/express': [ '5.0.0' ],
249 silly audit   '@types/finalhandler': [ '1.2.3' ],
249 silly audit   '@types/forwarded': [ '0.1.3' ],
249 silly audit   '@types/fresh': [ '0.5.2' ],
249 silly audit   '@types/function-bind': [ '1.1.10' ],
249 silly audit   '@types/get-intrinsic': [ '1.2.3' ],
249 silly audit   '@types/gopd': [ '1.0.3' ],
249 silly audit   '@types/has-property-descriptors': [ '1.0.3' ],
249 silly audit   '@types/http-errors': [ '2.0.4' ],
249 silly audit   '@types/inherits': [ '2.0.0' ],
249 silly audit   '@types/media-typer': [ '1.1.3' ],
249 silly audit   '@types/merge-descriptors': [ '1.0.3' ],
249 silly audit   '@types/methods': [ '1.1.4' ],
249 silly audit   '@types/mime-db': [ '1.43.5' ],
249 silly audit   '@types/mime-types': [ '2.1.4' ],
249 silly audit   '@types/ms': [ '2.1.0' ],
249 silly audit   '@types/nedb': [ '1.8.16' ],
249 silly audit   '@types/negotiator': [ '0.6.3' ],
249 silly audit   '@types/object-assign': [ '4.0.33' ],
249 silly audit   '@types/object-inspect': [ '1.13.0' ],
249 silly audit   '@types/on-finished': [ '2.3.4' ],
249 silly audit   '@types/parseurl': [ '1.3.3' ],
249 silly audit   '@types/proxy-addr': [ '2.0.3' ],
249 silly audit   '@types/qs': [ '6.9.18' ],
249 silly audit   '@types/range-parser': [ '1.2.7' ],
249 silly audit   '@types/safer-buffer': [ '2.1.3' ],
249 silly audit   '@types/send': [ '0.17.4' ],
249 silly audit   '@types/serve-static': [ '1.15.7' ],
249 silly audit   '@types/statuses': [ '2.0.5' ],
249 silly audit   '@types/toidentifier': [ '1.0.2' ],
249 silly audit   '@types/type-is': [ '1.6.7' ],
249 silly audit   '@types/utils-merge': [ '1.0.0' ],
249 silly audit   '@types/vary': [ '1.1.3' ],
249 silly audit   '@types/ws': [ '8.18.0' ]
249 silly audit }
250 timing reify:unpack Completed in 1ms
251 timing reify:unretire Completed in 0ms
252 timing build:queue Completed in 0ms
253 timing build:deps Completed in 0ms
254 timing build Completed in 2ms
255 timing reify:build Completed in 2ms
256 timing reify:trash Completed in 1ms
257 timing reify:save Completed in 101ms
258 http fetch POST 200 https://registry.npmjs.org/-/npm/v1/security/advisories/bulk 201ms
259 timing auditReport:getReport Completed in 215ms
260 silly audit report {}
261 timing auditReport:init Completed in 0ms
262 timing reify:audit Completed in 216ms
263 timing reify Completed in 2730ms
264 timing command:install Completed in 2747ms
265 verbose exit 0
266 timing npm Completed in 2908ms
267 info ok
