0 verbose cli /usr/bin/node /usr/bin/npm
1 info using npm@9.2.0
2 info using node@v18.13.0
3 timing npm:load:whichnode Completed in 1ms
4 timing config:load:defaults Completed in 17ms
5 timing config:load:file:/usr/share/nodejs/npm/npmrc Completed in 36ms
6 timing config:load:builtin Completed in 36ms
7 timing config:load:cli Completed in 15ms
8 timing config:load:env Completed in 1ms
9 timing config:load:project Completed in 3ms
10 timing config:load:file:/root/.npmrc Completed in 1ms
11 timing config:load:user Completed in 2ms
12 timing config:load:file:/etc/npmrc Completed in 0ms
13 timing config:load:global Completed in 0ms
14 timing config:load:setEnvs Completed in 7ms
15 timing config:load Completed in 83ms
16 timing npm:load:configload Completed in 83ms
17 timing npm:load:mkdirpcache Completed in 1ms
18 timing npm:load:mkdirplogs Completed in 1ms
19 verbose title npm install nodemon
20 verbose argv "install" "--global" "nodemon"
21 timing npm:load:setTitle Completed in 4ms
22 timing config:load:flatten Completed in 20ms
23 timing npm:load:display Completed in 22ms
24 verbose logfile logs-max:10 dir:/root/.npm/_logs/2025-03-12T19_36_07_976Z-
25 verbose logfile /root/.npm/_logs/2025-03-12T19_36_07_976Z-debug-0.log
26 timing npm:load:logFile Completed in 34ms
27 timing npm:load:timers Completed in 0ms
28 timing npm:load:configScope Completed in 0ms
29 timing npm:load Completed in 156ms
30 timing config:load:flatten Completed in 1ms
31 timing arborist:ctor Completed in 2ms
32 silly logfile start cleaning logs, removing 2 files
33 silly logfile done cleaning log files
34 timing idealTree:init Completed in 74ms
35 timing idealTree:userRequests Completed in 14ms
36 silly idealTree buildDeps
37 silly fetch manifest nodemon@*
38 http fetch GET 200 https://registry.npmjs.org/nodemon 814ms (cache miss)
39 silly placeDep ROOT nodemon@3.1.9 OK for:  want: *
40 silly fetch manifest chokidar@^3.5.2
41 silly fetch manifest debug@^4
42 silly fetch manifest ignore-by-default@^1.0.1
43 silly fetch manifest minimatch@^3.1.2
44 silly fetch manifest pstree.remy@^1.1.8
45 silly fetch manifest semver@^7.5.3
46 silly fetch manifest simple-update-notifier@^2.0.0
47 silly fetch manifest supports-color@^5.5.0
48 silly fetch manifest touch@^3.1.0
49 silly fetch manifest undefsafe@^2.0.5
50 http fetch GET 200 https://registry.npmjs.org/ignore-by-default 636ms (cache miss)
51 http fetch GET 200 https://registry.npmjs.org/touch 626ms (cache miss)
52 http fetch GET 200 https://registry.npmjs.org/chokidar 704ms (cache miss)
53 http fetch GET 200 https://registry.npmjs.org/undefsafe 724ms (cache miss)
54 http fetch GET 200 https://registry.npmjs.org/pstree.remy 758ms (cache miss)
55 http fetch GET 200 https://registry.npmjs.org/simple-update-notifier 759ms (cache miss)
56 http fetch GET 200 https://registry.npmjs.org/supports-color 837ms (cache miss)
57 http fetch GET 200 https://registry.npmjs.org/semver 889ms (cache miss)
58 http fetch GET 200 https://registry.npmjs.org/debug 915ms (cache updated)
59 http fetch GET 200 https://registry.npmjs.org/minimatch 931ms (cache miss)
60 timing idealTree:#root Completed in 1859ms
61 silly placeDep node_modules/nodemon chokidar@3.6.0 OK for: nodemon@3.1.9 want: ^3.5.2
62 silly placeDep node_modules/nodemon debug@4.4.0 OK for: nodemon@3.1.9 want: ^4
63 silly placeDep node_modules/nodemon ignore-by-default@1.0.1 OK for: nodemon@3.1.9 want: ^1.0.1
64 silly placeDep node_modules/nodemon minimatch@3.1.2 OK for: nodemon@3.1.9 want: ^3.1.2
65 silly placeDep node_modules/nodemon pstree.remy@1.1.8 OK for: nodemon@3.1.9 want: ^1.1.8
66 silly placeDep node_modules/nodemon semver@7.7.1 OK for: nodemon@3.1.9 want: ^7.5.3
67 silly placeDep node_modules/nodemon simple-update-notifier@2.0.0 OK for: nodemon@3.1.9 want: ^2.0.0
68 silly placeDep node_modules/nodemon supports-color@5.5.0 OK for: nodemon@3.1.9 want: ^5.5.0
69 silly placeDep node_modules/nodemon touch@3.1.1 OK for: nodemon@3.1.9 want: ^3.1.0
70 silly placeDep node_modules/nodemon undefsafe@2.0.5 OK for: nodemon@3.1.9 want: ^2.0.5
71 silly fetch manifest braces@~3.0.2
72 silly fetch manifest is-glob@~4.0.1
73 silly fetch manifest anymatch@~3.1.2
74 silly fetch manifest readdirp@~3.6.0
75 silly fetch manifest glob-parent@~5.1.2
76 silly fetch manifest is-binary-path@~2.1.0
77 silly fetch manifest normalize-path@~3.0.0
78 silly fetch manifest fsevents@~2.3.2
79 silly fetch manifest ms@^2.1.3
80 silly fetch manifest brace-expansion@^1.1.7
81 silly fetch manifest has-flag@^3.0.0
82 http fetch GET 200 https://registry.npmjs.org/glob-parent 490ms (cache miss)
83 http fetch GET 200 https://registry.npmjs.org/is-glob 526ms (cache miss)
84 http fetch GET 200 https://registry.npmjs.org/normalize-path 501ms (cache miss)
85 http fetch GET 200 https://registry.npmjs.org/is-binary-path 511ms (cache miss)
86 http fetch GET 200 https://registry.npmjs.org/has-flag 476ms (cache miss)
87 http fetch GET 200 https://registry.npmjs.org/brace-expansion 491ms (cache miss)
88 http fetch GET 200 https://registry.npmjs.org/braces 646ms (cache miss)
89 http fetch GET 200 https://registry.npmjs.org/anymatch 642ms (cache miss)
90 http fetch GET 200 https://registry.npmjs.org/readdirp 653ms (cache miss)
91 http fetch GET 200 https://registry.npmjs.org/fsevents 640ms (cache miss)
92 http fetch GET 200 https://registry.npmjs.org/ms 655ms (cache updated)
93 timing idealTree:node_modules/nodemon Completed in 912ms
94 silly placeDep node_modules/nodemon anymatch@3.1.3 OK for: chokidar@3.6.0 want: ~3.1.2
95 silly placeDep node_modules/nodemon braces@3.0.3 OK for: chokidar@3.6.0 want: ~3.0.2
96 silly placeDep node_modules/nodemon fsevents@2.3.3 OK for: chokidar@3.6.0 want: ~2.3.2
97 silly placeDep node_modules/nodemon glob-parent@5.1.2 OK for: chokidar@3.6.0 want: ~5.1.2
98 silly placeDep node_modules/nodemon is-binary-path@2.1.0 OK for: chokidar@3.6.0 want: ~2.1.0
99 silly placeDep node_modules/nodemon is-glob@4.0.3 OK for: chokidar@3.6.0 want: ~4.0.1
100 silly placeDep node_modules/nodemon normalize-path@3.0.0 OK for: chokidar@3.6.0 want: ~3.0.0
101 silly placeDep node_modules/nodemon readdirp@3.6.0 OK for: chokidar@3.6.0 want: ~3.6.0
102 silly fetch manifest picomatch@^2.0.4
103 silly fetch manifest fill-range@^7.1.1
104 silly fetch manifest binary-extensions@^2.0.0
105 silly fetch manifest is-extglob@^2.1.1
106 silly fetch manifest picomatch@^2.2.1
107 http fetch GET 200 https://registry.npmjs.org/is-extglob 381ms (cache miss)
108 http fetch GET 200 https://registry.npmjs.org/fill-range 409ms (cache miss)
109 http fetch GET 200 https://registry.npmjs.org/picomatch 379ms (cache miss)
110 http fetch GET 200 https://registry.npmjs.org/binary-extensions 419ms (cache miss)
111 http fetch GET 200 https://registry.npmjs.org/picomatch 447ms (cache miss)
112 timing idealTree:node_modules/nodemon/node_modules/chokidar Completed in 590ms
113 silly placeDep node_modules/nodemon picomatch@2.3.1 OK for: anymatch@3.1.3 want: ^2.0.4
114 timing idealTree:node_modules/nodemon/node_modules/anymatch Completed in 9ms
115 silly placeDep node_modules/nodemon fill-range@7.1.1 OK for: braces@3.0.3 want: ^7.1.1
116 silly fetch manifest to-regex-range@^5.0.1
117 http fetch GET 200 https://registry.npmjs.org/to-regex-range 58ms (cache miss)
118 timing idealTree:node_modules/nodemon/node_modules/braces Completed in 66ms
119 silly placeDep node_modules/nodemon ms@2.1.3 OK for: debug@4.4.0 want: ^2.1.3
120 timing idealTree:node_modules/nodemon/node_modules/debug Completed in 9ms
121 silly placeDep node_modules/nodemon to-regex-range@5.0.1 OK for: fill-range@7.1.1 want: ^5.0.1
122 silly fetch manifest is-number@^7.0.0
123 http fetch GET 200 https://registry.npmjs.org/is-number 146ms (cache miss)
124 timing idealTree:node_modules/nodemon/node_modules/fill-range Completed in 165ms
125 timing idealTree:node_modules/nodemon/node_modules/fsevents Completed in 0ms
126 timing idealTree:node_modules/nodemon/node_modules/glob-parent Completed in 1ms
127 timing idealTree:node_modules/nodemon/node_modules/ignore-by-default Completed in 0ms
128 silly placeDep node_modules/nodemon binary-extensions@2.3.0 OK for: is-binary-path@2.1.0 want: ^2.0.0
129 timing idealTree:node_modules/nodemon/node_modules/is-binary-path Completed in 3ms
130 timing idealTree:node_modules/nodemon/node_modules/binary-extensions Completed in 0ms
131 silly placeDep node_modules/nodemon is-extglob@2.1.1 OK for: is-glob@4.0.3 want: ^2.1.1
132 timing idealTree:node_modules/nodemon/node_modules/is-glob Completed in 24ms
133 timing idealTree:node_modules/nodemon/node_modules/is-extglob Completed in 0ms
134 silly placeDep node_modules/nodemon brace-expansion@1.1.11 OK for: minimatch@3.1.2 want: ^1.1.7
135 silly fetch manifest balanced-match@^1.0.0
136 silly fetch manifest concat-map@0.0.1
137 http fetch GET 200 https://registry.npmjs.org/concat-map 60ms (cache miss)
138 http fetch GET 200 https://registry.npmjs.org/balanced-match 75ms (cache miss)
139 timing idealTree:node_modules/nodemon/node_modules/minimatch Completed in 86ms
140 silly placeDep node_modules/nodemon balanced-match@1.0.2 OK for: brace-expansion@1.1.11 want: ^1.0.0
141 silly placeDep node_modules/nodemon concat-map@0.0.1 OK for: brace-expansion@1.1.11 want: 0.0.1
142 timing idealTree:node_modules/nodemon/node_modules/brace-expansion Completed in 16ms
143 timing idealTree:node_modules/nodemon/node_modules/balanced-match Completed in 0ms
144 timing idealTree:node_modules/nodemon/node_modules/concat-map Completed in 0ms
145 timing idealTree:node_modules/nodemon/node_modules/ms Completed in 0ms
146 timing idealTree:node_modules/nodemon/node_modules/normalize-path Completed in 0ms
147 timing idealTree:node_modules/nodemon/node_modules/picomatch Completed in 0ms
148 timing idealTree:node_modules/nodemon/node_modules/pstree.remy Completed in 0ms
149 timing idealTree:node_modules/nodemon/node_modules/readdirp Completed in 0ms
150 timing idealTree:node_modules/nodemon/node_modules/semver Completed in 0ms
151 timing idealTree:node_modules/nodemon/node_modules/simple-update-notifier Completed in 0ms
152 silly placeDep node_modules/nodemon has-flag@3.0.0 OK for: supports-color@5.5.0 want: ^3.0.0
153 timing idealTree:node_modules/nodemon/node_modules/supports-color Completed in 13ms
154 timing idealTree:node_modules/nodemon/node_modules/has-flag Completed in 0ms
155 silly placeDep node_modules/nodemon is-number@7.0.0 OK for: to-regex-range@5.0.1 want: ^7.0.0
156 timing idealTree:node_modules/nodemon/node_modules/to-regex-range Completed in 21ms
157 timing idealTree:node_modules/nodemon/node_modules/is-number Completed in 1ms
158 timing idealTree:node_modules/nodemon/node_modules/touch Completed in 0ms
159 timing idealTree:node_modules/nodemon/node_modules/undefsafe Completed in 0ms
160 timing idealTree:buildDeps Completed in 3815ms
161 timing idealTree:fixDepFlags Completed in 6ms
162 timing idealTree Completed in 3933ms
163 timing reify:loadTrees Completed in 3956ms
164 timing reify:diffTrees Completed in 4ms
165 silly reify moves {}
166 timing reify:retireShallow Completed in 11ms
167 timing reify:createSparse Completed in 42ms
168 timing reify:loadBundles Completed in 0ms
169 verbose reify failed optional dependency /usr/local/lib/node_modules/nodemon/node_modules/fsevents
170 silly reify mark deleted [ '/usr/local/lib/node_modules/nodemon/node_modules/fsevents' ]
171 timing reifyNode:node_modules/nodemon/node_modules/fsevents Completed in 26ms
172 silly tarball no local data for nodemon@https://registry.npmjs.org/nodemon/-/nodemon-3.1.9.tgz. Extracting by manifest.
173 silly tarball no local data for is-number@https://registry.npmjs.org/is-number/-/is-number-7.0.0.tgz. Extracting by manifest.
174 silly tarball no local data for has-flag@https://registry.npmjs.org/has-flag/-/has-flag-3.0.0.tgz. Extracting by manifest.
175 silly tarball no local data for concat-map@https://registry.npmjs.org/concat-map/-/concat-map-0.0.1.tgz. Extracting by manifest.
176 silly tarball no local data for balanced-match@https://registry.npmjs.org/balanced-match/-/balanced-match-1.0.2.tgz. Extracting by manifest.
177 silly tarball no local data for brace-expansion@https://registry.npmjs.org/brace-expansion/-/brace-expansion-1.1.11.tgz. Extracting by manifest.
178 silly tarball no local data for is-extglob@https://registry.npmjs.org/is-extglob/-/is-extglob-2.1.1.tgz. Extracting by manifest.
179 silly tarball no local data for binary-extensions@https://registry.npmjs.org/binary-extensions/-/binary-extensions-2.3.0.tgz. Extracting by manifest.
180 silly tarball no local data for to-regex-range@https://registry.npmjs.org/to-regex-range/-/to-regex-range-5.0.1.tgz. Extracting by manifest.
181 silly tarball no local data for fill-range@https://registry.npmjs.org/fill-range/-/fill-range-7.1.1.tgz. Extracting by manifest.
182 silly tarball no local data for picomatch@https://registry.npmjs.org/picomatch/-/picomatch-2.3.1.tgz. Extracting by manifest.
183 silly tarball no local data for readdirp@https://registry.npmjs.org/readdirp/-/readdirp-3.6.0.tgz. Extracting by manifest.
184 silly tarball no local data for is-glob@https://registry.npmjs.org/is-glob/-/is-glob-4.0.3.tgz. Extracting by manifest.
185 silly tarball no local data for normalize-path@https://registry.npmjs.org/normalize-path/-/normalize-path-3.0.0.tgz. Extracting by manifest.
186 silly tarball no local data for is-binary-path@https://registry.npmjs.org/is-binary-path/-/is-binary-path-2.1.0.tgz. Extracting by manifest.
187 silly tarball no local data for glob-parent@https://registry.npmjs.org/glob-parent/-/glob-parent-5.1.2.tgz. Extracting by manifest.
188 silly tarball no local data for braces@https://registry.npmjs.org/braces/-/braces-3.0.3.tgz. Extracting by manifest.
189 silly tarball no local data for anymatch@https://registry.npmjs.org/anymatch/-/anymatch-3.1.3.tgz. Extracting by manifest.
190 silly tarball no local data for undefsafe@https://registry.npmjs.org/undefsafe/-/undefsafe-2.0.5.tgz. Extracting by manifest.
191 silly tarball no local data for touch@https://registry.npmjs.org/touch/-/touch-3.1.1.tgz. Extracting by manifest.
192 silly tarball no local data for supports-color@https://registry.npmjs.org/supports-color/-/supports-color-5.5.0.tgz. Extracting by manifest.
193 silly tarball no local data for simple-update-notifier@https://registry.npmjs.org/simple-update-notifier/-/simple-update-notifier-2.0.0.tgz. Extracting by manifest.
194 silly tarball no local data for semver@https://registry.npmjs.org/semver/-/semver-7.7.1.tgz. Extracting by manifest.
195 silly tarball no local data for minimatch@https://registry.npmjs.org/minimatch/-/minimatch-3.1.2.tgz. Extracting by manifest.
196 silly tarball no local data for pstree.remy@https://registry.npmjs.org/pstree.remy/-/pstree.remy-1.1.8.tgz. Extracting by manifest.
197 silly tarball no local data for debug@https://registry.npmjs.org/debug/-/debug-4.4.0.tgz. Extracting by manifest.
198 silly tarball no local data for ignore-by-default@https://registry.npmjs.org/ignore-by-default/-/ignore-by-default-1.0.1.tgz. Extracting by manifest.
199 silly tarball no local data for chokidar@https://registry.npmjs.org/chokidar/-/chokidar-3.6.0.tgz. Extracting by manifest.
200 timing reifyNode:node_modules/nodemon/node_modules/ms Completed in 1497ms
201 http fetch GET 200 https://registry.npmjs.org/has-flag/-/has-flag-3.0.0.tgz 1438ms (cache miss)
202 timing reifyNode:node_modules/nodemon/node_modules/has-flag Completed in 1631ms
203 http fetch GET 200 https://registry.npmjs.org/concat-map/-/concat-map-0.0.1.tgz 1505ms (cache miss)
204 http fetch GET 200 https://registry.npmjs.org/balanced-match/-/balanced-match-1.0.2.tgz 1499ms (cache miss)
205 timing reifyNode:node_modules/nodemon/node_modules/balanced-match Completed in 1707ms
206 http fetch GET 200 https://registry.npmjs.org/binary-extensions/-/binary-extensions-2.3.0.tgz 1491ms (cache miss)
207 timing reifyNode:node_modules/nodemon/node_modules/binary-extensions Completed in 1710ms
208 http fetch GET 200 https://registry.npmjs.org/fill-range/-/fill-range-7.1.1.tgz 1471ms (cache miss)
209 timing reifyNode:node_modules/nodemon/node_modules/fill-range Completed in 1706ms
210 http fetch GET 200 https://registry.npmjs.org/is-number/-/is-number-7.0.0.tgz 1568ms (cache miss)
211 timing reifyNode:node_modules/nodemon/node_modules/is-number Completed in 1760ms
212 timing reifyNode:node_modules/nodemon/node_modules/concat-map Completed in 1763ms
213 http fetch GET 200 https://registry.npmjs.org/brace-expansion/-/brace-expansion-1.1.11.tgz 1556ms (cache miss)
214 timing reifyNode:node_modules/nodemon/node_modules/brace-expansion Completed in 1768ms
215 http fetch GET 200 https://registry.npmjs.org/undefsafe/-/undefsafe-2.0.5.tgz 1444ms (cache miss)
216 http fetch GET 200 https://registry.npmjs.org/ignore-by-default/-/ignore-by-default-1.0.1.tgz 1402ms (cache miss)
217 timing reifyNode:node_modules/nodemon/node_modules/ignore-by-default Completed in 1782ms
218 http fetch GET 200 https://registry.npmjs.org/is-binary-path/-/is-binary-path-2.1.0.tgz 1524ms (cache miss)
219 timing reifyNode:node_modules/nodemon/node_modules/is-binary-path Completed in 1795ms
220 http fetch GET 200 https://registry.npmjs.org/is-extglob/-/is-extglob-2.1.1.tgz 1607ms (cache miss)
221 timing reifyNode:node_modules/nodemon/node_modules/is-extglob Completed in 1829ms
222 http fetch GET 200 https://registry.npmjs.org/glob-parent/-/glob-parent-5.1.2.tgz 1543ms (cache miss)
223 timing reifyNode:node_modules/nodemon/node_modules/glob-parent Completed in 1820ms
224 http fetch GET 200 https://registry.npmjs.org/anymatch/-/anymatch-3.1.3.tgz 1542ms (cache miss)
225 timing reifyNode:node_modules/nodemon/node_modules/anymatch Completed in 1840ms
226 http fetch GET 200 https://registry.npmjs.org/supports-color/-/supports-color-5.5.0.tgz 1516ms (cache miss)
227 timing reifyNode:node_modules/nodemon/node_modules/supports-color Completed in 1854ms
228 http fetch GET 200 https://registry.npmjs.org/to-regex-range/-/to-regex-range-5.0.1.tgz 1645ms (cache miss)
229 timing reifyNode:node_modules/nodemon/node_modules/to-regex-range Completed in 1873ms
230 http fetch GET 200 https://registry.npmjs.org/debug/-/debug-4.4.0.tgz 1499ms (cache miss)
231 timing reifyNode:node_modules/nodemon/node_modules/undefsafe Completed in 1879ms
232 http fetch GET 200 https://registry.npmjs.org/touch/-/touch-3.1.1.tgz 1553ms (cache miss)
233 timing reifyNode:node_modules/nodemon/node_modules/touch Completed in 1883ms
234 timing reifyNode:node_modules/nodemon/node_modules/debug Completed in 1894ms
235 http fetch GET 200 https://registry.npmjs.org/normalize-path/-/normalize-path-3.0.0.tgz 1641ms (cache miss)
236 timing reifyNode:node_modules/nodemon/node_modules/normalize-path Completed in 1910ms
237 http fetch GET 200 https://registry.npmjs.org/is-glob/-/is-glob-4.0.3.tgz 1651ms (cache miss)
238 timing reifyNode:node_modules/nodemon/node_modules/is-glob Completed in 1919ms
239 http fetch GET 200 https://registry.npmjs.org/readdirp/-/readdirp-3.6.0.tgz 1694ms (cache miss)
240 timing reifyNode:node_modules/nodemon/node_modules/readdirp Completed in 1948ms
241 http fetch GET 200 https://registry.npmjs.org/pstree.remy/-/pstree.remy-1.1.8.tgz 1604ms (cache miss)
242 http fetch GET 200 https://registry.npmjs.org/minimatch/-/minimatch-3.1.2.tgz 1637ms (cache miss)
243 timing reifyNode:node_modules/nodemon/node_modules/minimatch Completed in 1995ms
244 timing reifyNode:node_modules/nodemon/node_modules/pstree.remy Completed in 1996ms
245 http fetch GET 200 https://registry.npmjs.org/simple-update-notifier/-/simple-update-notifier-2.0.0.tgz 1659ms (cache miss)
246 timing reifyNode:node_modules/nodemon/node_modules/simple-update-notifier Completed in 2025ms
247 http fetch GET 200 https://registry.npmjs.org/chokidar/-/chokidar-3.6.0.tgz 1642ms (cache miss)
248 timing reifyNode:node_modules/nodemon/node_modules/chokidar Completed in 2028ms
249 http fetch GET 200 https://registry.npmjs.org/braces/-/braces-3.0.3.tgz 1778ms (cache miss)
250 timing reifyNode:node_modules/nodemon/node_modules/braces Completed in 2063ms
251 http fetch GET 200 https://registry.npmjs.org/picomatch/-/picomatch-2.3.1.tgz 1859ms (cache miss)
252 timing reifyNode:node_modules/nodemon/node_modules/picomatch Completed in 2096ms
253 http fetch GET 200 https://registry.npmjs.org/semver/-/semver-7.7.1.tgz 2006ms (cache miss)
254 timing reifyNode:node_modules/nodemon/node_modules/semver Completed in 2359ms
255 http fetch GET 200 https://registry.npmjs.org/nodemon/-/nodemon-3.1.9.tgz 2206ms (cache miss)
256 timing reifyNode:node_modules/nodemon Completed in 2381ms
257 timing reify:unpack Completed in 2388ms
258 timing reify:unretire Completed in 0ms
259 timing build:queue Completed in 24ms
260 timing build:link:node_modules/nodemon/node_modules/semver Completed in 22ms
261 timing build:link:node_modules/nodemon Completed in 33ms
262 timing build:link:node_modules/nodemon/node_modules/touch Completed in 24ms
263 timing build:link Completed in 35ms
264 timing build:deps Completed in 59ms
265 timing build Completed in 59ms
266 timing reify:build Completed in 60ms
267 timing reify:trash Completed in 7ms
268 timing reify Completed in 6531ms
269 silly ADD node_modules/nodemon
270 silly ADD node_modules/nodemon/node_modules/is-number
271 silly ADD node_modules/nodemon/node_modules/has-flag
272 silly ADD node_modules/nodemon/node_modules/concat-map
273 silly ADD node_modules/nodemon/node_modules/balanced-match
274 silly ADD node_modules/nodemon/node_modules/brace-expansion
275 silly ADD node_modules/nodemon/node_modules/is-extglob
276 silly ADD node_modules/nodemon/node_modules/binary-extensions
277 silly ADD node_modules/nodemon/node_modules/to-regex-range
278 silly ADD node_modules/nodemon/node_modules/ms
279 silly ADD node_modules/nodemon/node_modules/fill-range
280 silly ADD node_modules/nodemon/node_modules/picomatch
281 silly ADD node_modules/nodemon/node_modules/readdirp
282 silly ADD node_modules/nodemon/node_modules/normalize-path
283 silly ADD node_modules/nodemon/node_modules/is-glob
284 silly ADD node_modules/nodemon/node_modules/is-binary-path
285 silly ADD node_modules/nodemon/node_modules/glob-parent
286 silly ADD
287 silly ADD node_modules/nodemon/node_modules/braces
288 silly ADD node_modules/nodemon/node_modules/anymatch
289 silly ADD node_modules/nodemon/node_modules/undefsafe
290 silly ADD node_modules/nodemon/node_modules/touch
291 silly ADD node_modules/nodemon/node_modules/supports-color
292 silly ADD node_modules/nodemon/node_modules/simple-update-notifier
293 silly ADD node_modules/nodemon/node_modules/semver
294 silly ADD node_modules/nodemon/node_modules/pstree.remy
295 silly ADD node_modules/nodemon/node_modules/minimatch
296 silly ADD node_modules/nodemon/node_modules/ignore-by-default
297 silly ADD node_modules/nodemon/node_modules/debug
298 silly ADD node_modules/nodemon/node_modules/chokidar
299 timing command:install Completed in 6599ms
300 verbose exit 0
301 timing npm Completed in 6899ms
302 info ok
