0 verbose cli /usr/bin/node /usr/bin/npm
1 info using npm@9.2.0
2 info using node@v18.13.0
3 timing npm:load:whichnode Completed in 0ms
4 timing config:load:defaults Completed in 4ms
5 timing config:load:file:/usr/share/nodejs/npm/npmrc Completed in 9ms
6 timing config:load:builtin Completed in 9ms
7 timing config:load:cli Completed in 4ms
8 timing config:load:env Completed in 1ms
9 timing config:load:file:/root/.cache/typescript/5.8/.npmrc Completed in 0ms
10 timing config:load:project Completed in 4ms
11 timing config:load:file:/root/.npmrc Completed in 1ms
12 timing config:load:user Completed in 1ms
13 timing config:load:file:/etc/npmrc Completed in 0ms
14 timing config:load:global Completed in 0ms
15 timing config:load:setEnvs Completed in 3ms
16 timing config:load Completed in 26ms
17 timing npm:load:configload Completed in 27ms
18 timing npm:load:mkdirpcache Completed in 0ms
19 timing npm:load:mkdirplogs Completed in 1ms
20 verbose title npm install @types/express@ts5.8 @types/nedb@ts5.8 @types/async@ts5.8 @types/body-parser@ts5.8 @types/merge-descriptors@ts5.8 @types/serve-static@ts5.8 @types/underscore@ts5.8
21 verbose argv "install" "--ignore-scripts" "@types/express@ts5.8" "@types/nedb@ts5.8" "@types/async@ts5.8" "@types/body-parser@ts5.8" "@types/merge-descriptors@ts5.8" "@types/serve-static@ts5.8" "@types/underscore@ts5.8" "--save-dev" "--user-agent" "typesInstaller/5.8.2"
22 timing npm:load:setTitle Completed in 2ms
23 timing config:load:flatten Completed in 4ms
24 timing npm:load:display Completed in 7ms
25 verbose logfile logs-max:10 dir:/root/.npm/_logs/2025-03-09T20_37_51_530Z-
26 verbose logfile /root/.npm/_logs/2025-03-09T20_37_51_530Z-debug-0.log
27 timing npm:load:logFile Completed in 9ms
28 timing npm:load:timers Completed in 0ms
29 timing npm:load:configScope Completed in 0ms
30 timing npm:load Completed in 51ms
31 silly logfile start cleaning logs, removing 1 files
32 timing config:load:flatten Completed in 1ms
33 timing arborist:ctor Completed in 2ms
34 silly logfile done cleaning log files
35 timing idealTree:init Completed in 33ms
36 timing arborist:ctor Completed in 1ms
37 http fetch GET 200 https://registry.npmjs.org/@types%2fmerge-descriptors 279ms (cache updated)
38 http fetch GET 200 https://registry.npmjs.org/@types%2fbody-parser 290ms (cache updated)
39 http fetch GET 200 https://registry.npmjs.org/@types%2fserve-static 293ms (cache updated)
40 http fetch GET 200 https://registry.npmjs.org/@types%2fexpress 305ms (cache updated)
41 http fetch GET 200 https://registry.npmjs.org/@types%2fasync 306ms (cache updated)
42 http fetch GET 200 https://registry.npmjs.org/@types%2funderscore 307ms (cache updated)
43 http fetch GET 200 https://registry.npmjs.org/@types%2fnedb 789ms (cache updated)
44 timing idealTree:userRequests Completed in 812ms
45 silly idealTree buildDeps
46 silly fetch manifest @types/merge-descriptors@1.0.3
47 silly fetch manifest @types/body-parser@1.19.5
48 silly fetch manifest @types/serve-static@1.15.7
49 silly fetch manifest @types/express@5.0.0
50 silly fetch manifest @types/async@3.2.24
51 silly fetch manifest @types/underscore@1.13.0
52 silly fetch manifest @types/nedb@1.8.16
53 silly placeDep ROOT @types/async@3.2.24 OK for:  want: 3.2.24
54 silly placeDep ROOT @types/body-parser@1.19.5 OK for:  want: 1.19.5
55 silly placeDep ROOT @types/express@5.0.0 OK for:  want: 5.0.0
56 silly placeDep ROOT @types/merge-descriptors@1.0.3 OK for:  want: 1.0.3
57 silly placeDep ROOT @types/nedb@1.8.16 OK for:  want: 1.8.16
58 silly placeDep ROOT @types/serve-static@1.15.7 OK for:  want: 1.15.7
59 silly placeDep ROOT @types/underscore@1.13.0 OK for:  want: 1.13.0
60 silly fetch manifest @types/node@*
61 silly fetch manifest @types/connect@*
62 silly fetch manifest @types/qs@*
63 silly fetch manifest @types/express-serve-static-core@^5.0.0
64 silly fetch manifest @types/send@*
65 silly fetch manifest @types/http-errors@*
66 http fetch GET 200 https://registry.npmjs.org/@types%2fconnect 150ms (cache updated)
67 http fetch GET 200 https://registry.npmjs.org/@types%2fsend 151ms (cache updated)
68 http fetch GET 200 https://registry.npmjs.org/@types%2fhttp-errors 160ms (cache updated)
69 http fetch GET 200 https://registry.npmjs.org/@types%2fqs 165ms (cache updated)
70 http fetch GET 200 https://registry.npmjs.org/@types%2fexpress-serve-static-core 176ms (cache updated)
71 http fetch GET 200 https://registry.npmjs.org/@types%2fnode 227ms (cache updated)
72 timing idealTree:#root Completed in 277ms
73 timing idealTree:node_modules/@types/async Completed in 0ms
74 silly placeDep ROOT @types/connect@3.4.38 OK for: @types/body-parser@1.19.5 want: *
75 silly placeDep ROOT @types/node@22.13.10 OK for: @types/body-parser@1.19.5 want: *
76 silly fetch manifest undici-types@~6.20.0
77 http fetch GET 200 https://registry.npmjs.org/undici-types 49ms (cache updated)
78 timing idealTree:node_modules/@types/body-parser Completed in 71ms
79 timing idealTree:node_modules/@types/connect Completed in 0ms
80 silly placeDep ROOT @types/express-serve-static-core@5.0.6 OK for: @types/express@5.0.0 want: ^5.0.0
81 silly placeDep ROOT @types/qs@6.9.18 OK for: @types/express@5.0.0 want: *
82 silly fetch manifest @types/range-parser@*
83 http fetch GET 200 https://registry.npmjs.org/@types%2frange-parser 127ms (cache updated)
84 timing idealTree:node_modules/@types/express Completed in 147ms
85 silly placeDep ROOT @types/range-parser@1.2.7 OK for: @types/express-serve-static-core@5.0.6 want: *
86 silly placeDep ROOT @types/send@0.17.4 OK for: @types/express-serve-static-core@5.0.6 want: *
87 silly fetch manifest @types/mime@^1
88 http fetch GET 200 https://registry.npmjs.org/@types%2fmime 58ms (cache updated)
89 timing idealTree:node_modules/@types/express-serve-static-core Completed in 71ms
90 timing idealTree:node_modules/@types/merge-descriptors Completed in 0ms
91 timing idealTree:node_modules/@types/nedb Completed in 0ms
92 silly placeDep ROOT undici-types@6.20.0 OK for: @types/node@22.13.10 want: ~6.20.0
93 timing idealTree:node_modules/@types/node Completed in 4ms
94 timing idealTree:node_modules/@types/qs Completed in 0ms
95 timing idealTree:node_modules/@types/range-parser Completed in 0ms
96 silly placeDep ROOT @types/mime@1.3.5 OK for: @types/send@0.17.4 want: ^1
97 timing idealTree:node_modules/@types/send Completed in 3ms
98 timing idealTree:node_modules/@types/mime Completed in 0ms
99 silly placeDep ROOT @types/http-errors@2.0.4 OK for: @types/serve-static@1.15.7 want: *
100 timing idealTree:node_modules/@types/serve-static Completed in 8ms
101 timing idealTree:node_modules/@types/http-errors Completed in 0ms
102 timing idealTree:node_modules/@types/underscore Completed in 0ms
103 timing idealTree:node_modules/undici-types Completed in 0ms
104 timing idealTree:buildDeps Completed in 585ms
105 timing idealTree:fixDepFlags Completed in 1ms
106 timing idealTree Completed in 1445ms
107 timing reify:loadTrees Completed in 1448ms
108 timing reify:diffTrees Completed in 5ms
109 silly reify moves {}
110 timing reify:retireShallow Completed in 7ms
111 timing reify:createSparse Completed in 12ms
112 timing reify:loadBundles Completed in 0ms
113 silly audit bulk request {
113 silly audit   'types-registry': [ '0.1.711' ],
113 silly audit   '@types/async': [ '3.2.24' ],
113 silly audit   '@types/body-parser': [ '1.19.5' ],
113 silly audit   '@types/express': [ '5.0.0' ],
113 silly audit   '@types/merge-descriptors': [ '1.0.3' ],
113 silly audit   '@types/nedb': [ '1.8.16' ],
113 silly audit   '@types/serve-static': [ '1.15.7' ],
113 silly audit   '@types/underscore': [ '1.13.0' ],
113 silly audit   '@types/connect': [ '3.4.38' ],
113 silly audit   '@types/node': [ '22.13.10' ],
113 silly audit   '@types/express-serve-static-core': [ '5.0.6' ],
113 silly audit   '@types/qs': [ '6.9.18' ],
113 silly audit   '@types/range-parser': [ '1.2.7' ],
113 silly audit   '@types/send': [ '0.17.4' ],
113 silly audit   'undici-types': [ '6.20.0' ],
113 silly audit   '@types/mime': [ '1.3.5' ],
113 silly audit   '@types/http-errors': [ '2.0.4' ]
113 silly audit }
114 silly tarball no local data for @types/node@https://registry.npmjs.org/@types/node/-/node-22.13.10.tgz. Extracting by manifest.
115 timing reifyNode:node_modules/@types/http-errors Completed in 126ms
116 timing reifyNode:node_modules/@types/send Completed in 125ms
117 timing reifyNode:node_modules/@types/qs Completed in 125ms
118 timing reifyNode:node_modules/@types/range-parser Completed in 126ms
119 http fetch POST 200 https://registry.npmjs.org/-/npm/v1/security/advisories/bulk 130ms
120 timing auditReport:getReport Completed in 142ms
121 silly audit report {}
122 timing auditReport:init Completed in 0ms
123 timing reify:audit Completed in 143ms
124 timing reifyNode:node_modules/@types/connect Completed in 126ms
125 timing reifyNode:node_modules/@types/serve-static Completed in 127ms
126 timing reifyNode:node_modules/@types/nedb Completed in 127ms
127 timing reifyNode:node_modules/@types/merge-descriptors Completed in 127ms
128 timing reifyNode:node_modules/@types/express Completed in 127ms
129 timing reifyNode:node_modules/@types/body-parser Completed in 127ms
130 timing reifyNode:node_modules/@types/mime Completed in 129ms
131 timing reifyNode:node_modules/@types/express-serve-static-core Completed in 130ms
132 timing reifyNode:node_modules/@types/async Completed in 130ms
133 timing reifyNode:node_modules/@types/underscore Completed in 136ms
134 timing reifyNode:node_modules/undici-types Completed in 154ms
135 http fetch GET 200 https://registry.npmjs.org/@types/node/-/node-22.13.10.tgz 201ms (cache miss)
136 timing reifyNode:node_modules/@types/node Completed in 223ms
137 timing reify:unpack Completed in 226ms
138 timing reify:unretire Completed in 0ms
139 timing build:queue Completed in 1ms
140 timing build:deps Completed in 2ms
141 timing build Completed in 2ms
142 timing reify:build Completed in 3ms
143 timing reify:trash Completed in 0ms
144 timing reify:save Completed in 14ms
145 timing reify Completed in 1763ms
146 silly ADD node_modules/@types/http-errors
147 silly ADD node_modules/@types/mime
148 silly ADD node_modules/undici-types
149 silly ADD node_modules/@types/send
150 silly ADD node_modules/@types/range-parser
151 silly ADD node_modules/@types/qs
152 silly ADD node_modules/@types/express-serve-static-core
153 silly ADD node_modules/@types/node
154 silly ADD node_modules/@types/connect
155 silly ADD node_modules/@types/underscore
156 silly ADD node_modules/@types/serve-static
157 silly ADD node_modules/@types/nedb
158 silly ADD node_modules/@types/merge-descriptors
159 silly ADD node_modules/@types/express
160 silly ADD node_modules/@types/body-parser
161 silly ADD node_modules/@types/async
162 timing command:install Completed in 1783ms
163 verbose exit 0
164 timing npm Completed in 1857ms
165 info ok
