0 verbose cli /usr/bin/node /usr/bin/npm
1 info using npm@9.2.0
2 info using node@v18.13.0
3 timing npm:load:whichnode Completed in 81ms
4 timing config:load:defaults Completed in 2600ms
5 timing config:load:file:/usr/share/nodejs/npm/npmrc Completed in 4669ms
6 timing config:load:builtin Completed in 5085ms
7 timing config:load:cli Completed in 1189ms
8 timing config:load:env Completed in 418ms
9 timing config:load:file:/root/.cache/typescript/5.8/.npmrc Completed in 8ms
10 timing config:load:project Completed in 2047ms
11 timing config:load:file:/root/.npmrc Completed in 24ms
12 timing config:load:user Completed in 41ms
13 timing config:load:file:/etc/npmrc Completed in 41ms
14 timing config:load:global Completed in 41ms
15 timing config:load:setEnvs Completed in 226ms
16 timing config:load Completed in 12462ms
17 timing npm:load:configload Completed in 12506ms
18 timing npm:load:mkdirpcache Completed in 112ms
19 timing npm:load:mkdirplogs Completed in 47ms
20 verbose title npm install @types/express@ts5.8 @types/nedb@ts5.8
21 verbose argv "install" "--ignore-scripts" "@types/express@ts5.8" "@types/nedb@ts5.8" "--save-dev" "--user-agent" "typesInstaller/5.8.2"
22 timing npm:load:setTitle Completed in 895ms
23 timing config:load:flatten Completed in 240ms
24 timing npm:load:display Completed in 402ms
25 verbose logfile logs-max:10 dir:/root/.npm/_logs/2025-03-15T01_18_22_953Z-
26 verbose logfile /root/.npm/_logs/2025-03-15T01_18_22_953Z-debug-0.log
27 timing npm:load:logFile Completed in 906ms
28 timing npm:load:timers Completed in 8ms
29 timing npm:load:configScope Completed in 0ms
30 timing npm:load Completed in 15177ms
31 silly logfile start cleaning logs, removing 1 files
32 timing config:load:flatten Completed in 5ms
33 timing arborist:ctor Completed in 2ms
34 silly logfile done cleaning log files
35 timing idealTree:init Completed in 3051ms
36 timing arborist:ctor Completed in 0ms
37 http fetch GET 200 https://registry.npmjs.org/@types%2fexpress 805ms (cache updated)
38 http fetch GET 200 https://registry.npmjs.org/@types%2fnedb 1089ms (cache updated)
39 timing idealTree:userRequests Completed in 1259ms
40 silly idealTree buildDeps
41 silly fetch manifest @types/express@5.0.0
42 silly fetch manifest @types/nedb@1.8.16
43 silly placeDep ROOT @types/express@5.0.0 REPLACE for:  want: 5.0.0
44 silly placeDep ROOT @types/nedb@1.8.16 REPLACE for:  want: 1.8.16
45 timing idealTree:#root Completed in 29ms
46 timing idealTree:node_modules/@types/express Completed in 0ms
47 timing idealTree:node_modules/@types/nedb Completed in 0ms
48 timing idealTree:buildDeps Completed in 33ms
49 timing idealTree:fixDepFlags Completed in 2ms
50 timing idealTree Completed in 4367ms
51 timing reify:loadTrees Completed in 4369ms
52 timing reify:diffTrees Completed in 4ms
53 silly reify moves {}
54 timing reify:retireShallow Completed in 2ms
55 timing reify:createSparse Completed in 0ms
56 timing reify:loadBundles Completed in 0ms
57 silly audit bulk request {
57 silly audit   '@types/accepts': [ '1.3.7' ],
57 silly audit   '@types/async': [ '3.2.24' ],
57 silly audit   '@types/base64id': [ '2.0.2' ],
57 silly audit   '@types/body-parser': [ '1.19.5' ],
57 silly audit   '@types/bytes': [ '3.1.5' ],
57 silly audit   '@types/call-bind': [ '1.0.5' ],
57 silly audit   '@types/connect': [ '3.4.38' ],
57 silly audit   '@types/content-disposition': [ '0.5.8' ],
57 silly audit   '@types/content-type': [ '1.1.8' ],
57 silly audit   '@types/cookie-signature': [ '1.1.2' ],
57 silly audit   '@types/cors': [ '2.8.17' ],
57 silly audit   '@types/debug': [ '4.1.12' ],
57 silly audit   '@types/depd': [ '1.1.37' ],
57 silly audit   '@types/destroy': [ '1.0.3' ],
57 silly audit   '@types/ee-first': [ '1.1.3' ],
57 silly audit   '@types/encodeurl': [ '1.0.2' ],
57 silly audit   '@types/escape-html': [ '1.0.4' ],
57 silly audit   '@types/etag': [ '1.8.3' ],
57 silly audit   '@types/express-serve-static-core': [ '5.0.6' ],
57 silly audit   '@types/finalhandler': [ '1.2.3' ],
57 silly audit   '@types/forwarded': [ '0.1.3' ],
57 silly audit   '@types/fresh': [ '0.5.2' ],
57 silly audit   '@types/function-bind': [ '1.1.10' ],
57 silly audit   '@types/get-intrinsic': [ '1.2.3' ],
57 silly audit   '@types/gopd': [ '1.0.3' ],
57 silly audit   '@types/has-property-descriptors': [ '1.0.3' ],
57 silly audit   '@types/http-errors': [ '2.0.4' ],
57 silly audit   '@types/inherits': [ '2.0.0' ],
57 silly audit   '@types/media-typer': [ '1.1.3' ],
57 silly audit   '@types/merge-descriptors': [ '1.0.3' ],
57 silly audit   '@types/methods': [ '1.1.4' ],
57 silly audit   '@types/mime': [ '1.3.5' ],
57 silly audit   '@types/mime-db': [ '1.43.5' ],
57 silly audit   '@types/mime-types': [ '2.1.4' ],
57 silly audit   '@types/ms': [ '2.1.0' ],
57 silly audit   '@types/negotiator': [ '0.6.3' ],
57 silly audit   '@types/node': [ '22.13.10' ],
57 silly audit   '@types/object-assign': [ '4.0.33' ],
57 silly audit   '@types/object-inspect': [ '1.13.0' ],
57 silly audit   '@types/on-finished': [ '2.3.4' ],
57 silly audit   '@types/parseurl': [ '1.3.3' ],
57 silly audit   '@types/proxy-addr': [ '2.0.3' ],
57 silly audit   '@types/qs': [ '6.9.18' ],
57 silly audit   '@types/range-parser': [ '1.2.7' ],
57 silly audit   '@types/safer-buffer': [ '2.1.3' ],
57 silly audit   '@types/send': [ '0.17.4' ],
57 silly audit   '@types/serve-static': [ '1.15.7' ],
57 silly audit   '@types/statuses': [ '2.0.5' ],
57 silly audit   '@types/toidentifier': [ '1.0.2' ],
57 silly audit   '@types/type-is': [ '1.6.7' ],
57 silly audit   '@types/underscore': [ '1.13.0' ],
57 silly audit   '@types/utils-merge': [ '1.0.0' ],
57 silly audit   '@types/vary': [ '1.1.3' ],
57 silly audit   '@types/winjs': [ '4.4.7' ],
57 silly audit   '@types/ws': [ '8.18.0' ],
57 silly audit   'types-registry': [ '0.1.711' ],
57 silly audit   'undici-types': [ '6.20.0' ],
57 silly audit   '@types/express': [ '5.0.0' ],
57 silly audit   '@types/nedb': [ '1.8.16' ]
57 silly audit }
58 timing reify:unpack Completed in 0ms
59 timing reify:unretire Completed in 0ms
60 timing build:queue Completed in 0ms
61 timing build:deps Completed in 1ms
62 timing build Completed in 1ms
63 timing reify:build Completed in 2ms
64 timing reify:trash Completed in 1ms
65 timing reify:save Completed in 65ms
66 http fetch POST 200 https://registry.npmjs.org/-/npm/v1/security/advisories/bulk 190ms
67 timing auditReport:getReport Completed in 197ms
68 silly audit report {}
69 timing auditReport:init Completed in 0ms
70 timing reify:audit Completed in 200ms
71 timing reify Completed in 4588ms
72 timing command:install Completed in 4633ms
73 verbose exit 0
74 timing npm Completed in 24224ms
75 info ok
