2025-03-04 03:59:59.349 [info] [main] Log level: Info
2025-03-04 03:59:59.350 [info] [main] Validating found git in: "git"
2025-03-04 03:59:59.350 [info] [main] Using git "2.40.1" from "git"
2025-03-04 03:59:59.350 [info] [Model][doInitialScan] Initial repository scan started
2025-03-04 03:59:59.350 [info] > git rev-parse --show-toplevel [648ms]
2025-03-04 03:59:59.350 [info] fatal: not a git repository (or any of the parent directories): .git
2025-03-04 03:59:59.350 [info] > git rev-parse --show-toplevel [71ms]
2025-03-04 03:59:59.350 [info] fatal: not a git repository (or any of the parent directories): .git
2025-03-04 03:59:59.945 [info] > git rev-parse --show-toplevel [56ms]
2025-03-04 03:59:59.945 [info] fatal: not a git repository (or any of the parent directories): .git
2025-03-04 04:00:00.010 [info] > git rev-parse --show-toplevel [35ms]
2025-03-04 04:00:00.010 [info] fatal: not a git repository (or any of the parent directories): .git
2025-03-04 04:00:00.113 [info] > git rev-parse --show-toplevel [28ms]
2025-03-04 04:00:00.114 [info] fatal: not a git repository (or any of the parent directories): .git
2025-03-04 04:00:00.192 [info] > git rev-parse --show-toplevel [23ms]
2025-03-04 04:00:00.192 [info] fatal: not a git repository (or any of the parent directories): .git
2025-03-04 04:00:00.285 [info] > git rev-parse --show-toplevel [24ms]
2025-03-04 04:00:00.285 [info] fatal: not a git repository (or any of the parent directories): .git
2025-03-04 04:00:00.412 [info] > git rev-parse --show-toplevel [62ms]
2025-03-04 04:00:00.412 [info] fatal: not a git repository (or any of the parent directories): .git
2025-03-04 04:00:00.504 [info] > git rev-parse --show-toplevel [12ms]
2025-03-04 04:00:00.504 [info] fatal: not a git repository (or any of the parent directories): .git
2025-03-04 04:00:00.606 [info] > git rev-parse --show-toplevel [36ms]
2025-03-04 04:00:00.606 [info] fatal: not a git repository (or any of the parent directories): .git
2025-03-04 04:00:00.684 [info] > git rev-parse --show-toplevel [43ms]
2025-03-04 04:00:00.684 [info] fatal: not a git repository (or any of the parent directories): .git
2025-03-04 04:00:00.760 [info] > git rev-parse --show-toplevel [30ms]
2025-03-04 04:00:00.760 [info] fatal: not a git repository (or any of the parent directories): .git
2025-03-04 04:00:00.832 [info] > git rev-parse --show-toplevel [19ms]
2025-03-04 04:00:00.832 [info] fatal: not a git repository (or any of the parent directories): .git
2025-03-04 04:00:00.898 [info] > git rev-parse --show-toplevel [32ms]
2025-03-04 04:00:00.898 [info] fatal: not a git repository (or any of the parent directories): .git
2025-03-04 04:00:00.944 [info] [Model][doInitialScan] Initial repository scan completed - repositories (0), closed repositories (0), parent repositories (0), unsafe repositories (0)
2025-03-04 04:01:18.492 [info] > git rev-parse --show-toplevel [21ms]
2025-03-04 04:01:18.492 [info] fatal: not a git repository (or any of the parent directories): .git
2025-03-04 04:01:31.999 [info] > git rev-parse --show-toplevel [8ms]
2025-03-04 04:01:31.999 [info] fatal: not a git repository (or any of the parent directories): .git
2025-03-04 04:01:38.403 [info] > git rev-parse --show-toplevel [5ms]
2025-03-04 04:01:38.403 [info] fatal: not a git repository (or any of the parent directories): .git
2025-03-04 04:03:11.454 [info] > git rev-parse --show-toplevel [5ms]
2025-03-04 04:03:11.454 [info] fatal: not a git repository (or any of the parent directories): .git
2025-03-04 04:07:03.531 [info] > git rev-parse --show-toplevel [5ms]
2025-03-04 04:07:03.531 [info] fatal: not a git repository (or any of the parent directories): .git
2025-03-04 04:07:38.380 [info] > git rev-parse --show-toplevel [5ms]
2025-03-04 04:07:38.380 [info] fatal: not a git repository (or any of the parent directories): .git
2025-03-04 04:07:45.102 [info] > git rev-parse --show-toplevel [11ms]
2025-03-04 04:07:45.102 [info] fatal: not a git repository (or any of the parent directories): .git
2025-03-04 04:08:46.680 [info] > git rev-parse --show-toplevel [5ms]
2025-03-04 04:08:46.680 [info] fatal: not a git repository (or any of the parent directories): .git
2025-03-04 04:08:49.415 [info] > git rev-parse --show-toplevel [4ms]
2025-03-04 04:08:49.415 [info] fatal: not a git repository (or any of the parent directories): .git
2025-03-04 04:08:50.776 [info] > git rev-parse --show-toplevel [3ms]
2025-03-04 04:08:50.776 [info] fatal: not a git repository (or any of the parent directories): .git
2025-03-04 04:10:08.258 [info] > git rev-parse --show-toplevel [21ms]
2025-03-04 04:10:08.258 [info] fatal: not a git repository (or any of the parent directories): .git
2025-03-04 04:10:26.022 [info] > git rev-parse --show-toplevel [8ms]
2025-03-04 04:10:26.022 [info] fatal: not a git repository (or any of the parent directories): .git
2025-03-04 04:10:29.146 [info] > git rev-parse --show-toplevel [5ms]
2025-03-04 04:10:29.146 [info] fatal: not a git repository (or any of the parent directories): .git
2025-03-04 04:16:47.625 [info] > git rev-parse --show-toplevel [9ms]
2025-03-04 04:16:47.625 [info] fatal: not a git repository (or any of the parent directories): .git
2025-03-04 04:17:49.270 [info] > git rev-parse --show-toplevel [3ms]
2025-03-04 04:17:49.270 [info] fatal: not a git repository (or any of the parent directories): .git
2025-03-04 04:28:18.861 [info] > git rev-parse --show-toplevel [10ms]
2025-03-04 04:28:18.861 [info] fatal: not a git repository (or any of the parent directories): .git
2025-03-04 04:28:29.676 [info] > git rev-parse --show-toplevel [16ms]
2025-03-04 04:28:29.676 [info] fatal: not a git repository (or any of the parent directories): .git
2025-03-04 04:28:30.643 [info] > git rev-parse --show-toplevel [6ms]
2025-03-04 04:28:30.643 [info] fatal: not a git repository (or any of the parent directories): .git
2025-03-04 04:35:01.598 [info] > git rev-parse --show-toplevel [6ms]
2025-03-04 04:35:01.598 [info] fatal: not a git repository (or any of the parent directories): .git
2025-03-04 04:35:02.376 [info] > git rev-parse --show-toplevel [14ms]
2025-03-04 04:35:02.376 [info] fatal: not a git repository (or any of the parent directories): .git
2025-03-04 04:35:09.560 [info] > git rev-parse --show-toplevel [6ms]
2025-03-04 04:35:09.560 [info] fatal: not a git repository (or any of the parent directories): .git
2025-03-04 04:35:10.499 [info] > git rev-parse --show-toplevel [10ms]
2025-03-04 04:35:10.499 [info] fatal: not a git repository (or any of the parent directories): .git
2025-03-04 04:35:30.004 [info] > git rev-parse --show-toplevel [5ms]
2025-03-04 04:35:30.004 [info] fatal: not a git repository (or any of the parent directories): .git
2025-03-04 04:35:31.050 [info] > git rev-parse --show-toplevel [6ms]
2025-03-04 04:35:31.050 [info] fatal: not a git repository (or any of the parent directories): .git
2025-03-04 04:35:40.028 [info] > git rev-parse --show-toplevel [6ms]
2025-03-04 04:35:40.028 [info] fatal: not a git repository (or any of the parent directories): .git
