2025-03-04 03:55:50.587 [info] [main] Log level: Info
2025-03-04 03:55:50.588 [info] [main] Validating found git in: "git"
2025-03-04 03:55:50.588 [info] [main] Using git "2.40.1" from "git"
2025-03-04 03:55:50.588 [info] [Model][doInitialScan] Initial repository scan started
2025-03-04 03:55:50.588 [info] > git rev-parse --show-toplevel [1092ms]
2025-03-04 03:55:50.588 [info] fatal: not a git repository (or any of the parent directories): .git
2025-03-04 03:55:50.588 [info] > git rev-parse --show-toplevel [104ms]
2025-03-04 03:55:50.588 [info] fatal: not a git repository (or any of the parent directories): .git
2025-03-04 03:55:50.716 [info] > git rev-parse --show-toplevel [49ms]
2025-03-04 03:55:50.716 [info] fatal: not a git repository (or any of the parent directories): .git
2025-03-04 03:55:50.784 [info] > git rev-parse --show-toplevel [24ms]
2025-03-04 03:55:50.784 [info] fatal: not a git repository (or any of the parent directories): .git
2025-03-04 03:55:50.913 [info] > git rev-parse --show-toplevel [99ms]
2025-03-04 03:55:50.913 [info] fatal: not a git repository (or any of the parent directories): .git
2025-03-04 03:55:50.988 [info] > git rev-parse --show-toplevel [15ms]
2025-03-04 03:55:50.988 [info] fatal: not a git repository (or any of the parent directories): .git
2025-03-04 03:55:51.117 [info] > git rev-parse --show-toplevel [20ms]
2025-03-04 03:55:51.117 [info] fatal: not a git repository (or any of the parent directories): .git
2025-03-04 03:55:51.252 [info] > git rev-parse --show-toplevel [25ms]
2025-03-04 03:55:51.252 [info] fatal: not a git repository (or any of the parent directories): .git
2025-03-04 03:55:51.348 [info] > git rev-parse --show-toplevel [53ms]
2025-03-04 03:55:51.348 [info] fatal: not a git repository (or any of the parent directories): .git
2025-03-04 03:55:51.449 [info] > git rev-parse --show-toplevel [44ms]
2025-03-04 03:55:51.449 [info] fatal: not a git repository (or any of the parent directories): .git
2025-03-04 03:55:51.536 [info] > git rev-parse --show-toplevel [38ms]
2025-03-04 03:55:51.536 [info] fatal: not a git repository (or any of the parent directories): .git
2025-03-04 03:55:51.608 [info] > git rev-parse --show-toplevel [30ms]
2025-03-04 03:55:51.608 [info] fatal: not a git repository (or any of the parent directories): .git
2025-03-04 03:55:51.696 [info] > git rev-parse --show-toplevel [16ms]
2025-03-04 03:55:51.696 [info] fatal: not a git repository (or any of the parent directories): .git
2025-03-04 03:55:51.756 [info] > git rev-parse --show-toplevel [34ms]
2025-03-04 03:55:51.756 [info] fatal: not a git repository (or any of the parent directories): .git
2025-03-04 03:55:51.800 [info] [Model][doInitialScan] Initial repository scan completed - repositories (0), closed repositories (0), parent repositories (0), unsafe repositories (0)
2025-03-04 03:57:26.211 [info] > git rev-parse --show-toplevel [6ms]
2025-03-04 03:57:26.211 [info] fatal: not a git repository (or any of the parent directories): .git
