2025-02-25 20:30:32.391 [info] [main] Log level: Info
2025-02-25 20:30:32.391 [info] [main] Validating found git in: "git"
2025-02-25 20:30:32.391 [info] [main] Using git "2.40.1" from "git"
2025-02-25 20:30:32.391 [info] [Model][doInitialScan] Initial repository scan started
2025-02-25 20:30:32.391 [info] > git rev-parse --show-toplevel [318ms]
2025-02-25 20:30:32.391 [info] fatal: not a git repository (or any of the parent directories): .git
2025-02-25 20:30:32.391 [info] > git rev-parse --show-toplevel [161ms]
2025-02-25 20:30:32.391 [info] fatal: not a git repository (or any of the parent directories): .git
2025-02-25 20:30:32.412 [info] > git rev-parse --show-toplevel [6ms]
2025-02-25 20:30:32.412 [info] fatal: not a git repository (or any of the parent directories): .git
2025-02-25 20:30:32.473 [info] > git rev-parse --show-toplevel [22ms]
2025-02-25 20:30:32.477 [info] fatal: not a git repository (or any of the parent directories): .git
2025-02-25 20:30:32.521 [info] > git rev-parse --show-toplevel [32ms]
2025-02-25 20:30:32.521 [info] fatal: not a git repository (or any of the parent directories): .git
2025-02-25 20:30:32.591 [info] > git rev-parse --show-toplevel [29ms]
2025-02-25 20:30:32.591 [info] fatal: not a git repository (or any of the parent directories): .git
2025-02-25 20:30:32.692 [info] > git rev-parse --show-toplevel [79ms]
2025-02-25 20:30:32.692 [info] fatal: not a git repository (or any of the parent directories): .git
2025-02-25 20:30:32.724 [info] > git rev-parse --show-toplevel [13ms]
2025-02-25 20:30:32.724 [info] fatal: not a git repository (or any of the parent directories): .git
2025-02-25 20:30:32.746 [info] > git rev-parse --show-toplevel [8ms]
2025-02-25 20:30:32.746 [info] fatal: not a git repository (or any of the parent directories): .git
2025-02-25 20:30:32.775 [info] > git rev-parse --show-toplevel [13ms]
2025-02-25 20:30:32.775 [info] fatal: not a git repository (or any of the parent directories): .git
2025-02-25 20:30:32.798 [info] > git rev-parse --show-toplevel [9ms]
2025-02-25 20:30:32.799 [info] fatal: not a git repository (or any of the parent directories): .git
2025-02-25 20:30:32.828 [info] > git rev-parse --show-toplevel [12ms]
2025-02-25 20:30:32.828 [info] fatal: not a git repository (or any of the parent directories): .git
2025-02-25 20:30:32.850 [info] > git rev-parse --show-toplevel [11ms]
2025-02-25 20:30:32.850 [info] fatal: not a git repository (or any of the parent directories): .git
2025-02-25 20:30:32.876 [info] > git rev-parse --show-toplevel [12ms]
2025-02-25 20:30:32.876 [info] fatal: not a git repository (or any of the parent directories): .git
2025-02-25 20:30:32.893 [info] [Model][doInitialScan] Initial repository scan completed - repositories (0), closed repositories (0), parent repositories (0), unsafe repositories (0)
2025-02-25 20:31:08.089 [info] > git rev-parse --show-toplevel [86ms]
2025-02-25 20:31:08.089 [info] fatal: not a git repository (or any of the parent directories): .git
2025-02-25 20:35:33.795 [info] > git rev-parse --show-toplevel [41ms]
2025-02-25 20:35:33.795 [info] fatal: not a git repository (or any of the parent directories): .git
2025-02-25 22:16:48.966 [info] > git rev-parse --show-toplevel [6ms]
2025-02-25 22:16:48.966 [info] fatal: not a git repository (or any of the parent directories): .git
2025-02-25 22:16:56.953 [info] > git rev-parse --show-toplevel [4ms]
2025-02-25 22:16:56.953 [info] fatal: not a git repository (or any of the parent directories): .git
2025-02-25 22:17:16.468 [info] > git rev-parse --show-toplevel [6ms]
2025-02-25 22:17:16.468 [info] fatal: not a git repository (or any of the parent directories): .git
2025-02-25 22:17:59.039 [info] > git rev-parse --show-toplevel [15ms]
2025-02-25 22:17:59.039 [info] fatal: not a git repository (or any of the parent directories): .git
2025-02-25 22:18:02.314 [info] > git rev-parse --show-toplevel [5ms]
2025-02-25 22:18:02.314 [info] fatal: not a git repository (or any of the parent directories): .git
2025-02-25 22:20:17.990 [info] > git rev-parse --show-toplevel [8ms]
2025-02-25 22:20:17.991 [info] fatal: not a git repository (or any of the parent directories): .git
2025-02-25 22:23:00.240 [info] > git rev-parse --show-toplevel [5ms]
2025-02-25 22:23:00.240 [info] fatal: not a git repository (or any of the parent directories): .git
2025-02-25 22:23:51.416 [info] > git rev-parse --show-toplevel [6ms]
2025-02-25 22:23:51.416 [info] fatal: not a git repository (or any of the parent directories): .git
2025-02-25 22:24:14.447 [info] > git rev-parse --show-toplevel [5ms]
2025-02-25 22:24:14.447 [info] fatal: not a git repository (or any of the parent directories): .git
2025-02-25 22:24:42.762 [info] > git rev-parse --show-toplevel [12ms]
2025-02-25 22:24:42.762 [info] fatal: not a git repository (or any of the parent directories): .git
2025-02-25 22:24:43.474 [info] > git rev-parse --show-toplevel [13ms]
2025-02-25 22:24:43.474 [info] fatal: not a git repository (or any of the parent directories): .git
2025-02-25 22:27:02.791 [info] > git rev-parse --show-toplevel [5ms]
2025-02-25 22:27:02.791 [info] fatal: not a git repository (or any of the parent directories): .git
2025-02-25 22:27:05.541 [info] > git rev-parse --show-toplevel [5ms]
2025-02-25 22:27:05.541 [info] fatal: not a git repository (or any of the parent directories): .git
2025-02-25 22:27:21.958 [info] > git rev-parse --show-toplevel [9ms]
2025-02-25 22:27:21.958 [info] fatal: not a git repository (or any of the parent directories): .git
2025-02-25 22:27:29.668 [info] > git rev-parse --show-toplevel [4ms]
2025-02-25 22:27:29.668 [info] fatal: not a git repository (or any of the parent directories): .git
2025-02-25 22:27:33.262 [info] > git rev-parse --show-toplevel [4ms]
2025-02-25 22:27:33.262 [info] fatal: not a git repository (or any of the parent directories): .git
2025-02-25 22:28:59.803 [info] > git rev-parse --show-toplevel [13ms]
2025-02-25 22:28:59.803 [info] fatal: not a git repository (or any of the parent directories): .git
2025-02-25 22:29:09.006 [info] > git rev-parse --show-toplevel [10ms]
2025-02-25 22:29:09.006 [info] fatal: not a git repository (or any of the parent directories): .git
