2025-03-12 19:35:40.247 [info] Extension host with pid 401772 started
2025-03-12 19:35:40.247 [error] Error: EEXIST: file already exists, open '/root/.vscode-server/data/User/workspaceStorage/234f782b3d05d84fc5ed43b28cb66454/vscode.lock'
2025-03-12 19:35:40.406 [info] Lock '/root/.vscode-server/data/User/workspaceStorage/234f782b3d05d84fc5ed43b28cb66454/vscode.lock': Could not acquire lock, checking if the file is stale.
2025-03-12 19:35:40.477 [info] ExtensionService#_doActivateExtension vscode.git-base, startup: false, activationEvent: '*', root cause: vscode.git
2025-03-12 19:35:40.512 [info] ExtensionService#_doActivateExtension vscode.emmet, startup: false, activationEvent: 'onLanguage'
2025-03-12 19:35:40.512 [info] ExtensionService#_doActivateExtension vscode.typescript-language-features, startup: false, activationEvent: 'onLanguage:javascript'
2025-03-12 19:35:41.236 [info] Lock '/root/.vscode-server/data/User/workspaceStorage/234f782b3d05d84fc5ed43b28cb66454/vscode.lock': The lock does not look stale, elapsed: 774 ms, giving up.
2025-03-12 19:35:41.316 [info] Lock '/root/.vscode-server/data/User/workspaceStorage/234f782b3d05d84fc5ed43b28cb66454-1/vscode.lock': Lock acquired.
2025-03-12 19:35:42.061 [info] ExtensionService#_doActivateExtension vscode.git, startup: false, activationEvent: '*'
2025-03-12 19:35:42.061 [info] ExtensionService#_doActivateExtension vscode.github, startup: false, activationEvent: '*'
2025-03-12 19:35:42.855 [info] ExtensionService#_doActivateExtension vscode.npm, startup: true, activationEvent: 'workspaceContains:package.json'
2025-03-12 19:35:47.045 [info] Eager extensions activated
2025-03-12 19:35:47.045 [info] ExtensionService#_doActivateExtension vscode.debug-auto-launch, startup: false, activationEvent: 'onStartupFinished'
2025-03-12 19:35:47.046 [info] ExtensionService#_doActivateExtension vscode.merge-conflict, startup: false, activationEvent: 'onStartupFinished'
2025-03-12 19:35:52.225 [warning] [Decorations] CAPPING events from decorations provider vscode.git 1786
2025-03-12 19:35:57.605 [info] ExtensionService#_doActivateExtension vscode.configuration-editing, startup: false, activationEvent: 'onLanguage:json'
2025-03-12 19:35:57.606 [info] ExtensionService#_doActivateExtension vscode.extension-editing, startup: false, activationEvent: 'onLanguage:json'
2025-03-12 19:35:57.606 [info] ExtensionService#_doActivateExtension vscode.json-language-features, startup: false, activationEvent: 'onLanguage:json'
2025-03-12 19:35:58.685 [warning] [Decorations] CAPPING events from decorations provider vscode.git 1786
2025-03-12 19:38:06.146 [info] Extension host terminating: received terminate message from renderer
2025-03-12 19:38:06.148 [info] Lock '/root/.vscode-server/data/User/workspaceStorage/234f782b3d05d84fc5ed43b28cb66454-1/vscode.lock': Marking the lockfile as scheduled to be released in 6000 ms.
2025-03-12 19:38:06.386 [error] Canceled: Canceled
	at new dR (file:///root/.vscode-server/cli/servers/Stable-2fc07b811f760549dab9be9d2bedd06c51dfcb9a/server/out/vs/workbench/api/node/extensionHostProcess.js:29:155028)
	at qy.U (file:///root/.vscode-server/cli/servers/Stable-2fc07b811f760549dab9be9d2bedd06c51dfcb9a/server/out/vs/workbench/api/node/extensionHostProcess.js:29:159639)
	at s.<computed>.n.charCodeAt.s.<computed> (file:///root/.vscode-server/cli/servers/Stable-2fc07b811f760549dab9be9d2bedd06c51dfcb9a/server/out/vs/workbench/api/node/extensionHostProcess.js:29:157133)
	at kw.g (file:///root/.vscode-server/cli/servers/Stable-2fc07b811f760549dab9be9d2bedd06c51dfcb9a/server/out/vs/workbench/api/node/extensionHostProcess.js:112:41039)
	at kw.executeCommand (file:///root/.vscode-server/cli/servers/Stable-2fc07b811f760549dab9be9d2bedd06c51dfcb9a/server/out/vs/workbench/api/node/extensionHostProcess.js:112:40543)
	at r.registerCommand.description (file:///root/.vscode-server/cli/servers/Stable-2fc07b811f760549dab9be9d2bedd06c51dfcb9a/server/out/vs/workbench/api/node/extensionHostProcess.js:112:39873)
	at kw.h (file:///root/.vscode-server/cli/servers/Stable-2fc07b811f760549dab9be9d2bedd06c51dfcb9a/server/out/vs/workbench/api/node/extensionHostProcess.js:112:41559)
	at kw.g (file:///root/.vscode-server/cli/servers/Stable-2fc07b811f760549dab9be9d2bedd06c51dfcb9a/server/out/vs/workbench/api/node/extensionHostProcess.js:112:40636)
	at kw.executeCommand (file:///root/.vscode-server/cli/servers/Stable-2fc07b811f760549dab9be9d2bedd06c51dfcb9a/server/out/vs/workbench/api/node/extensionHostProcess.js:112:40543)
	at Object.executeCommand (file:///root/.vscode-server/cli/servers/Stable-2fc07b811f760549dab9be9d2bedd06c51dfcb9a/server/out/vs/workbench/api/node/extensionHostProcess.js:172:37375)
	at Th.L [as value] (/root/.vscode-server/cli/servers/Stable-2fc07b811f760549dab9be9d2bedd06c51dfcb9a/server/extensions/git/dist/main.js:2:1000063)
	at D.B (file:///root/.vscode-server/cli/servers/Stable-2fc07b811f760549dab9be9d2bedd06c51dfcb9a/server/out/vs/workbench/api/node/extensionHostProcess.js:27:2375)
	at D.C (file:///root/.vscode-server/cli/servers/Stable-2fc07b811f760549dab9be9d2bedd06c51dfcb9a/server/out/vs/workbench/api/node/extensionHostProcess.js:27:2445)
	at D.fire (file:///root/.vscode-server/cli/servers/Stable-2fc07b811f760549dab9be9d2bedd06c51dfcb9a/server/out/vs/workbench/api/node/extensionHostProcess.js:27:2662)
	at Object.p [as dispose] (/root/.vscode-server/cli/servers/Stable-2fc07b811f760549dab9be9d2bedd06c51dfcb9a/server/extensions/git/dist/main.js:2:1022703)
	at /root/.vscode-server/cli/servers/Stable-2fc07b811f760549dab9be9d2bedd06c51dfcb9a/server/extensions/git/dist/main.js:2:1029021
	at Array.forEach (<anonymous>)
	at b.dispose (/root/.vscode-server/cli/servers/Stable-2fc07b811f760549dab9be9d2bedd06c51dfcb9a/server/extensions/git/dist/main.js:2:1029007)
	at fv.<anonymous> (file:///root/.vscode-server/cli/servers/Stable-2fc07b811f760549dab9be9d2bedd06c51dfcb9a/server/out/vs/workbench/api/node/extensionHostProcess.js:108:8922)
	at fv.dispose (file:///root/.vscode-server/cli/servers/Stable-2fc07b811f760549dab9be9d2bedd06c51dfcb9a/server/out/vs/workbench/api/node/extensionHostProcess.js:108:9018)
	at fv.<anonymous> (/root/.vscode-server/cli/servers/Stable-2fc07b811f760549dab9be9d2bedd06c51dfcb9a/server/extensions/git/dist/main.js:2:1002547)
	at fv.dispose (file:///root/.vscode-server/cli/servers/Stable-2fc07b811f760549dab9be9d2bedd06c51dfcb9a/server/out/vs/workbench/api/node/extensionHostProcess.js:108:9018)
	at hi (file:///root/.vscode-server/cli/servers/Stable-2fc07b811f760549dab9be9d2bedd06c51dfcb9a/server/out/vs/workbench/api/node/extensionHostProcess.js:25:701)
	at file:///root/.vscode-server/cli/servers/Stable-2fc07b811f760549dab9be9d2bedd06c51dfcb9a/server/out/vs/workbench/api/node/extensionHostProcess.js:116:14994
	at file:///root/.vscode-server/cli/servers/Stable-2fc07b811f760549dab9be9d2bedd06c51dfcb9a/server/out/vs/workbench/api/node/extensionHostProcess.js:25:1011
	at Object.dispose (file:///root/.vscode-server/cli/servers/Stable-2fc07b811f760549dab9be9d2bedd06c51dfcb9a/server/out/vs/workbench/api/node/extensionHostProcess.js:8:705)
	at zz.eb (file:///root/.vscode-server/cli/servers/Stable-2fc07b811f760549dab9be9d2bedd06c51dfcb9a/server/out/vs/workbench/api/node/extensionHostProcess.js:116:11921)
	at file:///root/.vscode-server/cli/servers/Stable-2fc07b811f760549dab9be9d2bedd06c51dfcb9a/server/out/vs/workbench/api/node/extensionHostProcess.js:116:9876
	at Array.map (<anonymous>)
	at zz.$ (file:///root/.vscode-server/cli/servers/Stable-2fc07b811f760549dab9be9d2bedd06c51dfcb9a/server/out/vs/workbench/api/node/extensionHostProcess.js:116:9864)
	at zz.terminate (file:///root/.vscode-server/cli/servers/Stable-2fc07b811f760549dab9be9d2bedd06c51dfcb9a/server/out/vs/workbench/api/node/extensionHostProcess.js:116:10107)
	at FI.terminate (file:///root/.vscode-server/cli/servers/Stable-2fc07b811f760549dab9be9d2bedd06c51dfcb9a/server/out/vs/workbench/api/node/extensionHostProcess.js:117:1434)
	at ts (file:///root/.vscode-server/cli/servers/Stable-2fc07b811f760549dab9be9d2bedd06c51dfcb9a/server/out/vs/workbench/api/node/extensionHostProcess.js:190:15108)
	at Th.value (file:///root/.vscode-server/cli/servers/Stable-2fc07b811f760549dab9be9d2bedd06c51dfcb9a/server/out/vs/workbench/api/node/extensionHostProcess.js:190:13269)
	at D.B (file:///root/.vscode-server/cli/servers/Stable-2fc07b811f760549dab9be9d2bedd06c51dfcb9a/server/out/vs/workbench/api/node/extensionHostProcess.js:27:2375)
	at D.fire (file:///root/.vscode-server/cli/servers/Stable-2fc07b811f760549dab9be9d2bedd06c51dfcb9a/server/out/vs/workbench/api/node/extensionHostProcess.js:27:2593)
	at Gn.fire (file:///root/.vscode-server/cli/servers/Stable-2fc07b811f760549dab9be9d2bedd06c51dfcb9a/server/out/vs/workbench/api/node/extensionHostProcess.js:29:9459)
	at Ym.A (file:///root/.vscode-server/cli/servers/Stable-2fc07b811f760549dab9be9d2bedd06c51dfcb9a/server/out/vs/workbench/api/node/extensionHostProcess.js:29:12575)
	at Th.value (file:///root/.vscode-server/cli/servers/Stable-2fc07b811f760549dab9be9d2bedd06c51dfcb9a/server/out/vs/workbench/api/node/extensionHostProcess.js:29:10995)
	at D.B (file:///root/.vscode-server/cli/servers/Stable-2fc07b811f760549dab9be9d2bedd06c51dfcb9a/server/out/vs/workbench/api/node/extensionHostProcess.js:27:2375)
	at D.fire (file:///root/.vscode-server/cli/servers/Stable-2fc07b811f760549dab9be9d2bedd06c51dfcb9a/server/out/vs/workbench/api/node/extensionHostProcess.js:27:2593)
	at C6.acceptChunk (file:///root/.vscode-server/cli/servers/Stable-2fc07b811f760549dab9be9d2bedd06c51dfcb9a/server/out/vs/workbench/api/node/extensionHostProcess.js:29:7942)
	at file:///root/.vscode-server/cli/servers/Stable-2fc07b811f760549dab9be9d2bedd06c51dfcb9a/server/out/vs/workbench/api/node/extensionHostProcess.js:29:7228
	at Socket.t (file:///root/.vscode-server/cli/servers/Stable-2fc07b811f760549dab9be9d2bedd06c51dfcb9a/server/out/vs/workbench/api/node/extensionHostProcess.js:29:15252)
	at Socket.emit (node:events:518:28)
	at addChunk (node:internal/streams/readable:561:12)
	at readableAddChunkPushByteMode (node:internal/streams/readable:512:3)
	at Readable.push (node:internal/streams/readable:392:5)
	at Pipe.onStreamRead (node:internal/stream_base_commons:191:23) setContext undefined
2025-03-12 19:38:06.406 [error] Canceled: Canceled
	at new dR (file:///root/.vscode-server/cli/servers/Stable-2fc07b811f760549dab9be9d2bedd06c51dfcb9a/server/out/vs/workbench/api/node/extensionHostProcess.js:29:155028)
	at qy.U (file:///root/.vscode-server/cli/servers/Stable-2fc07b811f760549dab9be9d2bedd06c51dfcb9a/server/out/vs/workbench/api/node/extensionHostProcess.js:29:159639)
	at s.<computed>.n.charCodeAt.s.<computed> (file:///root/.vscode-server/cli/servers/Stable-2fc07b811f760549dab9be9d2bedd06c51dfcb9a/server/out/vs/workbench/api/node/extensionHostProcess.js:29:157133)
	at kw.g (file:///root/.vscode-server/cli/servers/Stable-2fc07b811f760549dab9be9d2bedd06c51dfcb9a/server/out/vs/workbench/api/node/extensionHostProcess.js:112:41039)
	at kw.executeCommand (file:///root/.vscode-server/cli/servers/Stable-2fc07b811f760549dab9be9d2bedd06c51dfcb9a/server/out/vs/workbench/api/node/extensionHostProcess.js:112:40543)
	at r.registerCommand.description (file:///root/.vscode-server/cli/servers/Stable-2fc07b811f760549dab9be9d2bedd06c51dfcb9a/server/out/vs/workbench/api/node/extensionHostProcess.js:112:39873)
	at kw.h (file:///root/.vscode-server/cli/servers/Stable-2fc07b811f760549dab9be9d2bedd06c51dfcb9a/server/out/vs/workbench/api/node/extensionHostProcess.js:112:41559)
	at kw.g (file:///root/.vscode-server/cli/servers/Stable-2fc07b811f760549dab9be9d2bedd06c51dfcb9a/server/out/vs/workbench/api/node/extensionHostProcess.js:112:40636)
	at kw.executeCommand (file:///root/.vscode-server/cli/servers/Stable-2fc07b811f760549dab9be9d2bedd06c51dfcb9a/server/out/vs/workbench/api/node/extensionHostProcess.js:112:40543)
	at Object.executeCommand (file:///root/.vscode-server/cli/servers/Stable-2fc07b811f760549dab9be9d2bedd06c51dfcb9a/server/out/vs/workbench/api/node/extensionHostProcess.js:172:37375)
	at set hasGitHubRepositories [as hasGitHubRepositories] (/root/.vscode-server/cli/servers/Stable-2fc07b811f760549dab9be9d2bedd06c51dfcb9a/server/extensions/github/dist/extension.js:2:217805)
	at /root/.vscode-server/cli/servers/Stable-2fc07b811f760549dab9be9d2bedd06c51dfcb9a/server/extensions/github/dist/extension.js:2:218764
	at Th.value (/root/.vscode-server/cli/servers/Stable-2fc07b811f760549dab9be9d2bedd06c51dfcb9a/server/extensions/git/dist/main.js:2:1120702)
	at D.B (file:///root/.vscode-server/cli/servers/Stable-2fc07b811f760549dab9be9d2bedd06c51dfcb9a/server/out/vs/workbench/api/node/extensionHostProcess.js:27:2375)
	at D.C (file:///root/.vscode-server/cli/servers/Stable-2fc07b811f760549dab9be9d2bedd06c51dfcb9a/server/out/vs/workbench/api/node/extensionHostProcess.js:27:2445)
	at D.fire (file:///root/.vscode-server/cli/servers/Stable-2fc07b811f760549dab9be9d2bedd06c51dfcb9a/server/out/vs/workbench/api/node/extensionHostProcess.js:27:2662)
	at Object.p [as dispose] (/root/.vscode-server/cli/servers/Stable-2fc07b811f760549dab9be9d2bedd06c51dfcb9a/server/extensions/git/dist/main.js:2:1022703)
	at /root/.vscode-server/cli/servers/Stable-2fc07b811f760549dab9be9d2bedd06c51dfcb9a/server/extensions/git/dist/main.js:2:1029021
	at Array.forEach (<anonymous>)
	at b.dispose (/root/.vscode-server/cli/servers/Stable-2fc07b811f760549dab9be9d2bedd06c51dfcb9a/server/extensions/git/dist/main.js:2:1029007)
	at fv.<anonymous> (file:///root/.vscode-server/cli/servers/Stable-2fc07b811f760549dab9be9d2bedd06c51dfcb9a/server/out/vs/workbench/api/node/extensionHostProcess.js:108:8922)
	at fv.dispose (file:///root/.vscode-server/cli/servers/Stable-2fc07b811f760549dab9be9d2bedd06c51dfcb9a/server/out/vs/workbench/api/node/extensionHostProcess.js:108:9018)
	at fv.<anonymous> (/root/.vscode-server/cli/servers/Stable-2fc07b811f760549dab9be9d2bedd06c51dfcb9a/server/extensions/git/dist/main.js:2:1002547)
	at fv.dispose (file:///root/.vscode-server/cli/servers/Stable-2fc07b811f760549dab9be9d2bedd06c51dfcb9a/server/out/vs/workbench/api/node/extensionHostProcess.js:108:9018)
	at hi (file:///root/.vscode-server/cli/servers/Stable-2fc07b811f760549dab9be9d2bedd06c51dfcb9a/server/out/vs/workbench/api/node/extensionHostProcess.js:25:701)
	at file:///root/.vscode-server/cli/servers/Stable-2fc07b811f760549dab9be9d2bedd06c51dfcb9a/server/out/vs/workbench/api/node/extensionHostProcess.js:116:14994
	at file:///root/.vscode-server/cli/servers/Stable-2fc07b811f760549dab9be9d2bedd06c51dfcb9a/server/out/vs/workbench/api/node/extensionHostProcess.js:25:1011
	at Object.dispose (file:///root/.vscode-server/cli/servers/Stable-2fc07b811f760549dab9be9d2bedd06c51dfcb9a/server/out/vs/workbench/api/node/extensionHostProcess.js:8:705)
	at zz.eb (file:///root/.vscode-server/cli/servers/Stable-2fc07b811f760549dab9be9d2bedd06c51dfcb9a/server/out/vs/workbench/api/node/extensionHostProcess.js:116:11921)
	at file:///root/.vscode-server/cli/servers/Stable-2fc07b811f760549dab9be9d2bedd06c51dfcb9a/server/out/vs/workbench/api/node/extensionHostProcess.js:116:9876
	at Array.map (<anonymous>)
	at zz.$ (file:///root/.vscode-server/cli/servers/Stable-2fc07b811f760549dab9be9d2bedd06c51dfcb9a/server/out/vs/workbench/api/node/extensionHostProcess.js:116:9864)
	at zz.terminate (file:///root/.vscode-server/cli/servers/Stable-2fc07b811f760549dab9be9d2bedd06c51dfcb9a/server/out/vs/workbench/api/node/extensionHostProcess.js:116:10107)
	at FI.terminate (file:///root/.vscode-server/cli/servers/Stable-2fc07b811f760549dab9be9d2bedd06c51dfcb9a/server/out/vs/workbench/api/node/extensionHostProcess.js:117:1434)
	at ts (file:///root/.vscode-server/cli/servers/Stable-2fc07b811f760549dab9be9d2bedd06c51dfcb9a/server/out/vs/workbench/api/node/extensionHostProcess.js:190:15108)
	at Th.value (file:///root/.vscode-server/cli/servers/Stable-2fc07b811f760549dab9be9d2bedd06c51dfcb9a/server/out/vs/workbench/api/node/extensionHostProcess.js:190:13269)
	at D.B (file:///root/.vscode-server/cli/servers/Stable-2fc07b811f760549dab9be9d2bedd06c51dfcb9a/server/out/vs/workbench/api/node/extensionHostProcess.js:27:2375)
	at D.fire (file:///root/.vscode-server/cli/servers/Stable-2fc07b811f760549dab9be9d2bedd06c51dfcb9a/server/out/vs/workbench/api/node/extensionHostProcess.js:27:2593)
	at Gn.fire (file:///root/.vscode-server/cli/servers/Stable-2fc07b811f760549dab9be9d2bedd06c51dfcb9a/server/out/vs/workbench/api/node/extensionHostProcess.js:29:9459)
	at Ym.A (file:///root/.vscode-server/cli/servers/Stable-2fc07b811f760549dab9be9d2bedd06c51dfcb9a/server/out/vs/workbench/api/node/extensionHostProcess.js:29:12575)
	at Th.value (file:///root/.vscode-server/cli/servers/Stable-2fc07b811f760549dab9be9d2bedd06c51dfcb9a/server/out/vs/workbench/api/node/extensionHostProcess.js:29:10995)
	at D.B (file:///root/.vscode-server/cli/servers/Stable-2fc07b811f760549dab9be9d2bedd06c51dfcb9a/server/out/vs/workbench/api/node/extensionHostProcess.js:27:2375)
	at D.fire (file:///root/.vscode-server/cli/servers/Stable-2fc07b811f760549dab9be9d2bedd06c51dfcb9a/server/out/vs/workbench/api/node/extensionHostProcess.js:27:2593)
	at C6.acceptChunk (file:///root/.vscode-server/cli/servers/Stable-2fc07b811f760549dab9be9d2bedd06c51dfcb9a/server/out/vs/workbench/api/node/extensionHostProcess.js:29:7942)
	at file:///root/.vscode-server/cli/servers/Stable-2fc07b811f760549dab9be9d2bedd06c51dfcb9a/server/out/vs/workbench/api/node/extensionHostProcess.js:29:7228
	at Socket.t (file:///root/.vscode-server/cli/servers/Stable-2fc07b811f760549dab9be9d2bedd06c51dfcb9a/server/out/vs/workbench/api/node/extensionHostProcess.js:29:15252)
	at Socket.emit (node:events:518:28)
	at addChunk (node:internal/streams/readable:561:12)
	at readableAddChunkPushByteMode (node:internal/streams/readable:512:3)
	at Readable.push (node:internal/streams/readable:392:5)
	at Pipe.onStreamRead (node:internal/stream_base_commons:191:23) setContext undefined
2025-03-12 19:38:06.444 [info] Extension host with pid 401772 exiting with code 0
