2025-02-25 03:04:54.673 [info] [main] Log level: Info
2025-02-25 03:04:54.673 [info] [main] Validating found git in: "git"
2025-02-25 03:04:54.673 [info] [main] Using git "2.40.1" from "git"
2025-02-25 03:04:54.673 [info] [Model][doInitialScan] Initial repository scan started
2025-02-25 03:04:54.673 [info] > git rev-parse --show-toplevel [868ms]
2025-02-25 03:04:54.673 [info] fatal: not a git repository (or any of the parent directories): .git
2025-02-25 03:04:54.673 [info] > git rev-parse --show-toplevel [703ms]
2025-02-25 03:04:54.673 [info] fatal: not a git repository (or any of the parent directories): .git
2025-02-25 03:04:55.197 [info] > git rev-parse --show-toplevel [30ms]
2025-02-25 03:04:55.197 [info] fatal: not a git repository (or any of the parent directories): .git
2025-02-25 03:04:55.281 [info] > git rev-parse --show-toplevel [26ms]
2025-02-25 03:04:55.281 [info] fatal: not a git repository (or any of the parent directories): .git
2025-02-25 03:04:55.336 [info] > git rev-parse --show-toplevel [23ms]
2025-02-25 03:04:55.336 [info] fatal: not a git repository (or any of the parent directories): .git
2025-02-25 03:04:55.421 [info] > git rev-parse --show-toplevel [40ms]
2025-02-25 03:04:55.421 [info] fatal: not a git repository (or any of the parent directories): .git
2025-02-25 03:04:55.477 [info] > git rev-parse --show-toplevel [13ms]
2025-02-25 03:04:55.477 [info] fatal: not a git repository (or any of the parent directories): .git
2025-02-25 03:04:55.573 [info] > git rev-parse --show-toplevel [47ms]
2025-02-25 03:04:55.573 [info] fatal: not a git repository (or any of the parent directories): .git
2025-02-25 03:04:55.682 [info] > git rev-parse --show-toplevel [49ms]
2025-02-25 03:04:55.682 [info] fatal: not a git repository (or any of the parent directories): .git
2025-02-25 03:04:55.804 [info] > git rev-parse --show-toplevel [43ms]
2025-02-25 03:04:55.804 [info] fatal: not a git repository (or any of the parent directories): .git
2025-02-25 03:04:55.882 [info] > git rev-parse --show-toplevel [17ms]
2025-02-25 03:04:55.882 [info] fatal: not a git repository (or any of the parent directories): .git
2025-02-25 03:04:55.970 [info] > git rev-parse --show-toplevel [57ms]
2025-02-25 03:04:55.970 [info] fatal: not a git repository (or any of the parent directories): .git
2025-02-25 03:04:56.055 [info] > git rev-parse --show-toplevel [30ms]
2025-02-25 03:04:56.056 [info] fatal: not a git repository (or any of the parent directories): .git
2025-02-25 03:04:56.101 [info] [Model][doInitialScan] Initial repository scan completed - repositories (0), closed repositories (0), parent repositories (0), unsafe repositories (0)
2025-02-25 03:08:56.144 [info] > git rev-parse --show-toplevel [29ms]
2025-02-25 03:08:56.145 [info] fatal: not a git repository (or any of the parent directories): .git
2025-02-25 03:09:01.437 [info] > git rev-parse --show-toplevel [28ms]
2025-02-25 03:09:01.437 [info] fatal: not a git repository (or any of the parent directories): .git
2025-02-25 03:09:12.440 [info] > git rev-parse --show-toplevel [23ms]
2025-02-25 03:09:12.440 [info] fatal: not a git repository (or any of the parent directories): .git
2025-02-25 03:11:21.719 [info] > git rev-parse --show-toplevel [50ms]
2025-02-25 03:11:21.719 [info] fatal: not a git repository (or any of the parent directories): .git
2025-02-25 03:11:38.210 [info] > git rev-parse --show-toplevel [7ms]
2025-02-25 03:11:38.210 [info] fatal: not a git repository (or any of the parent directories): .git
2025-02-25 03:11:52.837 [info] > git rev-parse --show-toplevel [23ms]
2025-02-25 03:11:52.837 [info] fatal: not a git repository (or any of the parent directories): .git
2025-02-25 03:11:53.810 [info] > git rev-parse --show-toplevel [17ms]
2025-02-25 03:11:53.817 [info] fatal: not a git repository (or any of the parent directories): .git
2025-02-25 03:11:56.073 [info] > git rev-parse --show-toplevel [8ms]
2025-02-25 03:11:56.073 [info] fatal: not a git repository (or any of the parent directories): .git
2025-02-25 03:12:08.672 [info] > git rev-parse --show-toplevel [7ms]
2025-02-25 03:12:08.672 [info] fatal: not a git repository (or any of the parent directories): .git
2025-02-25 03:12:10.564 [info] > git rev-parse --show-toplevel [15ms]
2025-02-25 03:12:10.564 [info] fatal: not a git repository (or any of the parent directories): .git
2025-02-25 03:12:14.442 [info] > git rev-parse --show-toplevel [4ms]
2025-02-25 03:12:14.442 [info] fatal: not a git repository (or any of the parent directories): .git
2025-02-25 03:12:23.891 [info] > git rev-parse --show-toplevel [15ms]
2025-02-25 03:12:23.891 [info] fatal: not a git repository (or any of the parent directories): .git
2025-02-25 03:12:38.922 [info] > git rev-parse --show-toplevel [6ms]
2025-02-25 03:12:38.922 [info] fatal: not a git repository (or any of the parent directories): .git
2025-02-25 03:12:53.972 [info] > git rev-parse --show-toplevel [6ms]
2025-02-25 03:12:53.972 [info] fatal: not a git repository (or any of the parent directories): .git
2025-02-25 03:13:03.888 [info] > git rev-parse --show-toplevel [11ms]
2025-02-25 03:13:03.888 [info] fatal: not a git repository (or any of the parent directories): .git
2025-02-25 03:14:30.073 [info] > git rev-parse --show-toplevel [13ms]
2025-02-25 03:14:30.073 [info] fatal: not a git repository (or any of the parent directories): .git
2025-02-25 03:14:31.769 [info] > git rev-parse --show-toplevel [19ms]
2025-02-25 03:14:31.769 [info] fatal: not a git repository (or any of the parent directories): .git
