*
* Visual Studio Code Server
*
* By using the software, you agree to
* the Visual Studio Code Server License Terms (https://aka.ms/vscode-server-license) and
* the Microsoft Privacy Statement (https://privacy.microsoft.com/en-US/privacystatement).
*
Server bound to 127.0.0.1:35521 (IPv4)
Extension host agent listening on 35521

[21:07:14] 




[21:07:14] Extension host agent started.
[21:07:14] [127.0.0.1][9a8562b7][ManagementConnection] New connection established.
[21:07:14] [127.0.0.1][b08ec138][ExtensionHostConnection] New connection established.
[21:07:14] [127.0.0.1][b08ec138][ExtensionHostConnection] <548071> Launched Extension Host Process.
rejected promise not handled within 1 second: CodeExpectedError: Could not find pty on pty host
stack trace: CodeExpectedError: Could not find pty on pty host
    at D.U (/root/.vscode-server/bin/019f4d1419fbc8219a181fab7892ebccf7ee29a2/out/vs/platform/terminal/node/ptyHostMain.js:43:32578)
    at D.updateTitle (/root/.vscode-server/bin/019f4d1419fbc8219a181fab7892ebccf7ee29a2/out/vs/platform/terminal/node/ptyHostMain.js:43:27710)
    at T.<computed> (/root/.vscode-server/bin/019f4d1419fbc8219a181fab7892ebccf7ee29a2/out/vs/platform/terminal/node/ptyHostMain.js:43:22925)
    at Object.call (/root/.vscode-server/bin/019f4d1419fbc8219a181fab7892ebccf7ee29a2/out/vs/platform/terminal/node/ptyHostMain.js:34:5061)
    at u.s (/root/.vscode-server/bin/019f4d1419fbc8219a181fab7892ebccf7ee29a2/out/vs/platform/terminal/node/ptyHostMain.js:32:5165)
    at u.q (/root/.vscode-server/bin/019f4d1419fbc8219a181fab7892ebccf7ee29a2/out/vs/platform/terminal/node/ptyHostMain.js:32:4667)
    at l.value (/root/.vscode-server/bin/019f4d1419fbc8219a181fab7892ebccf7ee29a2/out/vs/platform/terminal/node/ptyHostMain.js:32:4065)
    at m.y (/root/.vscode-server/bin/019f4d1419fbc8219a181fab7892ebccf7ee29a2/out/vs/platform/terminal/node/ptyHostMain.js:27:1906)
    at m.fire (/root/.vscode-server/bin/019f4d1419fbc8219a181fab7892ebccf7ee29a2/out/vs/platform/terminal/node/ptyHostMain.js:27:2123)
    at process._ (/root/.vscode-server/bin/019f4d1419fbc8219a181fab7892ebccf7ee29a2/out/vs/platform/terminal/node/ptyHostMain.js:25:10025)
    at process.emit (node:events:514:28)
    at emit (node:internal/child_process:937:14)
    at process.processTicksAndRejections (node:internal/process/task_queues:83:21)
[21:07:19] Error [CodeExpectedError]: Could not find pty on pty host
    at D.U (/root/.vscode-server/bin/019f4d1419fbc8219a181fab7892ebccf7ee29a2/out/vs/platform/terminal/node/ptyHostMain.js:43:32578)
    at D.updateTitle (/root/.vscode-server/bin/019f4d1419fbc8219a181fab7892ebccf7ee29a2/out/vs/platform/terminal/node/ptyHostMain.js:43:27710)
    at T.<computed> (/root/.vscode-server/bin/019f4d1419fbc8219a181fab7892ebccf7ee29a2/out/vs/platform/terminal/node/ptyHostMain.js:43:22925)
    at Object.call (/root/.vscode-server/bin/019f4d1419fbc8219a181fab7892ebccf7ee29a2/out/vs/platform/terminal/node/ptyHostMain.js:34:5061)
    at u.s (/root/.vscode-server/bin/019f4d1419fbc8219a181fab7892ebccf7ee29a2/out/vs/platform/terminal/node/ptyHostMain.js:32:5165)
    at u.q (/root/.vscode-server/bin/019f4d1419fbc8219a181fab7892ebccf7ee29a2/out/vs/platform/terminal/node/ptyHostMain.js:32:4667)
    at l.value (/root/.vscode-server/bin/019f4d1419fbc8219a181fab7892ebccf7ee29a2/out/vs/platform/terminal/node/ptyHostMain.js:32:4065)
    at m.y (/root/.vscode-server/bin/019f4d1419fbc8219a181fab7892ebccf7ee29a2/out/vs/platform/terminal/node/ptyHostMain.js:27:1906)
    at m.fire (/root/.vscode-server/bin/019f4d1419fbc8219a181fab7892ebccf7ee29a2/out/vs/platform/terminal/node/ptyHostMain.js:27:2123)
    at process._ (/root/.vscode-server/bin/019f4d1419fbc8219a181fab7892ebccf7ee29a2/out/vs/platform/terminal/node/ptyHostMain.js:25:10025)
    at process.emit (node:events:514:28)
    at emit (node:internal/child_process:937:14)
    at process.processTicksAndRejections (node:internal/process/task_queues:83:21)
rejected promise not handled within 1 second: CodeExpectedError: Could not find pty on pty host
stack trace: CodeExpectedError: Could not find pty on pty host
    at D.U (/root/.vscode-server/bin/019f4d1419fbc8219a181fab7892ebccf7ee29a2/out/vs/platform/terminal/node/ptyHostMain.js:43:32578)
    at D.updateIcon (/root/.vscode-server/bin/019f4d1419fbc8219a181fab7892ebccf7ee29a2/out/vs/platform/terminal/node/ptyHostMain.js:43:27763)
    at T.<computed> (/root/.vscode-server/bin/019f4d1419fbc8219a181fab7892ebccf7ee29a2/out/vs/platform/terminal/node/ptyHostMain.js:43:22925)
    at Object.call (/root/.vscode-server/bin/019f4d1419fbc8219a181fab7892ebccf7ee29a2/out/vs/platform/terminal/node/ptyHostMain.js:34:5061)
    at u.s (/root/.vscode-server/bin/019f4d1419fbc8219a181fab7892ebccf7ee29a2/out/vs/platform/terminal/node/ptyHostMain.js:32:5165)
    at u.q (/root/.vscode-server/bin/019f4d1419fbc8219a181fab7892ebccf7ee29a2/out/vs/platform/terminal/node/ptyHostMain.js:32:4667)
    at l.value (/root/.vscode-server/bin/019f4d1419fbc8219a181fab7892ebccf7ee29a2/out/vs/platform/terminal/node/ptyHostMain.js:32:4065)
    at m.y (/root/.vscode-server/bin/019f4d1419fbc8219a181fab7892ebccf7ee29a2/out/vs/platform/terminal/node/ptyHostMain.js:27:1906)
    at m.fire (/root/.vscode-server/bin/019f4d1419fbc8219a181fab7892ebccf7ee29a2/out/vs/platform/terminal/node/ptyHostMain.js:27:2123)
    at process._ (/root/.vscode-server/bin/019f4d1419fbc8219a181fab7892ebccf7ee29a2/out/vs/platform/terminal/node/ptyHostMain.js:25:10025)
    at process.emit (node:events:514:28)
    at emit (node:internal/child_process:937:14)
    at process.processTicksAndRejections (node:internal/process/task_queues:83:21)
[21:07:19] Error [CodeExpectedError]: Could not find pty on pty host
    at D.U (/root/.vscode-server/bin/019f4d1419fbc8219a181fab7892ebccf7ee29a2/out/vs/platform/terminal/node/ptyHostMain.js:43:32578)
    at D.updateIcon (/root/.vscode-server/bin/019f4d1419fbc8219a181fab7892ebccf7ee29a2/out/vs/platform/terminal/node/ptyHostMain.js:43:27763)
    at T.<computed> (/root/.vscode-server/bin/019f4d1419fbc8219a181fab7892ebccf7ee29a2/out/vs/platform/terminal/node/ptyHostMain.js:43:22925)
    at Object.call (/root/.vscode-server/bin/019f4d1419fbc8219a181fab7892ebccf7ee29a2/out/vs/platform/terminal/node/ptyHostMain.js:34:5061)
    at u.s (/root/.vscode-server/bin/019f4d1419fbc8219a181fab7892ebccf7ee29a2/out/vs/platform/terminal/node/ptyHostMain.js:32:5165)
    at u.q (/root/.vscode-server/bin/019f4d1419fbc8219a181fab7892ebccf7ee29a2/out/vs/platform/terminal/node/ptyHostMain.js:32:4667)
    at l.value (/root/.vscode-server/bin/019f4d1419fbc8219a181fab7892ebccf7ee29a2/out/vs/platform/terminal/node/ptyHostMain.js:32:4065)
    at m.y (/root/.vscode-server/bin/019f4d1419fbc8219a181fab7892ebccf7ee29a2/out/vs/platform/terminal/node/ptyHostMain.js:27:1906)
    at m.fire (/root/.vscode-server/bin/019f4d1419fbc8219a181fab7892ebccf7ee29a2/out/vs/platform/terminal/node/ptyHostMain.js:27:2123)
    at process._ (/root/.vscode-server/bin/019f4d1419fbc8219a181fab7892ebccf7ee29a2/out/vs/platform/terminal/node/ptyHostMain.js:25:10025)
    at process.emit (node:events:514:28)
    at emit (node:internal/child_process:937:14)
    at process.processTicksAndRejections (node:internal/process/task_queues:83:21)
New EH opened, aborting shutdown
[21:12:14] New EH opened, aborting shutdown
[21:13:31] [127.0.0.1][9a8562b7][ManagementConnection] The client has disconnected gracefully, so the connection will be disposed.
[21:13:31] [127.0.0.1][b08ec138][ExtensionHostConnection] <548071> Extension Host Process exited with code: 0, signal: null.
Last EH closed, waiting before shutting down
[21:13:31] Last EH closed, waiting before shutting down
Last EH closed, shutting down
[21:18:31] Last EH closed, shutting down
