*
* Visual Studio Code Server
*
* By using the software, you agree to
* the Visual Studio Code Server License Terms (https://aka.ms/vscode-server-license) and
* the Microsoft Privacy Statement (https://privacy.microsoft.com/en-US/privacystatement).
*
Server bound to 127.0.0.1:38483 (IPv4)
Extension host agent listening on 38483

[19:29:58] 




[19:29:58] Extension host agent started.
[19:29:58] [127.0.0.1][52eedb69][ManagementConnection] Unknown reconnection token (never seen).
[19:29:58] [127.0.0.1][b12e768e][ExtensionHostConnection] Unknown reconnection token (never seen).
Got delay-shutdown request while in shutdown timeout, delaying
[19:30:03] Got delay-shutdown request while in shutdown timeout, delaying
Cancelling previous shutdown timeout
[19:30:03] Cancelling previous shutdown timeout
[19:30:04] [127.0.0.1][7e5340e3][ManagementConnection] New connection established.
[19:30:04] [127.0.0.1][75788120][ExtensionHostConnection] New connection established.
[19:30:04] [127.0.0.1][75788120][ExtensionHostConnection] <102624> Launched Extension Host Process.
rejected promise not handled within 1 second: CodeExpectedError: Could not find pty on pty host
stack trace: CodeExpectedError: Could not find pty on pty host
    at A.U (/root/.vscode-server/bin/31c37ee8f63491495ac49e43b8544550fbae4533/out/vs/platform/terminal/node/ptyHostMain.js:43:32407)
    at A.updateTitle (/root/.vscode-server/bin/31c37ee8f63491495ac49e43b8544550fbae4533/out/vs/platform/terminal/node/ptyHostMain.js:43:27539)
    at U.<computed> (/root/.vscode-server/bin/31c37ee8f63491495ac49e43b8544550fbae4533/out/vs/platform/terminal/node/ptyHostMain.js:43:22765)
    at Object.call (/root/.vscode-server/bin/31c37ee8f63491495ac49e43b8544550fbae4533/out/vs/platform/terminal/node/ptyHostMain.js:34:5041)
    at $.s (/root/.vscode-server/bin/31c37ee8f63491495ac49e43b8544550fbae4533/out/vs/platform/terminal/node/ptyHostMain.js:32:5153)
    at $.q (/root/.vscode-server/bin/31c37ee8f63491495ac49e43b8544550fbae4533/out/vs/platform/terminal/node/ptyHostMain.js:32:4662)
    at a.value (/root/.vscode-server/bin/31c37ee8f63491495ac49e43b8544550fbae4533/out/vs/platform/terminal/node/ptyHostMain.js:32:4064)
    at d.y (/root/.vscode-server/bin/31c37ee8f63491495ac49e43b8544550fbae4533/out/vs/platform/terminal/node/ptyHostMain.js:27:1906)
    at d.fire (/root/.vscode-server/bin/31c37ee8f63491495ac49e43b8544550fbae4533/out/vs/platform/terminal/node/ptyHostMain.js:27:2123)
    at process.ne (/root/.vscode-server/bin/31c37ee8f63491495ac49e43b8544550fbae4533/out/vs/platform/terminal/node/ptyHostMain.js:25:10072)
    at process.emit (node:events:514:28)
    at emit (node:internal/child_process:937:14)
    at process.processTicksAndRejections (node:internal/process/task_queues:83:21)
[19:30:09] Error [CodeExpectedError]: Could not find pty on pty host
    at A.U (/root/.vscode-server/bin/31c37ee8f63491495ac49e43b8544550fbae4533/out/vs/platform/terminal/node/ptyHostMain.js:43:32407)
    at A.updateTitle (/root/.vscode-server/bin/31c37ee8f63491495ac49e43b8544550fbae4533/out/vs/platform/terminal/node/ptyHostMain.js:43:27539)
    at U.<computed> (/root/.vscode-server/bin/31c37ee8f63491495ac49e43b8544550fbae4533/out/vs/platform/terminal/node/ptyHostMain.js:43:22765)
    at Object.call (/root/.vscode-server/bin/31c37ee8f63491495ac49e43b8544550fbae4533/out/vs/platform/terminal/node/ptyHostMain.js:34:5041)
    at $.s (/root/.vscode-server/bin/31c37ee8f63491495ac49e43b8544550fbae4533/out/vs/platform/terminal/node/ptyHostMain.js:32:5153)
    at $.q (/root/.vscode-server/bin/31c37ee8f63491495ac49e43b8544550fbae4533/out/vs/platform/terminal/node/ptyHostMain.js:32:4662)
    at a.value (/root/.vscode-server/bin/31c37ee8f63491495ac49e43b8544550fbae4533/out/vs/platform/terminal/node/ptyHostMain.js:32:4064)
    at d.y (/root/.vscode-server/bin/31c37ee8f63491495ac49e43b8544550fbae4533/out/vs/platform/terminal/node/ptyHostMain.js:27:1906)
    at d.fire (/root/.vscode-server/bin/31c37ee8f63491495ac49e43b8544550fbae4533/out/vs/platform/terminal/node/ptyHostMain.js:27:2123)
    at process.ne (/root/.vscode-server/bin/31c37ee8f63491495ac49e43b8544550fbae4533/out/vs/platform/terminal/node/ptyHostMain.js:25:10072)
    at process.emit (node:events:514:28)
    at emit (node:internal/child_process:937:14)
    at process.processTicksAndRejections (node:internal/process/task_queues:83:21)
New EH opened, aborting shutdown
[19:35:03] New EH opened, aborting shutdown
Terminated
