*
* Visual Studio Code Server
*
* By using the software, you agree to
* the Visual Studio Code Server License Terms (https://aka.ms/vscode-server-license) and
* the Microsoft Privacy Statement (https://privacy.microsoft.com/en-US/privacystatement).
*
Server bound to 127.0.0.1:46643 (IPv4)
Extension host agent listening on 46643

[06:16:48] 




[06:16:49] Extension host agent started.
[06:16:49] [127.0.0.1][729b3f51][ManagementConnection] New connection established.
[06:16:49] [127.0.0.1][e064a4c0][ExtensionHostConnection] New connection established.
[06:16:49] [127.0.0.1][e064a4c0][ExtensionHostConnection] <1114317> Launched Extension Host Process.
rejected promise not handled within 1 second: CodeExpectedError: Could not find pty on pty host
stack trace: CodeExpectedError: Could not find pty on pty host
    at D.U (/root/.vscode-server/bin/863d2581ecda6849923a2118d93a088b0745d9d6/out/vs/platform/terminal/node/ptyHostMain.js:43:32578)
    at D.updateTitle (/root/.vscode-server/bin/863d2581ecda6849923a2118d93a088b0745d9d6/out/vs/platform/terminal/node/ptyHostMain.js:43:27710)
    at T.<computed> (/root/.vscode-server/bin/863d2581ecda6849923a2118d93a088b0745d9d6/out/vs/platform/terminal/node/ptyHostMain.js:43:22925)
    at Object.call (/root/.vscode-server/bin/863d2581ecda6849923a2118d93a088b0745d9d6/out/vs/platform/terminal/node/ptyHostMain.js:34:5061)
    at u.s (/root/.vscode-server/bin/863d2581ecda6849923a2118d93a088b0745d9d6/out/vs/platform/terminal/node/ptyHostMain.js:32:5165)
    at u.q (/root/.vscode-server/bin/863d2581ecda6849923a2118d93a088b0745d9d6/out/vs/platform/terminal/node/ptyHostMain.js:32:4667)
    at l.value (/root/.vscode-server/bin/863d2581ecda6849923a2118d93a088b0745d9d6/out/vs/platform/terminal/node/ptyHostMain.js:32:4065)
    at m.y (/root/.vscode-server/bin/863d2581ecda6849923a2118d93a088b0745d9d6/out/vs/platform/terminal/node/ptyHostMain.js:27:1906)
    at m.fire (/root/.vscode-server/bin/863d2581ecda6849923a2118d93a088b0745d9d6/out/vs/platform/terminal/node/ptyHostMain.js:27:2123)
    at process._ (/root/.vscode-server/bin/863d2581ecda6849923a2118d93a088b0745d9d6/out/vs/platform/terminal/node/ptyHostMain.js:25:10025)
    at process.emit (node:events:514:28)
    at emit (node:internal/child_process:937:14)
    at process.processTicksAndRejections (node:internal/process/task_queues:83:21)
[06:16:52] Error [CodeExpectedError]: Could not find pty on pty host
    at D.U (/root/.vscode-server/bin/863d2581ecda6849923a2118d93a088b0745d9d6/out/vs/platform/terminal/node/ptyHostMain.js:43:32578)
    at D.updateTitle (/root/.vscode-server/bin/863d2581ecda6849923a2118d93a088b0745d9d6/out/vs/platform/terminal/node/ptyHostMain.js:43:27710)
    at T.<computed> (/root/.vscode-server/bin/863d2581ecda6849923a2118d93a088b0745d9d6/out/vs/platform/terminal/node/ptyHostMain.js:43:22925)
    at Object.call (/root/.vscode-server/bin/863d2581ecda6849923a2118d93a088b0745d9d6/out/vs/platform/terminal/node/ptyHostMain.js:34:5061)
    at u.s (/root/.vscode-server/bin/863d2581ecda6849923a2118d93a088b0745d9d6/out/vs/platform/terminal/node/ptyHostMain.js:32:5165)
    at u.q (/root/.vscode-server/bin/863d2581ecda6849923a2118d93a088b0745d9d6/out/vs/platform/terminal/node/ptyHostMain.js:32:4667)
    at l.value (/root/.vscode-server/bin/863d2581ecda6849923a2118d93a088b0745d9d6/out/vs/platform/terminal/node/ptyHostMain.js:32:4065)
    at m.y (/root/.vscode-server/bin/863d2581ecda6849923a2118d93a088b0745d9d6/out/vs/platform/terminal/node/ptyHostMain.js:27:1906)
    at m.fire (/root/.vscode-server/bin/863d2581ecda6849923a2118d93a088b0745d9d6/out/vs/platform/terminal/node/ptyHostMain.js:27:2123)
    at process._ (/root/.vscode-server/bin/863d2581ecda6849923a2118d93a088b0745d9d6/out/vs/platform/terminal/node/ptyHostMain.js:25:10025)
    at process.emit (node:events:514:28)
    at emit (node:internal/child_process:937:14)
    at process.processTicksAndRejections (node:internal/process/task_queues:83:21)
New EH opened, aborting shutdown
[06:21:49] New EH opened, aborting shutdown
[07:21:56] No ptyHost heartbeat after 6 seconds
[09:56:03] [127.0.0.1][e064a4c0][ExtensionHostConnection] <1114317> Extension Host Process exited with code: 0, signal: null.
Last EH closed, waiting before shutting down
[09:56:03] Last EH closed, waiting before shutting down
Last EH closed, shutting down
[10:01:03] Last EH closed, shutting down
