2025-02-26 18:53:35.681 [info] Extension host with pid 133874 started
2025-02-26 18:53:35.683 [error] Error: EEXIST: file already exists, open '/root/.vscode-server/data/User/workspaceStorage/234f782b3d05d84fc5ed43b28cb66454/vscode.lock'
2025-02-26 18:53:35.717 [info] Lock '/root/.vscode-server/data/User/workspaceStorage/234f782b3d05d84fc5ed43b28cb66454/vscode.lock': Could not acquire lock, checking if the file is stale.
2025-02-26 18:53:35.755 [info] ExtensionService#_doActivateExtension vscode.git-base, startup: false, activationEvent: '*', root cause: vscode.git
2025-02-26 18:53:35.758 [info] ExtensionService#_doActivateExtension vscode.emmet, startup: false, activationEvent: 'onLanguage'
2025-02-26 18:53:35.763 [info] ExtensionService#_doActivateExtension vscode.html-language-features, startup: false, activationEvent: 'onLanguage:html'
2025-02-26 18:53:36.449 [info] Lock '/root/.vscode-server/data/User/workspaceStorage/234f782b3d05d84fc5ed43b28cb66454/vscode.lock': The lock does not look stale, elapsed: 846 ms, giving up.
2025-02-26 18:53:36.561 [info] Lock '/root/.vscode-server/data/User/workspaceStorage/234f782b3d05d84fc5ed43b28cb66454-1/vscode.lock': Lock acquired.
2025-02-26 18:53:36.936 [info] ExtensionService#_doActivateExtension vscode.git, startup: false, activationEvent: '*'
2025-02-26 18:53:36.940 [info] ExtensionService#_doActivateExtension vscode.github, startup: false, activationEvent: '*'
2025-02-26 18:53:37.430 [info] ExtensionService#_doActivateExtension vscode.npm, startup: true, activationEvent: 'workspaceContains:package.json'
2025-02-26 18:53:38.421 [info] Eager extensions activated
2025-02-26 18:53:38.428 [info] ExtensionService#_doActivateExtension vscode.debug-auto-launch, startup: false, activationEvent: 'onStartupFinished'
2025-02-26 18:53:38.430 [info] ExtensionService#_doActivateExtension vscode.merge-conflict, startup: false, activationEvent: 'onStartupFinished'
2025-02-26 18:53:44.402 [info] ExtensionService#_doActivateExtension vscode.configuration-editing, startup: false, activationEvent: 'onLanguage:json'
2025-02-26 18:53:44.403 [info] ExtensionService#_doActivateExtension vscode.extension-editing, startup: false, activationEvent: 'onLanguage:json'
2025-02-26 18:53:44.408 [info] ExtensionService#_doActivateExtension vscode.json-language-features, startup: false, activationEvent: 'onLanguage:json'
2025-02-26 18:54:07.548 [info] Extension host terminating: received terminate message from renderer
2025-02-26 18:54:07.565 [info] Lock '/root/.vscode-server/data/User/workspaceStorage/234f782b3d05d84fc5ed43b28cb66454-1/vscode.lock': Marking the lockfile as scheduled to be released in 6000 ms.
2025-02-26 18:54:07.808 [info] Extension host with pid 133874 exiting with code 0
