2025-03-05 00:05:27.616 [info] [main] Log level: Info
2025-03-05 00:05:27.616 [info] [main] Validating found git in: "git"
2025-03-05 00:05:27.616 [info] [main] Using git "2.40.1" from "git"
2025-03-05 00:05:27.616 [info] [Model][doInitialScan] Initial repository scan started
2025-03-05 00:05:27.616 [info] > git rev-parse --show-toplevel [265ms]
2025-03-05 00:05:27.616 [info] fatal: not a git repository (or any of the parent directories): .git
2025-03-05 00:05:27.616 [info] > git rev-parse --show-toplevel [203ms]
2025-03-05 00:05:27.616 [info] fatal: not a git repository (or any of the parent directories): .git
2025-03-05 00:05:27.616 [info] > git rev-parse --show-toplevel [810ms]
2025-03-05 00:05:27.616 [info] fatal: not a git repository (or any of the parent directories): .git
2025-03-05 00:05:27.951 [info] > git rev-parse --show-toplevel [71ms]
2025-03-05 00:05:27.951 [info] fatal: not a git repository (or any of the parent directories): .git
2025-03-05 00:05:28.004 [info] > git rev-parse --show-toplevel [23ms]
2025-03-05 00:05:28.004 [info] fatal: not a git repository (or any of the parent directories): .git
2025-03-05 00:05:28.080 [info] > git rev-parse --show-toplevel [31ms]
2025-03-05 00:05:28.080 [info] fatal: not a git repository (or any of the parent directories): .git
2025-03-05 00:05:28.141 [info] > git rev-parse --show-toplevel [26ms]
2025-03-05 00:05:28.141 [info] fatal: not a git repository (or any of the parent directories): .git
2025-03-05 00:05:28.208 [info] > git rev-parse --show-toplevel [20ms]
2025-03-05 00:05:28.208 [info] fatal: not a git repository (or any of the parent directories): .git
2025-03-05 00:05:28.256 [info] > git rev-parse --show-toplevel [27ms]
2025-03-05 00:05:28.256 [info] fatal: not a git repository (or any of the parent directories): .git
2025-03-05 00:05:28.318 [info] > git rev-parse --show-toplevel [24ms]
2025-03-05 00:05:28.318 [info] fatal: not a git repository (or any of the parent directories): .git
2025-03-05 00:05:28.400 [info] > git rev-parse --show-toplevel [19ms]
2025-03-05 00:05:28.400 [info] fatal: not a git repository (or any of the parent directories): .git
2025-03-05 00:05:28.480 [info] > git rev-parse --show-toplevel [34ms]
2025-03-05 00:05:28.480 [info] fatal: not a git repository (or any of the parent directories): .git
2025-03-05 00:05:28.568 [info] > git rev-parse --show-toplevel [54ms]
2025-03-05 00:05:28.568 [info] fatal: not a git repository (or any of the parent directories): .git
2025-03-05 00:05:28.616 [info] > git rev-parse --show-toplevel [17ms]
2025-03-05 00:05:28.616 [info] fatal: not a git repository (or any of the parent directories): .git
2025-03-05 00:05:28.680 [info] > git rev-parse --show-toplevel [23ms]
2025-03-05 00:05:28.680 [info] fatal: not a git repository (or any of the parent directories): .git
2025-03-05 00:05:28.697 [info] [Model][doInitialScan] Initial repository scan completed - repositories (0), closed repositories (0), parent repositories (0), unsafe repositories (0)
